[0.253s] Invoking command in '/home/bchan400/ros2_ws/build/kiss_icp': CMAKE_PREFIX_PATH=/opt/ros/humble /usr/bin/cmake --build /home/bchan400/ros2_ws/build/kiss_icp -- -j8 -l8
[0.326s] [ 13%] Built target kiss_icp_node
[0.326s] [ 26%] Built target kiss_icp_metrics
[0.328s] [ 73%] Built target kiss_icp_core
[0.360s] [ 86%] Built target kiss_icp_pipeline
[0.397s] [100%] Built target odometry_component
[0.412s] Invoked command in '/home/bchan400/ros2_ws/build/kiss_icp' returned '0': CMAKE_PREFIX_PATH=/opt/ros/humble /usr/bin/cmake --build /home/bchan400/ros2_ws/build/kiss_icp -- -j8 -l8
[0.442s] Invoking command in '/home/bchan400/ros2_ws/build/kiss_icp': CMAKE_PREFIX_PATH=/opt/ros/humble /usr/bin/cmake --install /home/bchan400/ros2_ws/build/kiss_icp
[0.453s] -- Install configuration: "Release"
[0.454s] -- Execute custom install script
[0.455s] -- Up-to-date symlink: /home/bchan400/ros2_ws/install/kiss_icp/lib/kiss_icp/kiss_icp_node
[0.456s] -- Up-to-date symlink: /home/bchan400/ros2_ws/install/kiss_icp/lib/libodometry_component.so
[0.456s] -- Up-to-date symlink: /home/bchan400/ros2_ws/install/kiss_icp/share/kiss_icp//launch/odometry.launch.py
[0.456s] -- Up-to-date symlink: /home/bchan400/ros2_ws/install/kiss_icp/share/kiss_icp//rviz/kiss_icp.rviz
[0.456s] -- Up-to-date symlink: /home/bchan400/ros2_ws/install/kiss_icp/share/ament_index/resource_index/package_run_dependencies/kiss_icp
[0.456s] -- Up-to-date symlink: /home/bchan400/ros2_ws/install/kiss_icp/share/ament_index/resource_index/parent_prefix_path/kiss_icp
[0.456s] -- Up-to-date symlink: /home/bchan400/ros2_ws/install/kiss_icp/share/kiss_icp/environment/ament_prefix_path.sh
[0.457s] -- Up-to-date symlink: /home/bchan400/ros2_ws/install/kiss_icp/share/kiss_icp/environment/ament_prefix_path.dsv
[0.458s] -- Up-to-date symlink: /home/bchan400/ros2_ws/install/kiss_icp/share/kiss_icp/environment/path.sh
[0.458s] -- Up-to-date symlink: /home/bchan400/ros2_ws/install/kiss_icp/share/kiss_icp/environment/path.dsv
[0.458s] -- Up-to-date symlink: /home/bchan400/ros2_ws/install/kiss_icp/share/kiss_icp/local_setup.bash
[0.458s] -- Up-to-date symlink: /home/bchan400/ros2_ws/install/kiss_icp/share/kiss_icp/local_setup.sh
[0.458s] -- Up-to-date symlink: /home/bchan400/ros2_ws/install/kiss_icp/share/kiss_icp/local_setup.zsh
[0.458s] -- Up-to-date symlink: /home/bchan400/ros2_ws/install/kiss_icp/share/kiss_icp/local_setup.dsv
[0.458s] -- Symlinking: /home/bchan400/ros2_ws/install/kiss_icp/share/kiss_icp/package.dsv
[0.468s] -- Up-to-date symlink: /home/bchan400/ros2_ws/install/kiss_icp/share/ament_index/resource_index/packages/kiss_icp
[0.468s] -- Up-to-date symlink: /home/bchan400/ros2_ws/install/kiss_icp/share/ament_index/resource_index/rclcpp_components/kiss_icp
[0.468s] -- Up-to-date symlink: /home/bchan400/ros2_ws/install/kiss_icp/share/kiss_icp/cmake/kiss_icpConfig.cmake
[0.468s] -- Up-to-date symlink: /home/bchan400/ros2_ws/install/kiss_icp/share/kiss_icp/cmake/kiss_icpConfig-version.cmake
[0.468s] -- Up-to-date symlink: /home/bchan400/ros2_ws/install/kiss_icp/share/kiss_icp/package.xml
[0.471s] Invoked command in '/home/bchan400/ros2_ws/build/kiss_icp' returned '0': CMAKE_PREFIX_PATH=/opt/ros/humble /usr/bin/cmake --install /home/bchan400/ros2_ws/build/kiss_icp
