[0.024s] Invoking command in '/home/bchan400/ros2_ws/build/velodyne_msgs': CMAKE_PREFIX_PATH=${CMAKE_PREFIX_PATH}:/home/bchan400/ros2_ws/install/boat_ctrl:/opt/ros/humble /usr/bin/cmake --build /home/bchan400/ros2_ws/build/velodyne_msgs -- -j8 -l8
[0.254s] [  2%] Built target velodyne_msgs__cpp
[0.255s] [  2%] Built target ament_cmake_python_symlink_velodyne_msgs
[0.256s] [ 12%] Built target velodyne_msgs__rosidl_generator_c
[0.256s] [ 23%] Built target velodyne_msgs__rosidl_typesupport_introspection_cpp
[0.256s] [ 53%] Built target velodyne_msgs__rosidl_typesupport_c
[0.256s] [ 53%] Built target velodyne_msgs__rosidl_typesupport_fastrtps_cpp
[0.256s] [ 53%] Built target velodyne_msgs__rosidl_typesupport_fastrtps_c
[0.256s] [ 74%] Built target velodyne_msgs__rosidl_typesupport_introspection_c
[0.256s] [ 74%] Built target velodyne_msgs__rosidl_typesupport_cpp
[0.256s] [ 74%] Built target velodyne_msgs
[0.256s] [ 76%] Built target velodyne_msgs__py
[0.256s] [ 84%] Built target velodyne_msgs__rosidl_generator_py
[0.256s] [ 94%] Built target velodyne_msgs__rosidl_typesupport_introspection_c__pyext
[0.257s] [ 94%] Built target velodyne_msgs__rosidl_typesupport_c__pyext
[0.257s] [100%] Built target velodyne_msgs__rosidl_typesupport_fastrtps_c__pyext
[0.364s] running egg_info
[0.367s] writing velodyne_msgs.egg-info/PKG-INFO
[0.367s] writing dependency_links to velodyne_msgs.egg-info/dependency_links.txt
[0.367s] writing top-level names to velodyne_msgs.egg-info/top_level.txt
[0.370s] reading manifest file 'velodyne_msgs.egg-info/SOURCES.txt'
[0.371s] writing manifest file 'velodyne_msgs.egg-info/SOURCES.txt'
[0.422s] [100%] Built target ament_cmake_python_build_velodyne_msgs_egg
[0.435s] Invoked command in '/home/bchan400/ros2_ws/build/velodyne_msgs' returned '0': CMAKE_PREFIX_PATH=${CMAKE_PREFIX_PATH}:/home/bchan400/ros2_ws/install/boat_ctrl:/opt/ros/humble /usr/bin/cmake --build /home/bchan400/ros2_ws/build/velodyne_msgs -- -j8 -l8
[0.501s] Invoking command in '/home/bchan400/ros2_ws/build/velodyne_msgs': CMAKE_PREFIX_PATH=${CMAKE_PREFIX_PATH}:/home/bchan400/ros2_ws/install/boat_ctrl:/opt/ros/humble /usr/bin/cmake --install /home/bchan400/ros2_ws/build/velodyne_msgs
[0.508s] -- Install configuration: ""
[0.509s] -- Execute custom install script
[0.509s] -- Up-to-date symlink: /home/bchan400/ros2_ws/install/velodyne_msgs/share/ament_index/resource_index/rosidl_interfaces/velodyne_msgs
[0.510s] -- Up-to-date symlink: /home/bchan400/ros2_ws/install/velodyne_msgs/include/velodyne_msgs/velodyne_msgs/msg/detail/velodyne_packet__functions.h
[0.510s] -- Up-to-date symlink: /home/bchan400/ros2_ws/install/velodyne_msgs/include/velodyne_msgs/velodyne_msgs/msg/detail/velodyne_packet__struct.h
[0.511s] -- Up-to-date symlink: /home/bchan400/ros2_ws/install/velodyne_msgs/include/velodyne_msgs/velodyne_msgs/msg/detail/velodyne_packet__type_support.h
[0.511s] -- Up-to-date symlink: /home/bchan400/ros2_ws/install/velodyne_msgs/include/velodyne_msgs/velodyne_msgs/msg/detail/velodyne_scan__functions.h
[0.511s] -- Up-to-date symlink: /home/bchan400/ros2_ws/install/velodyne_msgs/include/velodyne_msgs/velodyne_msgs/msg/detail/velodyne_scan__struct.h
[0.511s] -- Up-to-date symlink: /home/bchan400/ros2_ws/install/velodyne_msgs/include/velodyne_msgs/velodyne_msgs/msg/detail/velodyne_scan__type_support.h
[0.512s] -- Up-to-date symlink: /home/bchan400/ros2_ws/install/velodyne_msgs/include/velodyne_msgs/velodyne_msgs/msg/rosidl_generator_c__visibility_control.h
[0.512s] -- Up-to-date symlink: /home/bchan400/ros2_ws/install/velodyne_msgs/include/velodyne_msgs/velodyne_msgs/msg/velodyne_packet.h
[0.512s] -- Up-to-date symlink: /home/bchan400/ros2_ws/install/velodyne_msgs/include/velodyne_msgs/velodyne_msgs/msg/velodyne_scan.h
[0.512s] -- Up-to-date symlink: /home/bchan400/ros2_ws/install/velodyne_msgs/share/velodyne_msgs/environment/library_path.sh
[0.513s] -- Up-to-date symlink: /home/bchan400/ros2_ws/install/velodyne_msgs/share/velodyne_msgs/environment/library_path.dsv
[0.513s] -- Up-to-date symlink: /home/bchan400/ros2_ws/install/velodyne_msgs/include/velodyne_msgs/velodyne_msgs/msg/detail/velodyne_packet__rosidl_typesupport_fastrtps_c.h
[0.513s] -- Up-to-date symlink: /home/bchan400/ros2_ws/install/velodyne_msgs/include/velodyne_msgs/velodyne_msgs/msg/detail/velodyne_scan__rosidl_typesupport_fastrtps_c.h
[0.513s] -- Up-to-date symlink: /home/bchan400/ros2_ws/install/velodyne_msgs/include/velodyne_msgs/velodyne_msgs/msg/rosidl_typesupport_fastrtps_c__visibility_control.h
[0.514s] -- Up-to-date symlink: /home/bchan400/ros2_ws/install/velodyne_msgs/include/velodyne_msgs/velodyne_msgs/msg/detail/velodyne_packet__builder.hpp
[0.514s] -- Up-to-date symlink: /home/bchan400/ros2_ws/install/velodyne_msgs/include/velodyne_msgs/velodyne_msgs/msg/detail/velodyne_packet__struct.hpp
[0.514s] -- Up-to-date symlink: /home/bchan400/ros2_ws/install/velodyne_msgs/include/velodyne_msgs/velodyne_msgs/msg/detail/velodyne_packet__traits.hpp
[0.515s] -- Up-to-date symlink: /home/bchan400/ros2_ws/install/velodyne_msgs/include/velodyne_msgs/velodyne_msgs/msg/detail/velodyne_scan__builder.hpp
[0.515s] -- Up-to-date symlink: /home/bchan400/ros2_ws/install/velodyne_msgs/include/velodyne_msgs/velodyne_msgs/msg/detail/velodyne_scan__struct.hpp
[0.515s] -- Up-to-date symlink: /home/bchan400/ros2_ws/install/velodyne_msgs/include/velodyne_msgs/velodyne_msgs/msg/detail/velodyne_scan__traits.hpp
[0.515s] -- Up-to-date symlink: /home/bchan400/ros2_ws/install/velodyne_msgs/include/velodyne_msgs/velodyne_msgs/msg/velodyne_packet.hpp
[0.515s] -- Up-to-date symlink: /home/bchan400/ros2_ws/install/velodyne_msgs/include/velodyne_msgs/velodyne_msgs/msg/velodyne_scan.hpp
[0.515s] -- Up-to-date symlink: /home/bchan400/ros2_ws/install/velodyne_msgs/include/velodyne_msgs/velodyne_msgs/msg/detail/velodyne_packet__rosidl_typesupport_fastrtps_cpp.hpp
[0.515s] -- Up-to-date symlink: /home/bchan400/ros2_ws/install/velodyne_msgs/include/velodyne_msgs/velodyne_msgs/msg/detail/velodyne_scan__rosidl_typesupport_fastrtps_cpp.hpp
[0.515s] -- Up-to-date symlink: /home/bchan400/ros2_ws/install/velodyne_msgs/include/velodyne_msgs/velodyne_msgs/msg/rosidl_typesupport_fastrtps_cpp__visibility_control.h
[0.516s] -- Up-to-date symlink: /home/bchan400/ros2_ws/install/velodyne_msgs/include/velodyne_msgs/velodyne_msgs/msg/detail/velodyne_packet__rosidl_typesupport_introspection_c.h
[0.516s] -- Up-to-date symlink: /home/bchan400/ros2_ws/install/velodyne_msgs/include/velodyne_msgs/velodyne_msgs/msg/detail/velodyne_scan__rosidl_typesupport_introspection_c.h
[0.516s] -- Up-to-date symlink: /home/bchan400/ros2_ws/install/velodyne_msgs/include/velodyne_msgs/velodyne_msgs/msg/rosidl_typesupport_introspection_c__visibility_control.h
[0.517s] -- Up-to-date symlink: /home/bchan400/ros2_ws/install/velodyne_msgs/include/velodyne_msgs/velodyne_msgs/msg/detail/velodyne_packet__rosidl_typesupport_introspection_cpp.hpp
[0.517s] -- Up-to-date symlink: /home/bchan400/ros2_ws/install/velodyne_msgs/include/velodyne_msgs/velodyne_msgs/msg/detail/velodyne_scan__rosidl_typesupport_introspection_cpp.hpp
[0.518s] -- Up-to-date symlink: /home/bchan400/ros2_ws/install/velodyne_msgs/share/velodyne_msgs/environment/pythonpath.sh
[0.519s] -- Up-to-date symlink: /home/bchan400/ros2_ws/install/velodyne_msgs/share/velodyne_msgs/environment/pythonpath.dsv
[0.519s] -- Up-to-date symlink: /home/bchan400/ros2_ws/install/velodyne_msgs/local/lib/python3.10/dist-packages/velodyne_msgs-2.5.1-py3.10.egg-info/PKG-INFO
[0.519s] -- Up-to-date symlink: /home/bchan400/ros2_ws/install/velodyne_msgs/local/lib/python3.10/dist-packages/velodyne_msgs-2.5.1-py3.10.egg-info/SOURCES.txt
[0.519s] -- Up-to-date symlink: /home/bchan400/ros2_ws/install/velodyne_msgs/local/lib/python3.10/dist-packages/velodyne_msgs-2.5.1-py3.10.egg-info/dependency_links.txt
[0.520s] -- Up-to-date symlink: /home/bchan400/ros2_ws/install/velodyne_msgs/local/lib/python3.10/dist-packages/velodyne_msgs-2.5.1-py3.10.egg-info/top_level.txt
[0.520s] -- Up-to-date symlink: /home/bchan400/ros2_ws/install/velodyne_msgs/local/lib/python3.10/dist-packages/velodyne_msgs/__init__.py
[0.520s] -- Up-to-date symlink: /home/bchan400/ros2_ws/install/velodyne_msgs/local/lib/python3.10/dist-packages/velodyne_msgs/_velodyne_msgs_s.ep.rosidl_typesupport_c.c
[0.520s] -- Up-to-date symlink: /home/bchan400/ros2_ws/install/velodyne_msgs/local/lib/python3.10/dist-packages/velodyne_msgs/_velodyne_msgs_s.ep.rosidl_typesupport_fastrtps_c.c
[0.521s] -- Up-to-date symlink: /home/bchan400/ros2_ws/install/velodyne_msgs/local/lib/python3.10/dist-packages/velodyne_msgs/_velodyne_msgs_s.ep.rosidl_typesupport_introspection_c.c
[0.521s] -- Up-to-date symlink: /home/bchan400/ros2_ws/install/velodyne_msgs/local/lib/python3.10/dist-packages/velodyne_msgs/libvelodyne_msgs__rosidl_generator_py.so
[0.521s] -- Up-to-date symlink: /home/bchan400/ros2_ws/install/velodyne_msgs/local/lib/python3.10/dist-packages/velodyne_msgs/msg/__init__.py
[0.521s] -- Up-to-date symlink: /home/bchan400/ros2_ws/install/velodyne_msgs/local/lib/python3.10/dist-packages/velodyne_msgs/msg/_velodyne_packet.py
[0.521s] -- Up-to-date symlink: /home/bchan400/ros2_ws/install/velodyne_msgs/local/lib/python3.10/dist-packages/velodyne_msgs/msg/_velodyne_packet_s.c
[0.521s] -- Up-to-date symlink: /home/bchan400/ros2_ws/install/velodyne_msgs/local/lib/python3.10/dist-packages/velodyne_msgs/msg/_velodyne_scan.py
[0.521s] -- Up-to-date symlink: /home/bchan400/ros2_ws/install/velodyne_msgs/local/lib/python3.10/dist-packages/velodyne_msgs/msg/_velodyne_scan_s.c
[0.521s] -- Up-to-date symlink: /home/bchan400/ros2_ws/install/velodyne_msgs/local/lib/python3.10/dist-packages/velodyne_msgs/velodyne_msgs_s__rosidl_typesupport_c.cpython-310-x86_64-linux-gnu.so
[0.521s] -- Up-to-date symlink: /home/bchan400/ros2_ws/install/velodyne_msgs/local/lib/python3.10/dist-packages/velodyne_msgs/velodyne_msgs_s__rosidl_typesupport_fastrtps_c.cpython-310-x86_64-linux-gnu.so
[0.522s] -- Up-to-date symlink: /home/bchan400/ros2_ws/install/velodyne_msgs/local/lib/python3.10/dist-packages/velodyne_msgs/velodyne_msgs_s__rosidl_typesupport_introspection_c.cpython-310-x86_64-linux-gnu.so
[0.522s] -- Up-to-date symlink: /home/bchan400/ros2_ws/install/velodyne_msgs/local/lib/python3.10/dist-packages/velodyne_msgs/velodyne_msgs_s__rosidl_typesupport_fastrtps_c.cpython-310-x86_64-linux-gnu.so
[0.522s] -- Up-to-date symlink: /home/bchan400/ros2_ws/install/velodyne_msgs/local/lib/python3.10/dist-packages/velodyne_msgs/velodyne_msgs_s__rosidl_typesupport_introspection_c.cpython-310-x86_64-linux-gnu.so
[0.522s] -- Up-to-date symlink: /home/bchan400/ros2_ws/install/velodyne_msgs/local/lib/python3.10/dist-packages/velodyne_msgs/velodyne_msgs_s__rosidl_typesupport_c.cpython-310-x86_64-linux-gnu.so
[0.522s] -- Up-to-date symlink: /home/bchan400/ros2_ws/install/velodyne_msgs/share/velodyne_msgs/msg/VelodynePacket.idl
[0.522s] -- Up-to-date symlink: /home/bchan400/ros2_ws/install/velodyne_msgs/share/velodyne_msgs/msg/VelodyneScan.idl
[0.523s] -- Up-to-date symlink: /home/bchan400/ros2_ws/install/velodyne_msgs/share/velodyne_msgs/msg/VelodynePacket.msg
[0.523s] -- Up-to-date symlink: /home/bchan400/ros2_ws/install/velodyne_msgs/share/velodyne_msgs/msg/VelodyneScan.msg
[0.523s] -- Up-to-date symlink: /home/bchan400/ros2_ws/install/velodyne_msgs/share/ament_index/resource_index/package_run_dependencies/velodyne_msgs
[0.523s] -- Up-to-date symlink: /home/bchan400/ros2_ws/install/velodyne_msgs/share/ament_index/resource_index/parent_prefix_path/velodyne_msgs
[0.524s] -- Up-to-date symlink: /home/bchan400/ros2_ws/install/velodyne_msgs/share/velodyne_msgs/environment/ament_prefix_path.sh
[0.524s] -- Up-to-date symlink: /home/bchan400/ros2_ws/install/velodyne_msgs/share/velodyne_msgs/environment/ament_prefix_path.dsv
[0.524s] -- Up-to-date symlink: /home/bchan400/ros2_ws/install/velodyne_msgs/share/velodyne_msgs/environment/path.sh
[0.524s] -- Up-to-date symlink: /home/bchan400/ros2_ws/install/velodyne_msgs/share/velodyne_msgs/environment/path.dsv
[0.524s] -- Up-to-date symlink: /home/bchan400/ros2_ws/install/velodyne_msgs/share/velodyne_msgs/local_setup.bash
[0.525s] -- Up-to-date symlink: /home/bchan400/ros2_ws/install/velodyne_msgs/share/velodyne_msgs/local_setup.sh
[0.525s] -- Up-to-date symlink: /home/bchan400/ros2_ws/install/velodyne_msgs/share/velodyne_msgs/local_setup.zsh
[0.525s] -- Up-to-date symlink: /home/bchan400/ros2_ws/install/velodyne_msgs/share/velodyne_msgs/local_setup.dsv
[0.525s] -- Symlinking: /home/bchan400/ros2_ws/install/velodyne_msgs/share/velodyne_msgs/package.dsv
[0.533s] -- Up-to-date symlink: /home/bchan400/ros2_ws/install/velodyne_msgs/share/ament_index/resource_index/packages/velodyne_msgs
[0.533s] -- Up-to-date symlink: /home/bchan400/ros2_ws/install/velodyne_msgs/share/velodyne_msgs/cmake/rosidl_cmake-extras.cmake
[0.533s] -- Up-to-date symlink: /home/bchan400/ros2_ws/install/velodyne_msgs/share/velodyne_msgs/cmake/ament_cmake_export_dependencies-extras.cmake
[0.534s] -- Up-to-date symlink: /home/bchan400/ros2_ws/install/velodyne_msgs/share/velodyne_msgs/cmake/ament_cmake_export_include_directories-extras.cmake
[0.534s] -- Up-to-date symlink: /home/bchan400/ros2_ws/install/velodyne_msgs/share/velodyne_msgs/cmake/ament_cmake_export_libraries-extras.cmake
[0.534s] -- Up-to-date symlink: /home/bchan400/ros2_ws/install/velodyne_msgs/share/velodyne_msgs/cmake/ament_cmake_export_targets-extras.cmake
[0.534s] -- Up-to-date symlink: /home/bchan400/ros2_ws/install/velodyne_msgs/share/velodyne_msgs/cmake/rosidl_cmake_export_typesupport_targets-extras.cmake
[0.534s] -- Up-to-date symlink: /home/bchan400/ros2_ws/install/velodyne_msgs/share/velodyne_msgs/cmake/rosidl_cmake_export_typesupport_libraries-extras.cmake
[0.534s] -- Up-to-date symlink: /home/bchan400/ros2_ws/install/velodyne_msgs/share/velodyne_msgs/cmake/velodyne_msgsConfig.cmake
[0.535s] -- Up-to-date symlink: /home/bchan400/ros2_ws/install/velodyne_msgs/share/velodyne_msgs/cmake/velodyne_msgsConfig-version.cmake
[0.535s] -- Up-to-date symlink: /home/bchan400/ros2_ws/install/velodyne_msgs/share/velodyne_msgs/package.xml
[0.536s] -- Up-to-date: /home/bchan400/ros2_ws/install/velodyne_msgs/lib/libvelodyne_msgs__rosidl_generator_c.so
[0.536s] -- Up-to-date: /home/bchan400/ros2_ws/install/velodyne_msgs/lib/libvelodyne_msgs__rosidl_typesupport_fastrtps_c.so
[0.537s] -- Up-to-date: /home/bchan400/ros2_ws/install/velodyne_msgs/lib/libvelodyne_msgs__rosidl_typesupport_fastrtps_cpp.so
[0.538s] -- Up-to-date: /home/bchan400/ros2_ws/install/velodyne_msgs/lib/libvelodyne_msgs__rosidl_typesupport_introspection_c.so
[0.538s] -- Up-to-date: /home/bchan400/ros2_ws/install/velodyne_msgs/lib/libvelodyne_msgs__rosidl_typesupport_c.so
[0.539s] -- Up-to-date: /home/bchan400/ros2_ws/install/velodyne_msgs/lib/libvelodyne_msgs__rosidl_typesupport_introspection_cpp.so
[0.539s] -- Up-to-date: /home/bchan400/ros2_ws/install/velodyne_msgs/lib/libvelodyne_msgs__rosidl_typesupport_cpp.so
[0.570s] Listing '/home/bchan400/ros2_ws/install/velodyne_msgs/local/lib/python3.10/dist-packages/velodyne_msgs'...
[0.570s] Listing '/home/bchan400/ros2_ws/install/velodyne_msgs/local/lib/python3.10/dist-packages/velodyne_msgs/msg'...
[0.575s] -- Up-to-date: /home/bchan400/ros2_ws/install/velodyne_msgs/lib/libvelodyne_msgs__rosidl_generator_py.so
[0.576s] -- Up-to-date: /home/bchan400/ros2_ws/install/velodyne_msgs/share/velodyne_msgs/cmake/export_velodyne_msgs__rosidl_generator_cExport.cmake
[0.576s] -- Up-to-date: /home/bchan400/ros2_ws/install/velodyne_msgs/share/velodyne_msgs/cmake/export_velodyne_msgs__rosidl_generator_cExport-noconfig.cmake
[0.576s] -- Up-to-date: /home/bchan400/ros2_ws/install/velodyne_msgs/share/velodyne_msgs/cmake/export_velodyne_msgs__rosidl_typesupport_fastrtps_cExport.cmake
[0.576s] -- Up-to-date: /home/bchan400/ros2_ws/install/velodyne_msgs/share/velodyne_msgs/cmake/export_velodyne_msgs__rosidl_typesupport_fastrtps_cExport-noconfig.cmake
[0.576s] -- Up-to-date: /home/bchan400/ros2_ws/install/velodyne_msgs/share/velodyne_msgs/cmake/export_velodyne_msgs__rosidl_generator_cppExport.cmake
[0.577s] -- Up-to-date: /home/bchan400/ros2_ws/install/velodyne_msgs/share/velodyne_msgs/cmake/export_velodyne_msgs__rosidl_typesupport_fastrtps_cppExport.cmake
[0.577s] -- Up-to-date: /home/bchan400/ros2_ws/install/velodyne_msgs/share/velodyne_msgs/cmake/export_velodyne_msgs__rosidl_typesupport_fastrtps_cppExport-noconfig.cmake
[0.577s] -- Up-to-date: /home/bchan400/ros2_ws/install/velodyne_msgs/share/velodyne_msgs/cmake/velodyne_msgs__rosidl_typesupport_introspection_cExport.cmake
[0.577s] -- Up-to-date: /home/bchan400/ros2_ws/install/velodyne_msgs/share/velodyne_msgs/cmake/velodyne_msgs__rosidl_typesupport_introspection_cExport-noconfig.cmake
[0.577s] -- Up-to-date: /home/bchan400/ros2_ws/install/velodyne_msgs/share/velodyne_msgs/cmake/velodyne_msgs__rosidl_typesupport_cExport.cmake
[0.577s] -- Up-to-date: /home/bchan400/ros2_ws/install/velodyne_msgs/share/velodyne_msgs/cmake/velodyne_msgs__rosidl_typesupport_cExport-noconfig.cmake
[0.578s] -- Up-to-date: /home/bchan400/ros2_ws/install/velodyne_msgs/share/velodyne_msgs/cmake/velodyne_msgs__rosidl_typesupport_introspection_cppExport.cmake
[0.578s] -- Up-to-date: /home/bchan400/ros2_ws/install/velodyne_msgs/share/velodyne_msgs/cmake/velodyne_msgs__rosidl_typesupport_introspection_cppExport-noconfig.cmake
[0.578s] -- Up-to-date: /home/bchan400/ros2_ws/install/velodyne_msgs/share/velodyne_msgs/cmake/velodyne_msgs__rosidl_typesupport_cppExport.cmake
[0.578s] -- Up-to-date: /home/bchan400/ros2_ws/install/velodyne_msgs/share/velodyne_msgs/cmake/velodyne_msgs__rosidl_typesupport_cppExport-noconfig.cmake
[0.578s] -- Up-to-date: /home/bchan400/ros2_ws/install/velodyne_msgs/share/velodyne_msgs/cmake/export_velodyne_msgs__rosidl_generator_pyExport.cmake
[0.578s] -- Up-to-date: /home/bchan400/ros2_ws/install/velodyne_msgs/share/velodyne_msgs/cmake/export_velodyne_msgs__rosidl_generator_pyExport-noconfig.cmake
[0.580s] Invoked command in '/home/bchan400/ros2_ws/build/velodyne_msgs' returned '0': CMAKE_PREFIX_PATH=${CMAKE_PREFIX_PATH}:/home/bchan400/ros2_ws/install/boat_ctrl:/opt/ros/humble /usr/bin/cmake --install /home/bchan400/ros2_ws/build/velodyne_msgs
