[0.024s] Invoking command in '/home/bchan400/ros2_ws/build/velodyne_pointcloud': AMENT_PREFIX_PATH=/home/bchan400/ros2_ws/install/velodyne_msgs:${AMENT_PREFIX_PATH} CMAKE_PREFIX_PATH=/home/bchan400/ros2_ws/install/velodyne_msgs:/opt/ros/humble LD_LIBRARY_PATH=/home/bchan400/ros2_ws/install/velodyne_msgs/lib:${LD_LIBRARY_PATH} PYTHONPATH=/home/bchan400/ros2_ws/install/velodyne_msgs/local/lib/python3.10/dist-packages:${PYTHONPATH} /usr/bin/cmake --build /home/bchan400/ros2_ws/build/velodyne_pointcloud -- -j8 -l8
[0.080s] [35m[1mConsolidate compiler generated dependencies of target gtest_main[0m
[0.081s] [35m[1mConsolidate compiler generated dependencies of target gtest[0m
[0.082s] [35m[1mConsolidate compiler generated dependencies of target velodyne_cloud_types[0m
[0.083s] [35m[1mConsolidate compiler generated dependencies of target velodyne_rawdata[0m
[0.104s] [ 11%] Built target gtest_main
[0.116s] [ 22%] Built target gtest
[0.126s] [ 38%] Built target velodyne_cloud_types
[0.141s] [35m[1mConsolidate compiler generated dependencies of target test_row_step[0m
[0.145s] [ 55%] Built target velodyne_rawdata
[0.162s] [35m[1mConsolidate compiler generated dependencies of target transform[0m
[0.165s] [35m[1mConsolidate compiler generated dependencies of target test_calibration[0m
[0.174s] [ 66%] Built target test_row_step
[0.184s] [ 77%] Built target test_calibration
[0.193s] [ 88%] Built target transform
[0.213s] [35m[1mConsolidate compiler generated dependencies of target velodyne_transform_node[0m
[0.239s] [100%] Built target velodyne_transform_node
[0.254s] Invoked command in '/home/bchan400/ros2_ws/build/velodyne_pointcloud' returned '0': AMENT_PREFIX_PATH=/home/bchan400/ros2_ws/install/velodyne_msgs:${AMENT_PREFIX_PATH} CMAKE_PREFIX_PATH=/home/bchan400/ros2_ws/install/velodyne_msgs:/opt/ros/humble LD_LIBRARY_PATH=/home/bchan400/ros2_ws/install/velodyne_msgs/lib:${LD_LIBRARY_PATH} PYTHONPATH=/home/bchan400/ros2_ws/install/velodyne_msgs/local/lib/python3.10/dist-packages:${PYTHONPATH} /usr/bin/cmake --build /home/bchan400/ros2_ws/build/velodyne_pointcloud -- -j8 -l8
[0.301s] Invoking command in '/home/bchan400/ros2_ws/build/velodyne_pointcloud': AMENT_PREFIX_PATH=/home/bchan400/ros2_ws/install/velodyne_msgs:${AMENT_PREFIX_PATH} CMAKE_PREFIX_PATH=/home/bchan400/ros2_ws/install/velodyne_msgs:/opt/ros/humble LD_LIBRARY_PATH=/home/bchan400/ros2_ws/install/velodyne_msgs/lib:${LD_LIBRARY_PATH} PYTHONPATH=/home/bchan400/ros2_ws/install/velodyne_msgs/local/lib/python3.10/dist-packages:${PYTHONPATH} /usr/bin/cmake --install /home/bchan400/ros2_ws/build/velodyne_pointcloud
[0.310s] -- Install configuration: ""
[0.311s] -- Execute custom install script
[0.311s] -- Up-to-date symlink: /home/bchan400/ros2_ws/install/velodyne_pointcloud/lib/velodyne_pointcloud/velodyne_transform_node
[0.311s] -- Up-to-date symlink: /home/bchan400/ros2_ws/install/velodyne_pointcloud/include/velodyne_pointcloud/calibration.hpp
[0.311s] -- Up-to-date symlink: /home/bchan400/ros2_ws/install/velodyne_pointcloud/include/velodyne_pointcloud/datacontainerbase.hpp
[0.311s] -- Up-to-date symlink: /home/bchan400/ros2_ws/install/velodyne_pointcloud/include/velodyne_pointcloud/organized_cloudXYZIRT.hpp
[0.311s] -- Up-to-date symlink: /home/bchan400/ros2_ws/install/velodyne_pointcloud/include/velodyne_pointcloud/pointcloudXYZIRT.hpp
[0.311s] -- Up-to-date symlink: /home/bchan400/ros2_ws/install/velodyne_pointcloud/include/velodyne_pointcloud/rawdata.hpp
[0.311s] -- Up-to-date symlink: /home/bchan400/ros2_ws/install/velodyne_pointcloud/include/velodyne_pointcloud/transform.hpp
[0.311s] -- Up-to-date symlink: /home/bchan400/ros2_ws/install/velodyne_pointcloud/share/velodyne_pointcloud/config/VLP16-velodyne_transform_node-params.yaml
[0.312s] -- Up-to-date symlink: /home/bchan400/ros2_ws/install/velodyne_pointcloud/share/velodyne_pointcloud/config/VLP32C-velodyne_transform_node-params.yaml
[0.312s] -- Up-to-date symlink: /home/bchan400/ros2_ws/install/velodyne_pointcloud/share/velodyne_pointcloud/config/VLS128-velodyne_transform_node-params.yaml
[0.312s] -- Up-to-date symlink: /home/bchan400/ros2_ws/install/velodyne_pointcloud/share/velodyne_pointcloud/launch/velodyne_transform_node-VLP16-composed-launch.py
[0.312s] -- Up-to-date symlink: /home/bchan400/ros2_ws/install/velodyne_pointcloud/share/velodyne_pointcloud/launch/velodyne_transform_node-VLP16-launch.py
[0.312s] -- Up-to-date symlink: /home/bchan400/ros2_ws/install/velodyne_pointcloud/share/velodyne_pointcloud/launch/velodyne_transform_node-VLP32C-composed-launch.py
[0.312s] -- Up-to-date symlink: /home/bchan400/ros2_ws/install/velodyne_pointcloud/share/velodyne_pointcloud/launch/velodyne_transform_node-VLP32C-launch.py
[0.312s] -- Up-to-date symlink: /home/bchan400/ros2_ws/install/velodyne_pointcloud/share/velodyne_pointcloud/launch/velodyne_transform_node-VLS128-composed-launch.py
[0.312s] -- Up-to-date symlink: /home/bchan400/ros2_ws/install/velodyne_pointcloud/share/velodyne_pointcloud/launch/velodyne_transform_node-VLS128-launch.py
[0.312s] -- Up-to-date symlink: /home/bchan400/ros2_ws/install/velodyne_pointcloud/share/velodyne_pointcloud/params/32db.yaml
[0.312s] -- Up-to-date symlink: /home/bchan400/ros2_ws/install/velodyne_pointcloud/share/velodyne_pointcloud/params/64e_s2.1-sztaki.yaml
[0.312s] -- Up-to-date symlink: /home/bchan400/ros2_ws/install/velodyne_pointcloud/share/velodyne_pointcloud/params/64e_s3-xiesc.yaml
[0.312s] -- Up-to-date symlink: /home/bchan400/ros2_ws/install/velodyne_pointcloud/share/velodyne_pointcloud/params/64e_utexas.yaml
[0.312s] -- Up-to-date symlink: /home/bchan400/ros2_ws/install/velodyne_pointcloud/share/velodyne_pointcloud/params/VLP16_hires_db.yaml
[0.313s] -- Up-to-date symlink: /home/bchan400/ros2_ws/install/velodyne_pointcloud/share/velodyne_pointcloud/params/VLP16db.yaml
[0.313s] -- Up-to-date symlink: /home/bchan400/ros2_ws/install/velodyne_pointcloud/share/velodyne_pointcloud/params/VLS128.yaml
[0.313s] -- Up-to-date symlink: /home/bchan400/ros2_ws/install/velodyne_pointcloud/share/velodyne_pointcloud/params/VeloView-VLP-32C.yaml
[0.313s] -- Up-to-date symlink: /home/bchan400/ros2_ws/install/velodyne_pointcloud/share/velodyne_pointcloud/params/issue_84_float_intensities.yaml
[0.313s] -- Up-to-date symlink: /home/bchan400/ros2_ws/install/velodyne_pointcloud/share/velodyne_pointcloud/params/rviz_points.vcg
[0.313s] -- Up-to-date symlink: /home/bchan400/ros2_ws/install/velodyne_pointcloud/share/velodyne_pointcloud/environment/library_path.sh
[0.313s] -- Up-to-date symlink: /home/bchan400/ros2_ws/install/velodyne_pointcloud/share/velodyne_pointcloud/environment/library_path.dsv
[0.313s] -- Up-to-date symlink: /home/bchan400/ros2_ws/install/velodyne_pointcloud/share/ament_index/resource_index/package_run_dependencies/velodyne_pointcloud
[0.313s] -- Up-to-date symlink: /home/bchan400/ros2_ws/install/velodyne_pointcloud/share/ament_index/resource_index/parent_prefix_path/velodyne_pointcloud
[0.313s] -- Up-to-date symlink: /home/bchan400/ros2_ws/install/velodyne_pointcloud/share/velodyne_pointcloud/environment/ament_prefix_path.sh
[0.313s] -- Up-to-date symlink: /home/bchan400/ros2_ws/install/velodyne_pointcloud/share/velodyne_pointcloud/environment/ament_prefix_path.dsv
[0.313s] -- Up-to-date symlink: /home/bchan400/ros2_ws/install/velodyne_pointcloud/share/velodyne_pointcloud/environment/path.sh
[0.313s] -- Up-to-date symlink: /home/bchan400/ros2_ws/install/velodyne_pointcloud/share/velodyne_pointcloud/environment/path.dsv
[0.314s] -- Up-to-date symlink: /home/bchan400/ros2_ws/install/velodyne_pointcloud/share/velodyne_pointcloud/local_setup.bash
[0.314s] -- Up-to-date symlink: /home/bchan400/ros2_ws/install/velodyne_pointcloud/share/velodyne_pointcloud/local_setup.sh
[0.314s] -- Up-to-date symlink: /home/bchan400/ros2_ws/install/velodyne_pointcloud/share/velodyne_pointcloud/local_setup.zsh
[0.314s] -- Up-to-date symlink: /home/bchan400/ros2_ws/install/velodyne_pointcloud/share/velodyne_pointcloud/local_setup.dsv
[0.314s] -- Symlinking: /home/bchan400/ros2_ws/install/velodyne_pointcloud/share/velodyne_pointcloud/package.dsv
[0.321s] -- Up-to-date symlink: /home/bchan400/ros2_ws/install/velodyne_pointcloud/share/ament_index/resource_index/packages/velodyne_pointcloud
[0.321s] -- Up-to-date symlink: /home/bchan400/ros2_ws/install/velodyne_pointcloud/share/ament_index/resource_index/rclcpp_components/velodyne_pointcloud
[0.321s] -- Up-to-date symlink: /home/bchan400/ros2_ws/install/velodyne_pointcloud/share/velodyne_pointcloud/cmake/ament_cmake_export_include_directories-extras.cmake
[0.321s] -- Up-to-date symlink: /home/bchan400/ros2_ws/install/velodyne_pointcloud/share/velodyne_pointcloud/cmake/ament_cmake_export_dependencies-extras.cmake
[0.321s] -- Up-to-date symlink: /home/bchan400/ros2_ws/install/velodyne_pointcloud/share/velodyne_pointcloud/cmake/ament_cmake_export_libraries-extras.cmake
[0.321s] -- Up-to-date symlink: /home/bchan400/ros2_ws/install/velodyne_pointcloud/share/velodyne_pointcloud/cmake/ament_cmake_export_targets-extras.cmake
[0.322s] -- Up-to-date symlink: /home/bchan400/ros2_ws/install/velodyne_pointcloud/share/velodyne_pointcloud/cmake/velodyne_pointcloudConfig.cmake
[0.322s] -- Up-to-date symlink: /home/bchan400/ros2_ws/install/velodyne_pointcloud/share/velodyne_pointcloud/cmake/velodyne_pointcloudConfig-version.cmake
[0.322s] -- Up-to-date symlink: /home/bchan400/ros2_ws/install/velodyne_pointcloud/share/velodyne_pointcloud/package.xml
[0.323s] -- Up-to-date: /home/bchan400/ros2_ws/install/velodyne_pointcloud/lib/libvelodyne_cloud_types.so
[0.324s] -- Up-to-date: /home/bchan400/ros2_ws/install/velodyne_pointcloud/lib/libvelodyne_rawdata.so
[0.327s] -- Up-to-date: /home/bchan400/ros2_ws/install/velodyne_pointcloud/lib/libtransform.so
[0.328s] -- Up-to-date: /home/bchan400/ros2_ws/install/velodyne_pointcloud/share/velodyne_pointcloud/cmake/velodyne_pointcloudExport.cmake
[0.329s] -- Up-to-date: /home/bchan400/ros2_ws/install/velodyne_pointcloud/share/velodyne_pointcloud/cmake/velodyne_pointcloudExport-noconfig.cmake
[0.333s] Invoked command in '/home/bchan400/ros2_ws/build/velodyne_pointcloud' returned '0': AMENT_PREFIX_PATH=/home/bchan400/ros2_ws/install/velodyne_msgs:${AMENT_PREFIX_PATH} CMAKE_PREFIX_PATH=/home/bchan400/ros2_ws/install/velodyne_msgs:/opt/ros/humble LD_LIBRARY_PATH=/home/bchan400/ros2_ws/install/velodyne_msgs/lib:${LD_LIBRARY_PATH} PYTHONPATH=/home/bchan400/ros2_ws/install/velodyne_msgs/local/lib/python3.10/dist-packages:${PYTHONPATH} /usr/bin/cmake --install /home/bchan400/ros2_ws/build/velodyne_pointcloud
