[0.080s] DEBUG:colcon:Command line arguments: ['/usr/bin/colcon', 'build', '--symlink-install']
[0.080s] DEBUG:colcon:Parsed command line arguments: Namespace(log_base=None, log_level=None, verb_name='build', build_base='build', install_base='install', merge_install=False, symlink_install=True, test_result_base=None, continue_on_error=False, executor='parallel', parallel_workers=8, event_handlers=None, ignore_user_meta=False, metas=['./colcon.meta'], base_paths=['.'], packages_ignore=None, packages_ignore_regex=None, paths=None, packages_up_to=None, packages_up_to_regex=None, packages_above=None, packages_above_and_dependencies=None, packages_above_depth=None, packages_select_by_dep=None, packages_skip_by_dep=None, packages_skip_up_to=None, packages_select_build_failed=False, packages_skip_build_finished=False, packages_select_test_failures=False, packages_skip_test_passed=False, packages_select=None, packages_skip=None, packages_select_regex=None, packages_skip_regex=None, packages_start=None, packages_end=None, allow_overriding=[], cmake_args=None, cmake_target=None, cmake_target_skip_unavailable=False, cmake_clean_cache=False, cmake_clean_first=False, cmake_force_configure=False, ament_cmake_args=None, catkin_cmake_args=None, catkin_skip_building_tests=False, verb_parser=<colcon_defaults.argument_parser.defaults.DefaultArgumentsDecorator object at 0x7a45355035b0>, verb_extension=<colcon_core.verb.build.BuildVerb object at 0x7a4535502c20>, main=<bound method BuildVerb.main of <colcon_core.verb.build.BuildVerb object at 0x7a4535502c20>>)
[0.187s] Level 1:colcon.colcon_core.package_discovery:discover_packages(colcon_meta) check parameters
[0.187s] Level 1:colcon.colcon_core.package_discovery:discover_packages(recursive) check parameters
[0.187s] Level 1:colcon.colcon_core.package_discovery:discover_packages(ignore) check parameters
[0.187s] Level 1:colcon.colcon_core.package_discovery:discover_packages(path) check parameters
[0.187s] Level 1:colcon.colcon_core.package_discovery:discover_packages(colcon_meta) discover
[0.187s] Level 1:colcon.colcon_core.package_discovery:discover_packages(recursive) discover
[0.187s] INFO:colcon.colcon_core.package_discovery:Crawling recursively for packages in '/home/bchan400/ros2_ws'
[0.187s] Level 1:colcon.colcon_core.package_identification:_identify(.) by extensions ['ignore', 'ignore_ament_install']
[0.187s] Level 1:colcon.colcon_core.package_identification:_identify(.) by extension 'ignore'
[0.187s] Level 1:colcon.colcon_core.package_identification:_identify(.) by extension 'ignore_ament_install'
[0.187s] Level 1:colcon.colcon_core.package_identification:_identify(.) by extensions ['colcon_pkg']
[0.187s] Level 1:colcon.colcon_core.package_identification:_identify(.) by extension 'colcon_pkg'
[0.187s] Level 1:colcon.colcon_core.package_identification:_identify(.) by extensions ['colcon_meta']
[0.187s] Level 1:colcon.colcon_core.package_identification:_identify(.) by extension 'colcon_meta'
[0.187s] Level 1:colcon.colcon_core.package_identification:_identify(.) by extensions ['ros']
[0.187s] Level 1:colcon.colcon_core.package_identification:_identify(.) by extension 'ros'
[0.196s] Level 1:colcon.colcon_core.package_identification:_identify(.) by extensions ['cmake', 'python']
[0.196s] Level 1:colcon.colcon_core.package_identification:_identify(.) by extension 'cmake'
[0.196s] Level 1:colcon.colcon_core.package_identification:_identify(.) by extension 'python'
[0.196s] Level 1:colcon.colcon_core.package_identification:_identify(.) by extensions ['python_setup_py']
[0.196s] Level 1:colcon.colcon_core.package_identification:_identify(.) by extension 'python_setup_py'
[0.196s] Level 1:colcon.colcon_core.package_identification:_identify(build) by extensions ['ignore', 'ignore_ament_install']
[0.196s] Level 1:colcon.colcon_core.package_identification:_identify(build) by extension 'ignore'
[0.196s] Level 1:colcon.colcon_core.package_identification:_identify(build) ignored
[0.196s] Level 1:colcon.colcon_core.package_identification:_identify(install) by extensions ['ignore', 'ignore_ament_install']
[0.196s] Level 1:colcon.colcon_core.package_identification:_identify(install) by extension 'ignore'
[0.196s] Level 1:colcon.colcon_core.package_identification:_identify(install) ignored
[0.196s] Level 1:colcon.colcon_core.package_identification:_identify(log) by extensions ['ignore', 'ignore_ament_install']
[0.196s] Level 1:colcon.colcon_core.package_identification:_identify(log) by extension 'ignore'
[0.196s] Level 1:colcon.colcon_core.package_identification:_identify(log) ignored
[0.196s] Level 1:colcon.colcon_core.package_identification:_identify(src) by extensions ['ignore', 'ignore_ament_install']
[0.196s] Level 1:colcon.colcon_core.package_identification:_identify(src) by extension 'ignore'
[0.196s] Level 1:colcon.colcon_core.package_identification:_identify(src) by extension 'ignore_ament_install'
[0.196s] Level 1:colcon.colcon_core.package_identification:_identify(src) by extensions ['colcon_pkg']
[0.196s] Level 1:colcon.colcon_core.package_identification:_identify(src) by extension 'colcon_pkg'
[0.197s] Level 1:colcon.colcon_core.package_identification:_identify(src) by extensions ['colcon_meta']
[0.197s] Level 1:colcon.colcon_core.package_identification:_identify(src) by extension 'colcon_meta'
[0.197s] Level 1:colcon.colcon_core.package_identification:_identify(src) by extensions ['ros']
[0.197s] Level 1:colcon.colcon_core.package_identification:_identify(src) by extension 'ros'
[0.197s] Level 1:colcon.colcon_core.package_identification:_identify(src) by extensions ['cmake', 'python']
[0.197s] Level 1:colcon.colcon_core.package_identification:_identify(src) by extension 'cmake'
[0.197s] Level 1:colcon.colcon_core.package_identification:_identify(src) by extension 'python'
[0.197s] Level 1:colcon.colcon_core.package_identification:_identify(src) by extensions ['python_setup_py']
[0.197s] Level 1:colcon.colcon_core.package_identification:_identify(src) by extension 'python_setup_py'
[0.197s] Level 1:colcon.colcon_core.package_identification:_identify(src/mhsboat) by extensions ['ignore', 'ignore_ament_install']
[0.197s] Level 1:colcon.colcon_core.package_identification:_identify(src/mhsboat) by extension 'ignore'
[0.197s] Level 1:colcon.colcon_core.package_identification:_identify(src/mhsboat) by extension 'ignore_ament_install'
[0.197s] Level 1:colcon.colcon_core.package_identification:_identify(src/mhsboat) by extensions ['colcon_pkg']
[0.197s] Level 1:colcon.colcon_core.package_identification:_identify(src/mhsboat) by extension 'colcon_pkg'
[0.197s] Level 1:colcon.colcon_core.package_identification:_identify(src/mhsboat) by extensions ['colcon_meta']
[0.197s] Level 1:colcon.colcon_core.package_identification:_identify(src/mhsboat) by extension 'colcon_meta'
[0.197s] Level 1:colcon.colcon_core.package_identification:_identify(src/mhsboat) by extensions ['ros']
[0.197s] Level 1:colcon.colcon_core.package_identification:_identify(src/mhsboat) by extension 'ros'
[0.199s] DEBUG:colcon.colcon_core.package_identification:Package 'src/mhsboat' with type 'ros.ament_cmake' and name 'mhsboat'
[0.199s] Level 1:colcon.colcon_core.package_discovery:discover_packages(recursive) using defaults
[0.199s] Level 1:colcon.colcon_core.package_discovery:discover_packages(ignore) discover
[0.199s] Level 1:colcon.colcon_core.package_discovery:discover_packages(ignore) using defaults
[0.199s] Level 1:colcon.colcon_core.package_discovery:discover_packages(path) discover
[0.199s] Level 1:colcon.colcon_core.package_discovery:discover_packages(path) using defaults
[0.215s] Level 1:colcon.colcon_core.package_discovery:discover_packages(prefix_path) check parameters
[0.215s] Level 1:colcon.colcon_core.package_discovery:discover_packages(prefix_path) discover
[0.216s] DEBUG:colcon.colcon_installed_package_information.package_discovery:Found 270 installed packages in /opt/ros/humble
[0.217s] Level 1:colcon.colcon_core.package_discovery:discover_packages(prefix_path) using defaults
[0.250s] Level 5:colcon.colcon_core.verb:set package 'mhsboat' build argument 'cmake_args' from command line to 'None'
[0.250s] Level 5:colcon.colcon_core.verb:set package 'mhsboat' build argument 'cmake_target' from command line to 'None'
[0.250s] Level 5:colcon.colcon_core.verb:set package 'mhsboat' build argument 'cmake_target_skip_unavailable' from command line to 'False'
[0.250s] Level 5:colcon.colcon_core.verb:set package 'mhsboat' build argument 'cmake_clean_cache' from command line to 'False'
[0.250s] Level 5:colcon.colcon_core.verb:set package 'mhsboat' build argument 'cmake_clean_first' from command line to 'False'
[0.250s] Level 5:colcon.colcon_core.verb:set package 'mhsboat' build argument 'cmake_force_configure' from command line to 'False'
[0.250s] Level 5:colcon.colcon_core.verb:set package 'mhsboat' build argument 'ament_cmake_args' from command line to 'None'
[0.250s] Level 5:colcon.colcon_core.verb:set package 'mhsboat' build argument 'catkin_cmake_args' from command line to 'None'
[0.250s] Level 5:colcon.colcon_core.verb:set package 'mhsboat' build argument 'catkin_skip_building_tests' from command line to 'False'
[0.250s] DEBUG:colcon.colcon_core.verb:Building package 'mhsboat' with the following arguments: {'ament_cmake_args': None, 'build_base': '/home/bchan400/ros2_ws/build/mhsboat', 'catkin_cmake_args': None, 'catkin_skip_building_tests': False, 'cmake_args': None, 'cmake_clean_cache': False, 'cmake_clean_first': False, 'cmake_force_configure': False, 'cmake_target': None, 'cmake_target_skip_unavailable': False, 'install_base': '/home/bchan400/ros2_ws/install/mhsboat', 'merge_install': False, 'path': '/home/bchan400/ros2_ws/src/mhsboat', 'symlink_install': True, 'test_result_base': None}
[0.250s] INFO:colcon.colcon_core.executor:Executing jobs using 'parallel' executor
[0.251s] DEBUG:colcon.colcon_parallel_executor.executor.parallel:run_until_complete
[0.251s] INFO:colcon.colcon_ros.task.ament_cmake.build:Building ROS package in '/home/bchan400/ros2_ws/src/mhsboat' with build type 'ament_cmake'
[0.251s] INFO:colcon.colcon_cmake.task.cmake.build:Building CMake package in '/home/bchan400/ros2_ws/src/mhsboat'
[0.252s] INFO:colcon.colcon_core.plugin_system:Skipping extension 'colcon_core.shell.bat': Not used on non-Windows systems
[0.252s] INFO:colcon.colcon_core.shell:Skip shell extension 'powershell' for command environment: Not usable outside of PowerShell
[0.252s] DEBUG:colcon.colcon_core.shell:Skip shell extension 'dsv' for command environment
[0.256s] DEBUG:colcon.colcon_core.event_handler.log_command:Invoking command in '/home/bchan400/ros2_ws/build/mhsboat': CMAKE_PREFIX_PATH=/opt/ros/humble /usr/bin/cmake /home/bchan400/ros2_ws/src/mhsboat -DAMENT_CMAKE_SYMLINK_INSTALL=1 -DCMAKE_INSTALL_PREFIX=/home/bchan400/ros2_ws/install/mhsboat
[0.818s] DEBUG:colcon.colcon_core.event_handler.log_command:Invoked command in '/home/bchan400/ros2_ws/build/mhsboat' returned '0': CMAKE_PREFIX_PATH=/opt/ros/humble /usr/bin/cmake /home/bchan400/ros2_ws/src/mhsboat -DAMENT_CMAKE_SYMLINK_INSTALL=1 -DCMAKE_INSTALL_PREFIX=/home/bchan400/ros2_ws/install/mhsboat
[0.819s] DEBUG:colcon.colcon_core.event_handler.log_command:Invoking command in '/home/bchan400/ros2_ws/build/mhsboat': CMAKE_PREFIX_PATH=/opt/ros/humble /usr/bin/cmake --build /home/bchan400/ros2_ws/build/mhsboat -- -j8 -l8
[1.026s] DEBUG:colcon.colcon_core.event_handler.log_command:Invoked command in '/home/bchan400/ros2_ws/build/mhsboat' returned '0': CMAKE_PREFIX_PATH=/opt/ros/humble /usr/bin/cmake --build /home/bchan400/ros2_ws/build/mhsboat -- -j8 -l8
[1.047s] DEBUG:colcon.colcon_core.event_handler.log_command:Invoking command in '/home/bchan400/ros2_ws/build/mhsboat': CMAKE_PREFIX_PATH=/opt/ros/humble /usr/bin/cmake --install /home/bchan400/ros2_ws/build/mhsboat
[1.288s] Level 1:colcon.colcon_core.environment:create_environment_scripts_only(mhsboat)
[1.288s] DEBUG:colcon.colcon_core.event_handler.log_command:Invoked command in '/home/bchan400/ros2_ws/build/mhsboat' returned '0': CMAKE_PREFIX_PATH=/opt/ros/humble /usr/bin/cmake --install /home/bchan400/ros2_ws/build/mhsboat
[1.290s] Level 1:colcon.colcon_core.environment:checking '/home/bchan400/ros2_ws/install/mhsboat' for CMake module files
[1.290s] Level 1:colcon.colcon_core.environment:checking '/home/bchan400/ros2_ws/install/mhsboat' for CMake config files
[1.290s] Level 1:colcon.colcon_core.shell:create_environment_hook('mhsboat', 'cmake_prefix_path')
[1.291s] INFO:colcon.colcon_core.shell:Creating environment hook '/home/bchan400/ros2_ws/install/mhsboat/share/mhsboat/hook/cmake_prefix_path.ps1'
[1.291s] INFO:colcon.colcon_core.shell:Creating environment descriptor '/home/bchan400/ros2_ws/install/mhsboat/share/mhsboat/hook/cmake_prefix_path.dsv'
[1.291s] INFO:colcon.colcon_core.shell:Creating environment hook '/home/bchan400/ros2_ws/install/mhsboat/share/mhsboat/hook/cmake_prefix_path.sh'
[1.292s] Level 1:colcon.colcon_core.environment:checking '/home/bchan400/ros2_ws/install/mhsboat/lib'
[1.292s] Level 1:colcon.colcon_core.environment:checking '/home/bchan400/ros2_ws/install/mhsboat/bin'
[1.292s] Level 1:colcon.colcon_core.environment:checking '/home/bchan400/ros2_ws/install/mhsboat/lib/pkgconfig/mhsboat.pc'
[1.292s] Level 1:colcon.colcon_core.environment:checking '/home/bchan400/ros2_ws/install/mhsboat/lib/python3.10/site-packages'
[1.292s] Level 1:colcon.colcon_core.environment:checking '/home/bchan400/ros2_ws/install/mhsboat/bin'
[1.293s] INFO:colcon.colcon_core.shell:Creating package script '/home/bchan400/ros2_ws/install/mhsboat/share/mhsboat/package.ps1'
[1.293s] INFO:colcon.colcon_core.shell:Creating package descriptor '/home/bchan400/ros2_ws/install/mhsboat/share/mhsboat/package.dsv'
[1.293s] INFO:colcon.colcon_core.shell:Creating package script '/home/bchan400/ros2_ws/install/mhsboat/share/mhsboat/package.sh'
[1.294s] INFO:colcon.colcon_core.shell:Creating package script '/home/bchan400/ros2_ws/install/mhsboat/share/mhsboat/package.bash'
[1.294s] INFO:colcon.colcon_core.shell:Creating package script '/home/bchan400/ros2_ws/install/mhsboat/share/mhsboat/package.zsh'
[1.294s] Level 1:colcon.colcon_core.environment:create_file_with_runtime_dependencies(/home/bchan400/ros2_ws/install/mhsboat/share/colcon-core/packages/mhsboat)
[1.315s] Level 1:colcon.colcon_core.environment:create_environment_scripts_only(mhsboat)
[1.316s] Level 1:colcon.colcon_core.environment:checking '/home/bchan400/ros2_ws/install/mhsboat' for CMake module files
[1.316s] Level 1:colcon.colcon_core.environment:checking '/home/bchan400/ros2_ws/install/mhsboat' for CMake config files
[1.317s] Level 1:colcon.colcon_core.shell:create_environment_hook('mhsboat', 'cmake_prefix_path')
[1.317s] INFO:colcon.colcon_core.shell:Creating environment hook '/home/bchan400/ros2_ws/install/mhsboat/share/mhsboat/hook/cmake_prefix_path.ps1'
[1.317s] INFO:colcon.colcon_core.shell:Creating environment descriptor '/home/bchan400/ros2_ws/install/mhsboat/share/mhsboat/hook/cmake_prefix_path.dsv'
[1.318s] INFO:colcon.colcon_core.shell:Creating environment hook '/home/bchan400/ros2_ws/install/mhsboat/share/mhsboat/hook/cmake_prefix_path.sh'
[1.319s] Level 1:colcon.colcon_core.environment:checking '/home/bchan400/ros2_ws/install/mhsboat/lib'
[1.319s] Level 1:colcon.colcon_core.environment:checking '/home/bchan400/ros2_ws/install/mhsboat/bin'
[1.319s] Level 1:colcon.colcon_core.environment:checking '/home/bchan400/ros2_ws/install/mhsboat/lib/pkgconfig/mhsboat.pc'
[1.319s] Level 1:colcon.colcon_core.environment:checking '/home/bchan400/ros2_ws/install/mhsboat/lib/python3.10/site-packages'
[1.320s] Level 1:colcon.colcon_core.environment:checking '/home/bchan400/ros2_ws/install/mhsboat/bin'
[1.320s] INFO:colcon.colcon_core.shell:Creating package script '/home/bchan400/ros2_ws/install/mhsboat/share/mhsboat/package.ps1'
[1.321s] INFO:colcon.colcon_core.shell:Creating package descriptor '/home/bchan400/ros2_ws/install/mhsboat/share/mhsboat/package.dsv'
[1.322s] INFO:colcon.colcon_core.shell:Creating package script '/home/bchan400/ros2_ws/install/mhsboat/share/mhsboat/package.sh'
[1.322s] INFO:colcon.colcon_core.shell:Creating package script '/home/bchan400/ros2_ws/install/mhsboat/share/mhsboat/package.bash'
[1.323s] INFO:colcon.colcon_core.shell:Creating package script '/home/bchan400/ros2_ws/install/mhsboat/share/mhsboat/package.zsh'
[1.324s] Level 1:colcon.colcon_core.environment:create_file_with_runtime_dependencies(/home/bchan400/ros2_ws/install/mhsboat/share/colcon-core/packages/mhsboat)
[1.324s] DEBUG:colcon.colcon_parallel_executor.executor.parallel:closing loop
[1.325s] DEBUG:colcon.colcon_parallel_executor.executor.parallel:loop closed
[1.325s] DEBUG:colcon.colcon_parallel_executor.executor.parallel:run_until_complete finished with '0'
[1.325s] DEBUG:colcon.colcon_core.event_reactor:joining thread
[1.331s] INFO:colcon.colcon_core.plugin_system:Skipping extension 'colcon_notification.desktop_notification.terminal_notifier': Not used on non-Darwin systems
[1.331s] INFO:colcon.colcon_core.plugin_system:Skipping extension 'colcon_notification.desktop_notification.win32': Not used on non-Windows systems
[1.331s] INFO:colcon.colcon_notification.desktop_notification:Sending desktop notification using 'notify2'
[1.359s] DEBUG:colcon.colcon_core.event_reactor:joined thread
[1.359s] INFO:colcon.colcon_core.shell:Creating prefix script '/home/bchan400/ros2_ws/install/local_setup.ps1'
[1.360s] INFO:colcon.colcon_core.shell:Creating prefix util module '/home/bchan400/ros2_ws/install/_local_setup_util_ps1.py'
[1.361s] INFO:colcon.colcon_core.shell:Creating prefix chain script '/home/bchan400/ros2_ws/install/setup.ps1'
[1.362s] INFO:colcon.colcon_core.shell:Creating prefix script '/home/bchan400/ros2_ws/install/local_setup.sh'
[1.363s] INFO:colcon.colcon_core.shell:Creating prefix util module '/home/bchan400/ros2_ws/install/_local_setup_util_sh.py'
[1.363s] INFO:colcon.colcon_core.shell:Creating prefix chain script '/home/bchan400/ros2_ws/install/setup.sh'
[1.364s] INFO:colcon.colcon_core.shell:Creating prefix script '/home/bchan400/ros2_ws/install/local_setup.bash'
[1.364s] INFO:colcon.colcon_core.shell:Creating prefix chain script '/home/bchan400/ros2_ws/install/setup.bash'
[1.365s] INFO:colcon.colcon_core.shell:Creating prefix script '/home/bchan400/ros2_ws/install/local_setup.zsh'
[1.365s] INFO:colcon.colcon_core.shell:Creating prefix chain script '/home/bchan400/ros2_ws/install/setup.zsh'
