[0.224s] Invoking command in '/home/bchan400/ros2_ws/build/velodyne_laserscan': CMAKE_PREFIX_PATH=${CMAKE_PREFIX_PATH}:/home/bchan400/ros2_ws/install/boat_ctrl:/opt/ros/humble /usr/bin/cmake --build /home/bchan400/ros2_ws/build/velodyne_laserscan -- -j8 -l8
[0.276s] [ 50%] Built target velodyne_laserscan
[0.302s] [100%] Built target velodyne_laserscan_node
[0.316s] Invoked command in '/home/bchan400/ros2_ws/build/velodyne_laserscan' returned '0': CMAKE_PREFIX_PATH=${CMAKE_PREFIX_PATH}:/home/bchan400/ros2_ws/install/boat_ctrl:/opt/ros/humble /usr/bin/cmake --build /home/bchan400/ros2_ws/build/velodyne_laserscan -- -j8 -l8
[0.351s] Invoking command in '/home/bchan400/ros2_ws/build/velodyne_laserscan': CMAKE_PREFIX_PATH=${CMAKE_PREFIX_PATH}:/home/bchan400/ros2_ws/install/boat_ctrl:/opt/ros/humble /usr/bin/cmake --install /home/bchan400/ros2_ws/build/velodyne_laserscan
[0.357s] -- Install configuration: ""
[0.357s] -- Execute custom install script
[0.358s] -- Up-to-date symlink: /home/bchan400/ros2_ws/install/velodyne_laserscan/lib/velodyne_laserscan/velodyne_laserscan_node
[0.358s] -- Up-to-date symlink: /home/bchan400/ros2_ws/install/velodyne_laserscan/include/velodyne_laserscan/velodyne_laserscan.hpp
[0.358s] -- Up-to-date symlink: /home/bchan400/ros2_ws/install/velodyne_laserscan/share/velodyne_laserscan/config/default-velodyne_laserscan_node-params.yaml
[0.358s] -- Up-to-date symlink: /home/bchan400/ros2_ws/install/velodyne_laserscan/share/velodyne_laserscan/launch/velodyne_laserscan_node-composed-launch.py
[0.358s] -- Up-to-date symlink: /home/bchan400/ros2_ws/install/velodyne_laserscan/share/velodyne_laserscan/launch/velodyne_laserscan_node-launch.py
[0.358s] -- Up-to-date symlink: /home/bchan400/ros2_ws/install/velodyne_laserscan/share/ament_index/resource_index/package_run_dependencies/velodyne_laserscan
[0.359s] -- Up-to-date symlink: /home/bchan400/ros2_ws/install/velodyne_laserscan/share/ament_index/resource_index/parent_prefix_path/velodyne_laserscan
[0.359s] -- Up-to-date symlink: /home/bchan400/ros2_ws/install/velodyne_laserscan/share/velodyne_laserscan/environment/ament_prefix_path.sh
[0.359s] -- Up-to-date symlink: /home/bchan400/ros2_ws/install/velodyne_laserscan/share/velodyne_laserscan/environment/ament_prefix_path.dsv
[0.359s] -- Up-to-date symlink: /home/bchan400/ros2_ws/install/velodyne_laserscan/share/velodyne_laserscan/environment/path.sh
[0.359s] -- Up-to-date symlink: /home/bchan400/ros2_ws/install/velodyne_laserscan/share/velodyne_laserscan/environment/path.dsv
[0.359s] -- Up-to-date symlink: /home/bchan400/ros2_ws/install/velodyne_laserscan/share/velodyne_laserscan/local_setup.bash
[0.360s] -- Up-to-date symlink: /home/bchan400/ros2_ws/install/velodyne_laserscan/share/velodyne_laserscan/local_setup.sh
[0.360s] -- Up-to-date symlink: /home/bchan400/ros2_ws/install/velodyne_laserscan/share/velodyne_laserscan/local_setup.zsh
[0.360s] -- Up-to-date symlink: /home/bchan400/ros2_ws/install/velodyne_laserscan/share/velodyne_laserscan/local_setup.dsv
[0.360s] -- Symlinking: /home/bchan400/ros2_ws/install/velodyne_laserscan/share/velodyne_laserscan/package.dsv
[0.368s] -- Up-to-date symlink: /home/bchan400/ros2_ws/install/velodyne_laserscan/share/ament_index/resource_index/packages/velodyne_laserscan
[0.368s] -- Up-to-date symlink: /home/bchan400/ros2_ws/install/velodyne_laserscan/share/ament_index/resource_index/rclcpp_components/velodyne_laserscan
[0.368s] -- Up-to-date symlink: /home/bchan400/ros2_ws/install/velodyne_laserscan/share/velodyne_laserscan/cmake/ament_cmake_export_include_directories-extras.cmake
[0.368s] -- Up-to-date symlink: /home/bchan400/ros2_ws/install/velodyne_laserscan/share/velodyne_laserscan/cmake/ament_cmake_export_targets-extras.cmake
[0.368s] -- Up-to-date symlink: /home/bchan400/ros2_ws/install/velodyne_laserscan/share/velodyne_laserscan/cmake/ament_cmake_export_dependencies-extras.cmake
[0.369s] -- Up-to-date symlink: /home/bchan400/ros2_ws/install/velodyne_laserscan/share/velodyne_laserscan/cmake/velodyne_laserscanConfig.cmake
[0.369s] -- Up-to-date symlink: /home/bchan400/ros2_ws/install/velodyne_laserscan/share/velodyne_laserscan/cmake/velodyne_laserscanConfig-version.cmake
[0.369s] -- Up-to-date symlink: /home/bchan400/ros2_ws/install/velodyne_laserscan/share/velodyne_laserscan/package.xml
[0.369s] -- Up-to-date: /home/bchan400/ros2_ws/install/velodyne_laserscan/lib/libvelodyne_laserscan.so
[0.369s] -- Up-to-date: /home/bchan400/ros2_ws/install/velodyne_laserscan/share/velodyne_laserscan/cmake/velodyne_laserscanExport.cmake
[0.369s] -- Up-to-date: /home/bchan400/ros2_ws/install/velodyne_laserscan/share/velodyne_laserscan/cmake/velodyne_laserscanExport-noconfig.cmake
[0.373s] Invoked command in '/home/bchan400/ros2_ws/build/velodyne_laserscan' returned '0': CMAKE_PREFIX_PATH=${CMAKE_PREFIX_PATH}:/home/bchan400/ros2_ws/install/boat_ctrl:/opt/ros/humble /usr/bin/cmake --install /home/bchan400/ros2_ws/build/velodyne_laserscan
