-- The C compiler identification is GNU 11.4.0
-- The CXX compiler identification is GNU 11.4.0
-- Detecting C compiler ABI info
-- Detecting C compiler ABI info - done
-- Check for working C compiler: /usr/bin/cc - skipped
-- Detecting C compile features
-- Detecting C compile features - done
-- Detecting CXX compiler ABI info
-- Detecting CXX compiler ABI info - done
-- Check for working CXX compiler: /usr/bin/c++ - skipped
-- Detecting CXX compile features
-- Detecting CXX compile features - done
-- Found ament_cmake: 1.3.10 (/opt/ros/humble/share/ament_cmake/cmake)
-- Found Python3: /usr/bin/python3 (found version "3.10.12") found components: Interpreter 
-- Override CMake install command with custom implementation using symlinks instead of copying resources
-- Configuring done
-- Generating done
-- Build files have been written to: /home/bchan400/ros2_ws/build/mhsboat
Built target ament_cmake_python_symlink_mhsboat
running egg_info
creating mhsboat.egg-info
writing mhsboat.egg-info/PKG-INFO
writing dependency_links to mhsboat.egg-info/dependency_links.txt
writing top-level names to mhsboat.egg-info/top_level.txt
writing manifest file 'mhsboat.egg-info/SOURCES.txt'
reading manifest file 'mhsboat.egg-info/SOURCES.txt'
writing manifest file 'mhsboat.egg-info/SOURCES.txt'
Built target ament_cmake_python_build_mhsboat_egg
-- Install configuration: ""
-- Execute custom install script
-- Symlinking: /home/bchan400/ros2_ws/install/mhsboat/lib/mhsboat/placeholder.py
-- Symlinking: /home/bchan400/ros2_ws/install/mhsboat/share/mhsboat/config/ekf.yaml
-- Symlinking: /home/bchan400/ros2_ws/install/mhsboat/share/mhsboat/config/view_boat.rviz
-- Symlinking: /home/bchan400/ros2_ws/install/mhsboat/share/mhsboat/launch/run_boat.py
-- Symlinking: /home/bchan400/ros2_ws/install/mhsboat/share/mhsboat/launch/view_gazebo.launch.py
-- Symlinking: /home/bchan400/ros2_ws/install/mhsboat/share/mhsboat/launch/view_urdf.launch.py
-- Symlinking: /home/bchan400/ros2_ws/install/mhsboat/share/mhsboat/urdf/VLP-16.urdf.xacro
-- Symlinking: /home/bchan400/ros2_ws/install/mhsboat/share/mhsboat/urdf/tuppy.urdf
-- Symlinking: /home/bchan400/ros2_ws/install/mhsboat/share/mhsboat/environment/pythonpath.sh
-- Symlinking: /home/bchan400/ros2_ws/install/mhsboat/share/mhsboat/environment/pythonpath.dsv
-- Symlinking: /home/bchan400/ros2_ws/install/mhsboat/local/lib/python3.10/dist-packages/mhsboat-0.0.0-py3.10.egg-info/PKG-INFO
-- Symlinking: /home/bchan400/ros2_ws/install/mhsboat/local/lib/python3.10/dist-packages/mhsboat-0.0.0-py3.10.egg-info/SOURCES.txt
-- Symlinking: /home/bchan400/ros2_ws/install/mhsboat/local/lib/python3.10/dist-packages/mhsboat-0.0.0-py3.10.egg-info/dependency_links.txt
-- Symlinking: /home/bchan400/ros2_ws/install/mhsboat/local/lib/python3.10/dist-packages/mhsboat-0.0.0-py3.10.egg-info/top_level.txt
-- Symlinking: /home/bchan400/ros2_ws/install/mhsboat/local/lib/python3.10/dist-packages/mhsboat/__init__.py
-- Symlinking: /home/bchan400/ros2_ws/install/mhsboat/share/ament_index/resource_index/package_run_dependencies/mhsboat
-- Symlinking: /home/bchan400/ros2_ws/install/mhsboat/share/ament_index/resource_index/parent_prefix_path/mhsboat
-- Symlinking: /home/bchan400/ros2_ws/install/mhsboat/share/mhsboat/environment/ament_prefix_path.sh
-- Symlinking: /home/bchan400/ros2_ws/install/mhsboat/share/mhsboat/environment/ament_prefix_path.dsv
-- Symlinking: /home/bchan400/ros2_ws/install/mhsboat/share/mhsboat/environment/path.sh
-- Symlinking: /home/bchan400/ros2_ws/install/mhsboat/share/mhsboat/environment/path.dsv
-- Symlinking: /home/bchan400/ros2_ws/install/mhsboat/share/mhsboat/local_setup.bash
-- Symlinking: /home/bchan400/ros2_ws/install/mhsboat/share/mhsboat/local_setup.sh
-- Symlinking: /home/bchan400/ros2_ws/install/mhsboat/share/mhsboat/local_setup.zsh
-- Symlinking: /home/bchan400/ros2_ws/install/mhsboat/share/mhsboat/local_setup.dsv
-- Symlinking: /home/bchan400/ros2_ws/install/mhsboat/share/mhsboat/package.dsv
-- Symlinking: /home/bchan400/ros2_ws/install/mhsboat/share/ament_index/resource_index/packages/mhsboat
-- Symlinking: /home/bchan400/ros2_ws/install/mhsboat/share/mhsboat/cmake/mhsboatConfig.cmake
-- Symlinking: /home/bchan400/ros2_ws/install/mhsboat/share/mhsboat/cmake/mhsboatConfig-version.cmake
-- Symlinking: /home/bchan400/ros2_ws/install/mhsboat/share/mhsboat/package.xml
Listing '/home/bchan400/ros2_ws/install/mhsboat/local/lib/python3.10/dist-packages/mhsboat'...
Compiling '/home/bchan400/ros2_ws/install/mhsboat/local/lib/python3.10/dist-packages/mhsboat/__init__.py'...
