[0.005s] Invoking command in '/home/bchan400/ros2_ws/build/mhsboat': CMAKE_PREFIX_PATH=/opt/ros/humble /usr/bin/cmake /home/bchan400/ros2_ws/src/mhsboat -DAMENT_CMAKE_SYMLINK_INSTALL=1 -DCMAKE_INSTALL_PREFIX=/home/bchan400/ros2_ws/install/mhsboat
[0.106s] -- The C compiler identification is GNU 11.4.0
[0.152s] -- The CXX compiler identification is GNU 11.4.0
[0.157s] -- Detecting C compiler ABI info
[0.211s] -- Detecting C compiler ABI info - done
[0.218s] -- Check for working C compiler: /usr/bin/cc - skipped
[0.218s] -- Detecting C compile features
[0.218s] -- Detecting C compile features - done
[0.220s] -- Detecting CXX compiler ABI info
[0.288s] -- Detecting CXX compiler ABI info - done
[0.294s] -- Check for working CXX compiler: /usr/bin/c++ - skipped
[0.294s] -- Detecting CXX compile features
[0.294s] -- Detecting CXX compile features - done
[0.296s] -- Found ament_cmake: 1.3.10 (/opt/ros/humble/share/ament_cmake/cmake)
[0.396s] -- Found Python3: /usr/bin/python3 (found version "3.10.12") found components: Interpreter 
[0.447s] -- Override CMake install command with custom implementation using symlinks instead of copying resources
[0.561s] -- Configuring done
[0.562s] -- Generating done
[0.563s] -- Build files have been written to: /home/bchan400/ros2_ws/build/mhsboat
[0.567s] Invoked command in '/home/bchan400/ros2_ws/build/mhsboat' returned '0': CMAKE_PREFIX_PATH=/opt/ros/humble /usr/bin/cmake /home/bchan400/ros2_ws/src/mhsboat -DAMENT_CMAKE_SYMLINK_INSTALL=1 -DCMAKE_INSTALL_PREFIX=/home/bchan400/ros2_ws/install/mhsboat
[0.568s] Invoking command in '/home/bchan400/ros2_ws/build/mhsboat': CMAKE_PREFIX_PATH=/opt/ros/humble /usr/bin/cmake --build /home/bchan400/ros2_ws/build/mhsboat -- -j8 -l8
[0.603s] Built target ament_cmake_python_symlink_mhsboat
[0.746s] running egg_info
[0.746s] creating mhsboat.egg-info
[0.746s] writing mhsboat.egg-info/PKG-INFO
[0.746s] writing dependency_links to mhsboat.egg-info/dependency_links.txt
[0.746s] writing top-level names to mhsboat.egg-info/top_level.txt
[0.746s] writing manifest file 'mhsboat.egg-info/SOURCES.txt'
[0.747s] reading manifest file 'mhsboat.egg-info/SOURCES.txt'
[0.748s] writing manifest file 'mhsboat.egg-info/SOURCES.txt'
[0.767s] Built target ament_cmake_python_build_mhsboat_egg
[0.775s] Invoked command in '/home/bchan400/ros2_ws/build/mhsboat' returned '0': CMAKE_PREFIX_PATH=/opt/ros/humble /usr/bin/cmake --build /home/bchan400/ros2_ws/build/mhsboat -- -j8 -l8
[0.796s] Invoking command in '/home/bchan400/ros2_ws/build/mhsboat': CMAKE_PREFIX_PATH=/opt/ros/humble /usr/bin/cmake --install /home/bchan400/ros2_ws/build/mhsboat
[0.801s] -- Install configuration: ""
[0.802s] -- Execute custom install script
[0.802s] -- Symlinking: /home/bchan400/ros2_ws/install/mhsboat/lib/mhsboat/placeholder.py
[0.808s] -- Symlinking: /home/bchan400/ros2_ws/install/mhsboat/share/mhsboat/config/ekf.yaml
[0.814s] -- Symlinking: /home/bchan400/ros2_ws/install/mhsboat/share/mhsboat/config/view_boat.rviz
[0.823s] -- Symlinking: /home/bchan400/ros2_ws/install/mhsboat/share/mhsboat/launch/run_boat.py
[0.832s] -- Symlinking: /home/bchan400/ros2_ws/install/mhsboat/share/mhsboat/launch/view_gazebo.launch.py
[0.841s] -- Symlinking: /home/bchan400/ros2_ws/install/mhsboat/share/mhsboat/launch/view_urdf.launch.py
[0.851s] -- Symlinking: /home/bchan400/ros2_ws/install/mhsboat/share/mhsboat/urdf/VLP-16.urdf.xacro
[0.859s] -- Symlinking: /home/bchan400/ros2_ws/install/mhsboat/share/mhsboat/urdf/tuppy.urdf
[0.869s] -- Symlinking: /home/bchan400/ros2_ws/install/mhsboat/share/mhsboat/environment/pythonpath.sh
[0.876s] -- Symlinking: /home/bchan400/ros2_ws/install/mhsboat/share/mhsboat/environment/pythonpath.dsv
[0.884s] -- Symlinking: /home/bchan400/ros2_ws/install/mhsboat/local/lib/python3.10/dist-packages/mhsboat-0.0.0-py3.10.egg-info/PKG-INFO
[0.890s] -- Symlinking: /home/bchan400/ros2_ws/install/mhsboat/local/lib/python3.10/dist-packages/mhsboat-0.0.0-py3.10.egg-info/SOURCES.txt
[0.895s] -- Symlinking: /home/bchan400/ros2_ws/install/mhsboat/local/lib/python3.10/dist-packages/mhsboat-0.0.0-py3.10.egg-info/dependency_links.txt
[0.901s] -- Symlinking: /home/bchan400/ros2_ws/install/mhsboat/local/lib/python3.10/dist-packages/mhsboat-0.0.0-py3.10.egg-info/top_level.txt
[0.908s] -- Symlinking: /home/bchan400/ros2_ws/install/mhsboat/local/lib/python3.10/dist-packages/mhsboat/__init__.py
[0.913s] -- Symlinking: /home/bchan400/ros2_ws/install/mhsboat/share/ament_index/resource_index/package_run_dependencies/mhsboat
[0.919s] -- Symlinking: /home/bchan400/ros2_ws/install/mhsboat/share/ament_index/resource_index/parent_prefix_path/mhsboat
[0.924s] -- Symlinking: /home/bchan400/ros2_ws/install/mhsboat/share/mhsboat/environment/ament_prefix_path.sh
[0.930s] -- Symlinking: /home/bchan400/ros2_ws/install/mhsboat/share/mhsboat/environment/ament_prefix_path.dsv
[0.936s] -- Symlinking: /home/bchan400/ros2_ws/install/mhsboat/share/mhsboat/environment/path.sh
[0.942s] -- Symlinking: /home/bchan400/ros2_ws/install/mhsboat/share/mhsboat/environment/path.dsv
[0.948s] -- Symlinking: /home/bchan400/ros2_ws/install/mhsboat/share/mhsboat/local_setup.bash
[0.953s] -- Symlinking: /home/bchan400/ros2_ws/install/mhsboat/share/mhsboat/local_setup.sh
[0.959s] -- Symlinking: /home/bchan400/ros2_ws/install/mhsboat/share/mhsboat/local_setup.zsh
[0.965s] -- Symlinking: /home/bchan400/ros2_ws/install/mhsboat/share/mhsboat/local_setup.dsv
[0.971s] -- Symlinking: /home/bchan400/ros2_ws/install/mhsboat/share/mhsboat/package.dsv
[0.977s] -- Symlinking: /home/bchan400/ros2_ws/install/mhsboat/share/ament_index/resource_index/packages/mhsboat
[0.982s] -- Symlinking: /home/bchan400/ros2_ws/install/mhsboat/share/mhsboat/cmake/mhsboatConfig.cmake
[0.988s] -- Symlinking: /home/bchan400/ros2_ws/install/mhsboat/share/mhsboat/cmake/mhsboatConfig-version.cmake
[0.994s] -- Symlinking: /home/bchan400/ros2_ws/install/mhsboat/share/mhsboat/package.xml
[1.031s] Listing '/home/bchan400/ros2_ws/install/mhsboat/local/lib/python3.10/dist-packages/mhsboat'...
[1.032s] Compiling '/home/bchan400/ros2_ws/install/mhsboat/local/lib/python3.10/dist-packages/mhsboat/__init__.py'...
[1.037s] Invoked command in '/home/bchan400/ros2_ws/build/mhsboat' returned '0': CMAKE_PREFIX_PATH=/opt/ros/humble /usr/bin/cmake --install /home/bchan400/ros2_ws/build/mhsboat
