[0.622s] Invoking command in '/home/bchan400/ros2_ws/build/boat_ctrl': PYTHONPATH=/home/bchan400/ros2_ws/build/boat_ctrl/prefix_override:/usr/lib/python3/dist-packages/colcon_core/task/python/colcon_distutils_commands:/home/bchan400/ros2_ws/install/boat_ctrl/lib/python3.10/site-packages:${PYTHONPATH} /usr/bin/python3 -W ignore:setup.py install is deprecated setup.py develop --editable --build-directory /home/bchan400/ros2_ws/build/boat_ctrl/build --no-deps symlink_data
[0.930s] running develop
[0.931s] /usr/lib/python3/dist-packages/setuptools/command/easy_install.py:158: EasyInstallDeprecationWarning: easy_install command is deprecated. Use build and pip and other standards-based tools.
[0.931s]   warnings.warn(
[1.097s] running egg_info
[1.097s] creating boat_ctrl.egg-info
[1.097s] writing boat_ctrl.egg-info/PKG-INFO
[1.097s] writing dependency_links to boat_ctrl.egg-info/dependency_links.txt
[1.097s] writing entry points to boat_ctrl.egg-info/entry_points.txt
[1.097s] writing requirements to boat_ctrl.egg-info/requires.txt
[1.097s] writing top-level names to boat_ctrl.egg-info/top_level.txt
[1.099s] writing manifest file 'boat_ctrl.egg-info/SOURCES.txt'
[1.099s] reading manifest file 'boat_ctrl.egg-info/SOURCES.txt'
[1.100s] writing manifest file 'boat_ctrl.egg-info/SOURCES.txt'
[1.100s] running build_ext
[1.100s] Creating /home/bchan400/ros2_ws/install/boat_ctrl/lib/python3.10/site-packages/boat-ctrl.egg-link (link to .)
[1.101s] 
[1.101s] Installed /home/bchan400/ros2_ws/build/boat_ctrl
[1.101s] running symlink_data
[1.101s] creating /home/bchan400/ros2_ws/install/boat_ctrl/share/ament_index
[1.101s] creating /home/bchan400/ros2_ws/install/boat_ctrl/share/ament_index/resource_index
[1.101s] creating /home/bchan400/ros2_ws/install/boat_ctrl/share/ament_index/resource_index/packages
[1.101s] symbolically linking /home/bchan400/ros2_ws/build/boat_ctrl/resource/boat_ctrl -> /home/bchan400/ros2_ws/install/boat_ctrl/share/ament_index/resource_index/packages
[1.101s] symbolically linking /home/bchan400/ros2_ws/build/boat_ctrl/package.xml -> /home/bchan400/ros2_ws/install/boat_ctrl/share/boat_ctrl
[1.152s] Invoked command in '/home/bchan400/ros2_ws/build/boat_ctrl' returned '0': PYTHONPATH=/home/bchan400/ros2_ws/build/boat_ctrl/prefix_override:/usr/lib/python3/dist-packages/colcon_core/task/python/colcon_distutils_commands:/home/bchan400/ros2_ws/install/boat_ctrl/lib/python3.10/site-packages:${PYTHONPATH} /usr/bin/python3 -W ignore:setup.py install is deprecated setup.py develop --editable --build-directory /home/bchan400/ros2_ws/build/boat_ctrl/build --no-deps symlink_data
