[0.018s] Invoking command in '/home/bchan400/ros2_ws/build/velodyne_laserscan': CMAKE_PREFIX_PATH=/opt/ros/humble /usr/bin/cmake --build /home/bchan400/ros2_ws/build/velodyne_laserscan -- -j8 -l8
[0.265s] [ 50%] Built target velodyne_laserscan
[0.266s] [100%] Built target velodyne_laserscan_node
[0.270s] Invoked command in '/home/bchan400/ros2_ws/build/velodyne_laserscan' returned '0': CMAKE_PREFIX_PATH=/opt/ros/humble /usr/bin/cmake --build /home/bchan400/ros2_ws/build/velodyne_laserscan -- -j8 -l8
[0.312s] Invoking command in '/home/bchan400/ros2_ws/build/velodyne_laserscan': CMAKE_PREFIX_PATH=/opt/ros/humble /usr/bin/cmake --install /home/bchan400/ros2_ws/build/velodyne_laserscan
[0.319s] -- Install configuration: ""
[0.320s] -- Execute custom install script
[0.321s] -- Up-to-date symlink: /home/bchan400/ros2_ws/install/velodyne_laserscan/lib/velodyne_laserscan/velodyne_laserscan_node
[0.323s] -- Up-to-date symlink: /home/bchan400/ros2_ws/install/velodyne_laserscan/include/velodyne_laserscan/velodyne_laserscan.hpp
[0.324s] -- Up-to-date symlink: /home/bchan400/ros2_ws/install/velodyne_laserscan/share/velodyne_laserscan/config/default-velodyne_laserscan_node-params.yaml
[0.324s] -- Up-to-date symlink: /home/bchan400/ros2_ws/install/velodyne_laserscan/share/velodyne_laserscan/launch/velodyne_laserscan_node-composed-launch.py
[0.325s] -- Up-to-date symlink: /home/bchan400/ros2_ws/install/velodyne_laserscan/share/velodyne_laserscan/launch/velodyne_laserscan_node-launch.py
[0.326s] -- Up-to-date symlink: /home/bchan400/ros2_ws/install/velodyne_laserscan/share/ament_index/resource_index/package_run_dependencies/velodyne_laserscan
[0.326s] -- Up-to-date symlink: /home/bchan400/ros2_ws/install/velodyne_laserscan/share/ament_index/resource_index/parent_prefix_path/velodyne_laserscan
[0.327s] -- Up-to-date symlink: /home/bchan400/ros2_ws/install/velodyne_laserscan/share/velodyne_laserscan/environment/ament_prefix_path.sh
[0.329s] -- Up-to-date symlink: /home/bchan400/ros2_ws/install/velodyne_laserscan/share/velodyne_laserscan/environment/ament_prefix_path.dsv
[0.330s] -- Up-to-date symlink: /home/bchan400/ros2_ws/install/velodyne_laserscan/share/velodyne_laserscan/environment/path.sh
[0.330s] -- Up-to-date symlink: /home/bchan400/ros2_ws/install/velodyne_laserscan/share/velodyne_laserscan/environment/path.dsv
[0.331s] -- Up-to-date symlink: /home/bchan400/ros2_ws/install/velodyne_laserscan/share/velodyne_laserscan/local_setup.bash
[0.332s] -- Up-to-date symlink: /home/bchan400/ros2_ws/install/velodyne_laserscan/share/velodyne_laserscan/local_setup.sh
[0.332s] -- Up-to-date symlink: /home/bchan400/ros2_ws/install/velodyne_laserscan/share/velodyne_laserscan/local_setup.zsh
[0.332s] -- Up-to-date symlink: /home/bchan400/ros2_ws/install/velodyne_laserscan/share/velodyne_laserscan/local_setup.dsv
[0.332s] -- Symlinking: /home/bchan400/ros2_ws/install/velodyne_laserscan/share/velodyne_laserscan/package.dsv
[0.342s] -- Up-to-date symlink: /home/bchan400/ros2_ws/install/velodyne_laserscan/share/ament_index/resource_index/packages/velodyne_laserscan
[0.342s] -- Up-to-date symlink: /home/bchan400/ros2_ws/install/velodyne_laserscan/share/ament_index/resource_index/rclcpp_components/velodyne_laserscan
[0.342s] -- Up-to-date symlink: /home/bchan400/ros2_ws/install/velodyne_laserscan/share/velodyne_laserscan/cmake/ament_cmake_export_include_directories-extras.cmake
[0.344s] -- Up-to-date symlink: /home/bchan400/ros2_ws/install/velodyne_laserscan/share/velodyne_laserscan/cmake/ament_cmake_export_targets-extras.cmake
[0.344s] -- Up-to-date symlink: /home/bchan400/ros2_ws/install/velodyne_laserscan/share/velodyne_laserscan/cmake/ament_cmake_export_dependencies-extras.cmake
[0.344s] -- Up-to-date symlink: /home/bchan400/ros2_ws/install/velodyne_laserscan/share/velodyne_laserscan/cmake/velodyne_laserscanConfig.cmake
[0.344s] -- Up-to-date symlink: /home/bchan400/ros2_ws/install/velodyne_laserscan/share/velodyne_laserscan/cmake/velodyne_laserscanConfig-version.cmake
[0.344s] -- Up-to-date symlink: /home/bchan400/ros2_ws/install/velodyne_laserscan/share/velodyne_laserscan/package.xml
[0.344s] -- Up-to-date: /home/bchan400/ros2_ws/install/velodyne_laserscan/lib/libvelodyne_laserscan.so
[0.345s] -- Up-to-date: /home/bchan400/ros2_ws/install/velodyne_laserscan/share/velodyne_laserscan/cmake/velodyne_laserscanExport.cmake
[0.345s] -- Up-to-date: /home/bchan400/ros2_ws/install/velodyne_laserscan/share/velodyne_laserscan/cmake/velodyne_laserscanExport-noconfig.cmake
[0.347s] Invoked command in '/home/bchan400/ros2_ws/build/velodyne_laserscan' returned '0': CMAKE_PREFIX_PATH=/opt/ros/humble /usr/bin/cmake --install /home/bchan400/ros2_ws/build/velodyne_laserscan
