[0.233s] Invoking command in '/home/bchan400/ros2_ws/build/kiss_icp': CMAKE_PREFIX_PATH=${CMAKE_PREFIX_PATH}:/home/bchan400/ros2_ws/install/boat_ctrl:/opt/ros/humble /usr/bin/cmake --build /home/bchan400/ros2_ws/build/kiss_icp -- -j8 -l8
[0.307s] [ 53%] Built target kiss_icp_node
[0.307s] [ 60%] Built target kiss_icp_metrics
[0.307s] [ 73%] Built target kiss_icp_core
[0.333s] [ 86%] Built target kiss_icp_pipeline
[0.367s] [100%] Built target odometry_component
[0.385s] Invoked command in '/home/bchan400/ros2_ws/build/kiss_icp' returned '0': CMAKE_PREFIX_PATH=${CMAKE_PREFIX_PATH}:/home/bchan400/ros2_ws/install/boat_ctrl:/opt/ros/humble /usr/bin/cmake --build /home/bchan400/ros2_ws/build/kiss_icp -- -j8 -l8
[0.428s] Invoking command in '/home/bchan400/ros2_ws/build/kiss_icp': CMAKE_PREFIX_PATH=${CMAKE_PREFIX_PATH}:/home/bchan400/ros2_ws/install/boat_ctrl:/opt/ros/humble /usr/bin/cmake --install /home/bchan400/ros2_ws/build/kiss_icp
[0.436s] -- Install configuration: "Release"
[0.438s] -- Execute custom install script
[0.438s] -- Up-to-date symlink: /home/bchan400/ros2_ws/install/kiss_icp/lib/kiss_icp/kiss_icp_node
[0.438s] -- Up-to-date symlink: /home/bchan400/ros2_ws/install/kiss_icp/lib/libodometry_component.so
[0.439s] -- Up-to-date symlink: /home/bchan400/ros2_ws/install/kiss_icp/share/kiss_icp//launch/odometry.launch.py
[0.440s] -- Up-to-date symlink: /home/bchan400/ros2_ws/install/kiss_icp/share/kiss_icp//rviz/kiss_icp.rviz
[0.440s] -- Up-to-date symlink: /home/bchan400/ros2_ws/install/kiss_icp/share/ament_index/resource_index/package_run_dependencies/kiss_icp
[0.440s] -- Up-to-date symlink: /home/bchan400/ros2_ws/install/kiss_icp/share/ament_index/resource_index/parent_prefix_path/kiss_icp
[0.440s] -- Up-to-date symlink: /home/bchan400/ros2_ws/install/kiss_icp/share/kiss_icp/environment/ament_prefix_path.sh
[0.441s] -- Up-to-date symlink: /home/bchan400/ros2_ws/install/kiss_icp/share/kiss_icp/environment/ament_prefix_path.dsv
[0.441s] -- Up-to-date symlink: /home/bchan400/ros2_ws/install/kiss_icp/share/kiss_icp/environment/path.sh
[0.441s] -- Up-to-date symlink: /home/bchan400/ros2_ws/install/kiss_icp/share/kiss_icp/environment/path.dsv
[0.441s] -- Up-to-date symlink: /home/bchan400/ros2_ws/install/kiss_icp/share/kiss_icp/local_setup.bash
[0.441s] -- Up-to-date symlink: /home/bchan400/ros2_ws/install/kiss_icp/share/kiss_icp/local_setup.sh
[0.442s] -- Up-to-date symlink: /home/bchan400/ros2_ws/install/kiss_icp/share/kiss_icp/local_setup.zsh
[0.442s] -- Up-to-date symlink: /home/bchan400/ros2_ws/install/kiss_icp/share/kiss_icp/local_setup.dsv
[0.442s] -- Symlinking: /home/bchan400/ros2_ws/install/kiss_icp/share/kiss_icp/package.dsv
[0.451s] -- Up-to-date symlink: /home/bchan400/ros2_ws/install/kiss_icp/share/ament_index/resource_index/packages/kiss_icp
[0.452s] -- Up-to-date symlink: /home/bchan400/ros2_ws/install/kiss_icp/share/ament_index/resource_index/rclcpp_components/kiss_icp
[0.452s] -- Up-to-date symlink: /home/bchan400/ros2_ws/install/kiss_icp/share/kiss_icp/cmake/kiss_icpConfig.cmake
[0.452s] -- Up-to-date symlink: /home/bchan400/ros2_ws/install/kiss_icp/share/kiss_icp/cmake/kiss_icpConfig-version.cmake
[0.453s] -- Up-to-date symlink: /home/bchan400/ros2_ws/install/kiss_icp/share/kiss_icp/package.xml
[0.462s] Invoked command in '/home/bchan400/ros2_ws/build/kiss_icp' returned '0': CMAKE_PREFIX_PATH=${CMAKE_PREFIX_PATH}:/home/bchan400/ros2_ws/install/boat_ctrl:/opt/ros/humble /usr/bin/cmake --install /home/bchan400/ros2_ws/build/kiss_icp
