[0.008s] Invoking command in '/home/bchan400/ros2_ws/build/kiss_icp': CMAKE_PREFIX_PATH=/opt/ros/humble /usr/bin/cmake /home/bchan400/ros2_ws/src/kiss-icp/ros -DCMAKE_INSTALL_PREFIX=/home/bchan400/ros2_ws/install/kiss_icp
[0.135s] -- The CXX compiler identification is GNU 11.4.0
[0.143s] -- Detecting CXX compiler ABI info
[0.207s] -- Detecting CXX compiler ABI info - done
[0.217s] -- Check for working CXX compiler: /usr/bin/c++ - skipped
[0.217s] -- Detecting CXX compile features
[0.218s] -- Detecting CXX compile features - done
[1.272s] -- The C compiler identification is GNU 11.4.0
[1.277s] -- Detecting C compiler ABI info
[1.344s] -- Detecting C compiler ABI info - done
[1.349s] -- Check for working C compiler: /usr/bin/cc - skipped
[1.349s] -- Detecting C compile features
[1.350s] -- Detecting C compile features - done
[1.352s] -- Turning basic logging ON
[2.176s] -- Found ament_cmake: 1.3.10 (/opt/ros/humble/share/ament_cmake/cmake)
[2.295s] -- Found Python3: /usr/bin/python3 (found version "3.10.12") found components: Interpreter 
[2.366s] -- Found geometry_msgs: 4.2.4 (/opt/ros/humble/share/geometry_msgs/cmake)
[2.397s] -- Found rosidl_generator_c: 3.1.5 (/opt/ros/humble/share/rosidl_generator_c/cmake)
[2.401s] -- Found rosidl_adapter: 3.1.5 (/opt/ros/humble/share/rosidl_adapter/cmake)
[2.408s] -- Found rosidl_generator_cpp: 3.1.5 (/opt/ros/humble/share/rosidl_generator_cpp/cmake)
[2.419s] -- Using all available rosidl_typesupport_c: rosidl_typesupport_fastrtps_c;rosidl_typesupport_introspection_c
[2.432s] -- Using all available rosidl_typesupport_cpp: rosidl_typesupport_fastrtps_cpp;rosidl_typesupport_introspection_cpp
[2.464s] -- Found nav_msgs: 4.2.4 (/opt/ros/humble/share/nav_msgs/cmake)
[2.478s] -- Found rclcpp: 16.0.10 (/opt/ros/humble/share/rclcpp/cmake)
[2.510s] -- Found rmw_implementation_cmake: 6.1.2 (/opt/ros/humble/share/rmw_implementation_cmake/cmake)
[2.512s] -- Found rmw_fastrtps_cpp: 6.2.7 (/opt/ros/humble/share/rmw_fastrtps_cpp/cmake)
[2.578s] -- Found OpenSSL: /usr/lib/x86_64-linux-gnu/libcrypto.so (found version "3.0.2")  
[2.599s] -- Found FastRTPS: /opt/ros/humble/include  
[2.627s] -- Using RMW implementation 'rmw_fastrtps_cpp' as default
[2.634s] -- Looking for C++ include pthread.h
[2.718s] -- Looking for C++ include pthread.h - found
[2.718s] -- Performing Test CMAKE_HAVE_LIBC_PTHREAD
[2.781s] -- Performing Test CMAKE_HAVE_LIBC_PTHREAD - Success
[2.782s] -- Found Threads: TRUE  
[2.815s] -- Found rclcpp_components: 16.0.10 (/opt/ros/humble/share/rclcpp_components/cmake)
[2.838s] -- Found sensor_msgs: 4.2.4 (/opt/ros/humble/share/sensor_msgs/cmake)
[2.853s] -- Found tf2_ros: 0.25.8 (/opt/ros/humble/share/tf2_ros/cmake)
[2.964s] -- Configuring done
[2.979s] -- Generating done
[2.981s] -- Build files have been written to: /home/bchan400/ros2_ws/build/kiss_icp
[2.990s] Invoked command in '/home/bchan400/ros2_ws/build/kiss_icp' returned '0': CMAKE_PREFIX_PATH=/opt/ros/humble /usr/bin/cmake /home/bchan400/ros2_ws/src/kiss-icp/ros -DCMAKE_INSTALL_PREFIX=/home/bchan400/ros2_ws/install/kiss_icp
[2.991s] Invoking command in '/home/bchan400/ros2_ws/build/kiss_icp': CMAKE_PREFIX_PATH=/opt/ros/humble /usr/bin/cmake --build /home/bchan400/ros2_ws/build/kiss_icp -- -j8 -l8
[3.032s] [ 46%] [32mBuilding CXX object kiss_icp/core/CMakeFiles/kiss_icp_core.dir/Deskew.cpp.o[0m
[3.032s] [ 46%] [32mBuilding CXX object kiss_icp/core/CMakeFiles/kiss_icp_core.dir/Preprocessing.cpp.o[0m
[3.032s] [ 53%] [32mBuilding CXX object kiss_icp/core/CMakeFiles/kiss_icp_core.dir/VoxelUtils.cpp.o[0m
[3.032s] [ 46%] [32mBuilding CXX object kiss_icp/core/CMakeFiles/kiss_icp_core.dir/Registration.cpp.o[0m
[3.032s] [ 53%] [32mBuilding CXX object kiss_icp/core/CMakeFiles/kiss_icp_core.dir/Threshold.cpp.o[0m
[3.032s] [ 46%] [32mBuilding CXX object CMakeFiles/kiss_icp_node.dir/rclcpp_components/node_main_kiss_icp_node.cpp.o[0m
[3.032s] [ 46%] [32mBuilding CXX object kiss_icp/core/CMakeFiles/kiss_icp_core.dir/VoxelHashMap.cpp.o[0m
[3.033s] [ 53%] [32mBuilding CXX object kiss_icp/metrics/CMakeFiles/kiss_icp_metrics.dir/Metrics.cpp.o[0m
[7.098s] [ 60%] [32m[1mLinking CXX executable kiss_icp_node[0m
[7.213s] [ 60%] Built target kiss_icp_node
[9.396s] [ 66%] [32m[1mLinking CXX static library libkiss_icp_core.a[0m
[9.425s] [ 66%] Built target kiss_icp_core
[9.441s] [ 73%] [32mBuilding CXX object kiss_icp/pipeline/CMakeFiles/kiss_icp_pipeline.dir/KissICP.cpp.o[0m
[10.747s] [ 80%] [32m[1mLinking CXX static library libkiss_icp_pipeline.a[0m
[10.773s] [ 80%] Built target kiss_icp_pipeline
[10.789s] [ 86%] [32mBuilding CXX object CMakeFiles/odometry_component.dir/src/OdometryServer.cpp.o[0m
[15.179s] [ 93%] [32m[1mLinking CXX static library libkiss_icp_metrics.a[0m
[15.206s] [ 93%] Built target kiss_icp_metrics
[24.605s] [100%] [32m[1mLinking CXX shared library libodometry_component.so[0m
[24.789s] [100%] Built target odometry_component
[24.797s] Invoked command in '/home/bchan400/ros2_ws/build/kiss_icp' returned '0': CMAKE_PREFIX_PATH=/opt/ros/humble /usr/bin/cmake --build /home/bchan400/ros2_ws/build/kiss_icp -- -j8 -l8
[24.826s] Invoking command in '/home/bchan400/ros2_ws/build/kiss_icp': CMAKE_PREFIX_PATH=/opt/ros/humble /usr/bin/cmake --install /home/bchan400/ros2_ws/build/kiss_icp
[24.831s] -- Install configuration: "Release"
[24.831s] -- Installing: /home/bchan400/ros2_ws/install/kiss_icp/lib/kiss_icp/kiss_icp_node
[24.832s] -- Set runtime path of "/home/bchan400/ros2_ws/install/kiss_icp/lib/kiss_icp/kiss_icp_node" to ""
[24.832s] -- Installing: /home/bchan400/ros2_ws/install/kiss_icp/lib/libodometry_component.so
[24.833s] -- Set runtime path of "/home/bchan400/ros2_ws/install/kiss_icp/lib/libodometry_component.so" to ""
[24.833s] -- Installing: /home/bchan400/ros2_ws/install/kiss_icp/share/kiss_icp//launch
[24.833s] -- Installing: /home/bchan400/ros2_ws/install/kiss_icp/share/kiss_icp//launch/odometry.launch.py
[24.833s] -- Installing: /home/bchan400/ros2_ws/install/kiss_icp/share/kiss_icp//rviz
[24.833s] -- Installing: /home/bchan400/ros2_ws/install/kiss_icp/share/kiss_icp//rviz/kiss_icp.rviz
[24.833s] -- Installing: /home/bchan400/ros2_ws/install/kiss_icp/share/ament_index/resource_index/package_run_dependencies/kiss_icp
[24.833s] -- Installing: /home/bchan400/ros2_ws/install/kiss_icp/share/ament_index/resource_index/parent_prefix_path/kiss_icp
[24.833s] -- Installing: /home/bchan400/ros2_ws/install/kiss_icp/share/kiss_icp/environment/ament_prefix_path.sh
[24.834s] -- Installing: /home/bchan400/ros2_ws/install/kiss_icp/share/kiss_icp/environment/ament_prefix_path.dsv
[24.834s] -- Installing: /home/bchan400/ros2_ws/install/kiss_icp/share/kiss_icp/environment/path.sh
[24.834s] -- Installing: /home/bchan400/ros2_ws/install/kiss_icp/share/kiss_icp/environment/path.dsv
[24.834s] -- Installing: /home/bchan400/ros2_ws/install/kiss_icp/share/kiss_icp/local_setup.bash
[24.834s] -- Installing: /home/bchan400/ros2_ws/install/kiss_icp/share/kiss_icp/local_setup.sh
[24.834s] -- Installing: /home/bchan400/ros2_ws/install/kiss_icp/share/kiss_icp/local_setup.zsh
[24.834s] -- Installing: /home/bchan400/ros2_ws/install/kiss_icp/share/kiss_icp/local_setup.dsv
[24.834s] -- Installing: /home/bchan400/ros2_ws/install/kiss_icp/share/kiss_icp/package.dsv
[24.834s] -- Installing: /home/bchan400/ros2_ws/install/kiss_icp/share/ament_index/resource_index/packages/kiss_icp
[24.834s] -- Installing: /home/bchan400/ros2_ws/install/kiss_icp/share/ament_index/resource_index/rclcpp_components/kiss_icp
[24.834s] -- Installing: /home/bchan400/ros2_ws/install/kiss_icp/share/kiss_icp/cmake/kiss_icpConfig.cmake
[24.834s] -- Installing: /home/bchan400/ros2_ws/install/kiss_icp/share/kiss_icp/cmake/kiss_icpConfig-version.cmake
[24.834s] -- Installing: /home/bchan400/ros2_ws/install/kiss_icp/share/kiss_icp/package.xml
[24.836s] Invoked command in '/home/bchan400/ros2_ws/build/kiss_icp' returned '0': CMAKE_PREFIX_PATH=/opt/ros/humble /usr/bin/cmake --install /home/bchan400/ros2_ws/build/kiss_icp
