[0.230s] Invoking command in '/home/bchan400/ros2_ws/build/velodyne_laserscan': CMAKE_PREFIX_PATH=${CMAKE_PREFIX_PATH}:/home/bchan400/ros2_ws/install/boat_ctrl:/opt/ros/humble /usr/bin/cmake --build /home/bchan400/ros2_ws/build/velodyne_laserscan -- -j8 -l8
[0.310s] [ 50%] Built target velodyne_laserscan
[0.336s] [100%] Built target velodyne_laserscan_node
[0.350s] Invoked command in '/home/bchan400/ros2_ws/build/velodyne_laserscan' returned '0': CMAKE_PREFIX_PATH=${CMAKE_PREFIX_PATH}:/home/bchan400/ros2_ws/install/boat_ctrl:/opt/ros/humble /usr/bin/cmake --build /home/bchan400/ros2_ws/build/velodyne_laserscan -- -j8 -l8
[0.386s] Invoking command in '/home/bchan400/ros2_ws/build/velodyne_laserscan': CMAKE_PREFIX_PATH=${CMAKE_PREFIX_PATH}:/home/bchan400/ros2_ws/install/boat_ctrl:/opt/ros/humble /usr/bin/cmake --install /home/bchan400/ros2_ws/build/velodyne_laserscan
[0.394s] -- Install configuration: ""
[0.395s] -- Execute custom install script
[0.395s] -- Up-to-date symlink: /home/bchan400/ros2_ws/install/velodyne_laserscan/lib/velodyne_laserscan/velodyne_laserscan_node
[0.396s] -- Up-to-date symlink: /home/bchan400/ros2_ws/install/velodyne_laserscan/include/velodyne_laserscan/velodyne_laserscan.hpp
[0.397s] -- Up-to-date symlink: /home/bchan400/ros2_ws/install/velodyne_laserscan/share/velodyne_laserscan/config/default-velodyne_laserscan_node-params.yaml
[0.397s] -- Up-to-date symlink: /home/bchan400/ros2_ws/install/velodyne_laserscan/share/velodyne_laserscan/launch/velodyne_laserscan_node-composed-launch.py
[0.397s] -- Up-to-date symlink: /home/bchan400/ros2_ws/install/velodyne_laserscan/share/velodyne_laserscan/launch/velodyne_laserscan_node-launch.py
[0.398s] -- Up-to-date symlink: /home/bchan400/ros2_ws/install/velodyne_laserscan/share/ament_index/resource_index/package_run_dependencies/velodyne_laserscan
[0.398s] -- Up-to-date symlink: /home/bchan400/ros2_ws/install/velodyne_laserscan/share/ament_index/resource_index/parent_prefix_path/velodyne_laserscan
[0.398s] -- Up-to-date symlink: /home/bchan400/ros2_ws/install/velodyne_laserscan/share/velodyne_laserscan/environment/ament_prefix_path.sh
[0.398s] -- Up-to-date symlink: /home/bchan400/ros2_ws/install/velodyne_laserscan/share/velodyne_laserscan/environment/ament_prefix_path.dsv
[0.399s] -- Up-to-date symlink: /home/bchan400/ros2_ws/install/velodyne_laserscan/share/velodyne_laserscan/environment/path.sh
[0.399s] -- Up-to-date symlink: /home/bchan400/ros2_ws/install/velodyne_laserscan/share/velodyne_laserscan/environment/path.dsv
[0.399s] -- Up-to-date symlink: /home/bchan400/ros2_ws/install/velodyne_laserscan/share/velodyne_laserscan/local_setup.bash
[0.399s] -- Up-to-date symlink: /home/bchan400/ros2_ws/install/velodyne_laserscan/share/velodyne_laserscan/local_setup.sh
[0.400s] -- Up-to-date symlink: /home/bchan400/ros2_ws/install/velodyne_laserscan/share/velodyne_laserscan/local_setup.zsh
[0.400s] -- Up-to-date symlink: /home/bchan400/ros2_ws/install/velodyne_laserscan/share/velodyne_laserscan/local_setup.dsv
[0.400s] -- Symlinking: /home/bchan400/ros2_ws/install/velodyne_laserscan/share/velodyne_laserscan/package.dsv
[0.410s] -- Up-to-date symlink: /home/bchan400/ros2_ws/install/velodyne_laserscan/share/ament_index/resource_index/packages/velodyne_laserscan
[0.410s] -- Up-to-date symlink: /home/bchan400/ros2_ws/install/velodyne_laserscan/share/ament_index/resource_index/rclcpp_components/velodyne_laserscan
[0.410s] -- Up-to-date symlink: /home/bchan400/ros2_ws/install/velodyne_laserscan/share/velodyne_laserscan/cmake/ament_cmake_export_include_directories-extras.cmake
[0.410s] -- Up-to-date symlink: /home/bchan400/ros2_ws/install/velodyne_laserscan/share/velodyne_laserscan/cmake/ament_cmake_export_targets-extras.cmake
[0.411s] -- Up-to-date symlink: /home/bchan400/ros2_ws/install/velodyne_laserscan/share/velodyne_laserscan/cmake/ament_cmake_export_dependencies-extras.cmake
[0.411s] -- Up-to-date symlink: /home/bchan400/ros2_ws/install/velodyne_laserscan/share/velodyne_laserscan/cmake/velodyne_laserscanConfig.cmake
[0.411s] -- Up-to-date symlink: /home/bchan400/ros2_ws/install/velodyne_laserscan/share/velodyne_laserscan/cmake/velodyne_laserscanConfig-version.cmake
[0.412s] -- Up-to-date symlink: /home/bchan400/ros2_ws/install/velodyne_laserscan/share/velodyne_laserscan/package.xml
[0.413s] -- Up-to-date: /home/bchan400/ros2_ws/install/velodyne_laserscan/lib/libvelodyne_laserscan.so
[0.414s] -- Up-to-date: /home/bchan400/ros2_ws/install/velodyne_laserscan/share/velodyne_laserscan/cmake/velodyne_laserscanExport.cmake
[0.414s] -- Up-to-date: /home/bchan400/ros2_ws/install/velodyne_laserscan/share/velodyne_laserscan/cmake/velodyne_laserscanExport-noconfig.cmake
[0.416s] Invoked command in '/home/bchan400/ros2_ws/build/velodyne_laserscan' returned '0': CMAKE_PREFIX_PATH=${CMAKE_PREFIX_PATH}:/home/bchan400/ros2_ws/install/boat_ctrl:/opt/ros/humble /usr/bin/cmake --install /home/bchan400/ros2_ws/build/velodyne_laserscan
