[0.008s] Invoking command in '/home/bchan400/ros2_ws/build/mhsboat': AMENT_PREFIX_PATH=/home/bchan400/ros2_ws/install/boat_ctrl:/home/bchan400/ros2_ws/install/velodyne:/home/bchan400/ros2_ws/install/velodyne_pointcloud:/home/bchan400/ros2_ws/install/velodyne_driver:/home/bchan400/ros2_ws/install/velodyne_msgs:/home/bchan400/ros2_ws/install/velodyne_laserscan:/home/bchan400/ros2_ws/install/mhsboat:/home/bchan400/ros2_ws/install/kiss_icp:/opt/ros/humble CMAKE_PREFIX_PATH=${CMAKE_PREFIX_PATH}:/home/bchan400/ros2_ws/install/boat_ctrl:/opt/ros/humble PYTHONPATH=/home/bchan400/ros2_ws/build/boat_ctrl:/home/bchan400/ros2_ws/install/boat_ctrl/lib/python3.10/site-packages:/home/bchan400/ros2_ws/install/velodyne_msgs/local/lib/python3.10/dist-packages:/home/bchan400/ros2_ws/install/mhsboat/local/lib/python3.10/dist-packages:/opt/ros/humble/lib/python3.10/site-packages:/opt/ros/humble/local/lib/python3.10/dist-packages /usr/bin/cmake --build /home/bchan400/ros2_ws/build/mhsboat -- -j8 -l8
[0.056s] Built target ament_cmake_python_symlink_mhsboat
[0.251s] running egg_info
[0.252s] writing mhsboat.egg-info/PKG-INFO
[0.253s] writing dependency_links to mhsboat.egg-info/dependency_links.txt
[0.253s] writing top-level names to mhsboat.egg-info/top_level.txt
[0.256s] reading manifest file 'mhsboat.egg-info/SOURCES.txt'
[0.256s] writing manifest file 'mhsboat.egg-info/SOURCES.txt'
[0.296s] Built target ament_cmake_python_build_mhsboat_egg
[0.306s] Invoked command in '/home/bchan400/ros2_ws/build/mhsboat' returned '0': AMENT_PREFIX_PATH=/home/bchan400/ros2_ws/install/boat_ctrl:/home/bchan400/ros2_ws/install/velodyne:/home/bchan400/ros2_ws/install/velodyne_pointcloud:/home/bchan400/ros2_ws/install/velodyne_driver:/home/bchan400/ros2_ws/install/velodyne_msgs:/home/bchan400/ros2_ws/install/velodyne_laserscan:/home/bchan400/ros2_ws/install/mhsboat:/home/bchan400/ros2_ws/install/kiss_icp:/opt/ros/humble CMAKE_PREFIX_PATH=${CMAKE_PREFIX_PATH}:/home/bchan400/ros2_ws/install/boat_ctrl:/opt/ros/humble PYTHONPATH=/home/bchan400/ros2_ws/build/boat_ctrl:/home/bchan400/ros2_ws/install/boat_ctrl/lib/python3.10/site-packages:/home/bchan400/ros2_ws/install/velodyne_msgs/local/lib/python3.10/dist-packages:/home/bchan400/ros2_ws/install/mhsboat/local/lib/python3.10/dist-packages:/opt/ros/humble/lib/python3.10/site-packages:/opt/ros/humble/local/lib/python3.10/dist-packages /usr/bin/cmake --build /home/bchan400/ros2_ws/build/mhsboat -- -j8 -l8
[0.330s] Invoking command in '/home/bchan400/ros2_ws/build/mhsboat': AMENT_PREFIX_PATH=/home/bchan400/ros2_ws/install/boat_ctrl:/home/bchan400/ros2_ws/install/velodyne:/home/bchan400/ros2_ws/install/velodyne_pointcloud:/home/bchan400/ros2_ws/install/velodyne_driver:/home/bchan400/ros2_ws/install/velodyne_msgs:/home/bchan400/ros2_ws/install/velodyne_laserscan:/home/bchan400/ros2_ws/install/mhsboat:/home/bchan400/ros2_ws/install/kiss_icp:/opt/ros/humble CMAKE_PREFIX_PATH=${CMAKE_PREFIX_PATH}:/home/bchan400/ros2_ws/install/boat_ctrl:/opt/ros/humble PYTHONPATH=/home/bchan400/ros2_ws/build/boat_ctrl:/home/bchan400/ros2_ws/install/boat_ctrl/lib/python3.10/site-packages:/home/bchan400/ros2_ws/install/velodyne_msgs/local/lib/python3.10/dist-packages:/home/bchan400/ros2_ws/install/mhsboat/local/lib/python3.10/dist-packages:/opt/ros/humble/lib/python3.10/site-packages:/opt/ros/humble/local/lib/python3.10/dist-packages /usr/bin/cmake --install /home/bchan400/ros2_ws/build/mhsboat
[0.339s] -- Install configuration: ""
[0.340s] -- Execute custom install script
[0.340s] -- Up-to-date symlink: /home/bchan400/ros2_ws/install/mhsboat/lib/mhsboat/placeholder.py
[0.340s] -- Up-to-date symlink: /home/bchan400/ros2_ws/install/mhsboat/share/mhsboat/config/ekf.yaml
[0.341s] -- Up-to-date symlink: /home/bchan400/ros2_ws/install/mhsboat/share/mhsboat/config/view_boat.rviz
[0.341s] -- Up-to-date symlink: /home/bchan400/ros2_ws/install/mhsboat/share/mhsboat/launch/run_boat.py
[0.341s] -- Up-to-date symlink: /home/bchan400/ros2_ws/install/mhsboat/share/mhsboat/launch/view_gazebo.launch.py
[0.341s] -- Up-to-date symlink: /home/bchan400/ros2_ws/install/mhsboat/share/mhsboat/launch/view_urdf.launch.py
[0.341s] -- Up-to-date symlink: /home/bchan400/ros2_ws/install/mhsboat/share/mhsboat/urdf/VLP-16.urdf.xacro
[0.341s] -- Up-to-date symlink: /home/bchan400/ros2_ws/install/mhsboat/share/mhsboat/urdf/tuppy.urdf
[0.341s] -- Up-to-date symlink: /home/bchan400/ros2_ws/install/mhsboat/share/mhsboat/environment/pythonpath.sh
[0.342s] -- Up-to-date symlink: /home/bchan400/ros2_ws/install/mhsboat/share/mhsboat/environment/pythonpath.dsv
[0.342s] -- Up-to-date symlink: /home/bchan400/ros2_ws/install/mhsboat/local/lib/python3.10/dist-packages/mhsboat-0.0.0-py3.10.egg-info/PKG-INFO
[0.342s] -- Up-to-date symlink: /home/bchan400/ros2_ws/install/mhsboat/local/lib/python3.10/dist-packages/mhsboat-0.0.0-py3.10.egg-info/SOURCES.txt
[0.342s] -- Up-to-date symlink: /home/bchan400/ros2_ws/install/mhsboat/local/lib/python3.10/dist-packages/mhsboat-0.0.0-py3.10.egg-info/dependency_links.txt
[0.342s] -- Up-to-date symlink: /home/bchan400/ros2_ws/install/mhsboat/local/lib/python3.10/dist-packages/mhsboat-0.0.0-py3.10.egg-info/top_level.txt
[0.342s] -- Up-to-date symlink: /home/bchan400/ros2_ws/install/mhsboat/local/lib/python3.10/dist-packages/mhsboat/__init__.py
[0.343s] -- Up-to-date symlink: /home/bchan400/ros2_ws/install/mhsboat/share/ament_index/resource_index/package_run_dependencies/mhsboat
[0.343s] -- Up-to-date symlink: /home/bchan400/ros2_ws/install/mhsboat/share/ament_index/resource_index/parent_prefix_path/mhsboat
[0.343s] -- Up-to-date symlink: /home/bchan400/ros2_ws/install/mhsboat/share/mhsboat/environment/ament_prefix_path.sh
[0.343s] -- Up-to-date symlink: /home/bchan400/ros2_ws/install/mhsboat/share/mhsboat/environment/ament_prefix_path.dsv
[0.343s] -- Up-to-date symlink: /home/bchan400/ros2_ws/install/mhsboat/share/mhsboat/environment/path.sh
[0.343s] -- Up-to-date symlink: /home/bchan400/ros2_ws/install/mhsboat/share/mhsboat/environment/path.dsv
[0.343s] -- Up-to-date symlink: /home/bchan400/ros2_ws/install/mhsboat/share/mhsboat/local_setup.bash
[0.343s] -- Up-to-date symlink: /home/bchan400/ros2_ws/install/mhsboat/share/mhsboat/local_setup.sh
[0.344s] -- Up-to-date symlink: /home/bchan400/ros2_ws/install/mhsboat/share/mhsboat/local_setup.zsh
[0.344s] -- Up-to-date symlink: /home/bchan400/ros2_ws/install/mhsboat/share/mhsboat/local_setup.dsv
[0.344s] -- Symlinking: /home/bchan400/ros2_ws/install/mhsboat/share/mhsboat/package.dsv
[0.354s] -- Up-to-date symlink: /home/bchan400/ros2_ws/install/mhsboat/share/ament_index/resource_index/packages/mhsboat
[0.354s] -- Up-to-date symlink: /home/bchan400/ros2_ws/install/mhsboat/share/mhsboat/cmake/mhsboatConfig.cmake
[0.354s] -- Up-to-date symlink: /home/bchan400/ros2_ws/install/mhsboat/share/mhsboat/cmake/mhsboatConfig-version.cmake
[0.354s] -- Up-to-date symlink: /home/bchan400/ros2_ws/install/mhsboat/share/mhsboat/package.xml
[0.382s] Listing '/home/bchan400/ros2_ws/install/mhsboat/local/lib/python3.10/dist-packages/mhsboat'...
[0.389s] Invoked command in '/home/bchan400/ros2_ws/build/mhsboat' returned '0': AMENT_PREFIX_PATH=/home/bchan400/ros2_ws/install/boat_ctrl:/home/bchan400/ros2_ws/install/velodyne:/home/bchan400/ros2_ws/install/velodyne_pointcloud:/home/bchan400/ros2_ws/install/velodyne_driver:/home/bchan400/ros2_ws/install/velodyne_msgs:/home/bchan400/ros2_ws/install/velodyne_laserscan:/home/bchan400/ros2_ws/install/mhsboat:/home/bchan400/ros2_ws/install/kiss_icp:/opt/ros/humble CMAKE_PREFIX_PATH=${CMAKE_PREFIX_PATH}:/home/bchan400/ros2_ws/install/boat_ctrl:/opt/ros/humble PYTHONPATH=/home/bchan400/ros2_ws/build/boat_ctrl:/home/bchan400/ros2_ws/install/boat_ctrl/lib/python3.10/site-packages:/home/bchan400/ros2_ws/install/velodyne_msgs/local/lib/python3.10/dist-packages:/home/bchan400/ros2_ws/install/mhsboat/local/lib/python3.10/dist-packages:/opt/ros/humble/lib/python3.10/site-packages:/opt/ros/humble/local/lib/python3.10/dist-packages /usr/bin/cmake --install /home/bchan400/ros2_ws/build/mhsboat
