[0.011s] Invoking command in '/home/bchan400/ros2_ws/build/velodyne_driver': CMAKE_PREFIX_PATH=/home/bchan400/ros2_ws/install/velodyne_msgs:/home/bchan400/ros2_ws/install/velodyne:/home/bchan400/ros2_ws/install/velodyne_pointcloud:/home/bchan400/ros2_ws/install/velodyne_driver:/home/bchan400/ros2_ws/install/velodyne_laserscan:/home/bchan400/ros2_ws/install/mhsboat:/home/bchan400/ros2_ws/install/kiss_icp:/home/bchan400/ros2_ws/install/boat_ctrl:/opt/ros/humble LD_LIBRARY_PATH=/home/bchan400/ros2_ws/install/velodyne_msgs/lib:/home/bchan400/ros2_ws/install/velodyne_pointcloud/lib:/home/bchan400/ros2_ws/install/velodyne_driver/lib:/home/bchan400/ros2_ws/install/velodyne_laserscan/lib:/home/bchan400/ros2_ws/install/kiss_icp/lib:/usr/lib/x86_64-linux-gnu/gazebo-11/plugins:/opt/ros/humble/opt/rviz_ogre_vendor/lib:/opt/ros/humble/lib/x86_64-linux-gnu:/opt/ros/humble/lib /usr/bin/cmake --build /home/bchan400/ros2_ws/build/velodyne_driver -- -j8 -l8
[0.079s] [ 16%] Built target gtest_main
[0.082s] [ 33%] Built target gtest
[0.082s] [ 50%] Built target velodyne_input
[0.110s] [ 75%] Built target velodyne_driver
[0.110s] [ 83%] Built target time_test
[0.136s] [100%] Built target velodyne_driver_node
[0.145s] Invoked command in '/home/bchan400/ros2_ws/build/velodyne_driver' returned '0': CMAKE_PREFIX_PATH=/home/bchan400/ros2_ws/install/velodyne_msgs:/home/bchan400/ros2_ws/install/velodyne:/home/bchan400/ros2_ws/install/velodyne_pointcloud:/home/bchan400/ros2_ws/install/velodyne_driver:/home/bchan400/ros2_ws/install/velodyne_laserscan:/home/bchan400/ros2_ws/install/mhsboat:/home/bchan400/ros2_ws/install/kiss_icp:/home/bchan400/ros2_ws/install/boat_ctrl:/opt/ros/humble LD_LIBRARY_PATH=/home/bchan400/ros2_ws/install/velodyne_msgs/lib:/home/bchan400/ros2_ws/install/velodyne_pointcloud/lib:/home/bchan400/ros2_ws/install/velodyne_driver/lib:/home/bchan400/ros2_ws/install/velodyne_laserscan/lib:/home/bchan400/ros2_ws/install/kiss_icp/lib:/usr/lib/x86_64-linux-gnu/gazebo-11/plugins:/opt/ros/humble/opt/rviz_ogre_vendor/lib:/opt/ros/humble/lib/x86_64-linux-gnu:/opt/ros/humble/lib /usr/bin/cmake --build /home/bchan400/ros2_ws/build/velodyne_driver -- -j8 -l8
[0.176s] Invoking command in '/home/bchan400/ros2_ws/build/velodyne_driver': CMAKE_PREFIX_PATH=/home/bchan400/ros2_ws/install/velodyne_msgs:/home/bchan400/ros2_ws/install/velodyne:/home/bchan400/ros2_ws/install/velodyne_pointcloud:/home/bchan400/ros2_ws/install/velodyne_driver:/home/bchan400/ros2_ws/install/velodyne_laserscan:/home/bchan400/ros2_ws/install/mhsboat:/home/bchan400/ros2_ws/install/kiss_icp:/home/bchan400/ros2_ws/install/boat_ctrl:/opt/ros/humble LD_LIBRARY_PATH=/home/bchan400/ros2_ws/install/velodyne_msgs/lib:/home/bchan400/ros2_ws/install/velodyne_pointcloud/lib:/home/bchan400/ros2_ws/install/velodyne_driver/lib:/home/bchan400/ros2_ws/install/velodyne_laserscan/lib:/home/bchan400/ros2_ws/install/kiss_icp/lib:/usr/lib/x86_64-linux-gnu/gazebo-11/plugins:/opt/ros/humble/opt/rviz_ogre_vendor/lib:/opt/ros/humble/lib/x86_64-linux-gnu:/opt/ros/humble/lib /usr/bin/cmake --install /home/bchan400/ros2_ws/build/velodyne_driver
[0.183s] -- Install configuration: ""
[0.183s] -- Execute custom install script
[0.184s] -- Up-to-date symlink: /home/bchan400/ros2_ws/install/velodyne_driver/lib/velodyne_driver/velodyne_driver_node
[0.184s] -- Up-to-date symlink: /home/bchan400/ros2_ws/install/velodyne_driver/include/velodyne_driver/driver.hpp
[0.185s] -- Up-to-date symlink: /home/bchan400/ros2_ws/install/velodyne_driver/include/velodyne_driver/input.hpp
[0.185s] -- Up-to-date symlink: /home/bchan400/ros2_ws/install/velodyne_driver/include/velodyne_driver/time_conversion.hpp
[0.185s] -- Up-to-date symlink: /home/bchan400/ros2_ws/install/velodyne_driver/share/velodyne_driver/config/VLP16-velodyne_driver_node-params.yaml
[0.185s] -- Up-to-date symlink: /home/bchan400/ros2_ws/install/velodyne_driver/share/velodyne_driver/config/VLP32C-velodyne_driver_node-params.yaml
[0.186s] -- Up-to-date symlink: /home/bchan400/ros2_ws/install/velodyne_driver/share/velodyne_driver/config/VLS128-velodyne_driver_node-params.yaml
[0.186s] -- Up-to-date symlink: /home/bchan400/ros2_ws/install/velodyne_driver/share/velodyne_driver/launch/velodyne_driver_node-VLP16-composed-launch.py
[0.186s] -- Up-to-date symlink: /home/bchan400/ros2_ws/install/velodyne_driver/share/velodyne_driver/launch/velodyne_driver_node-VLP16-launch.py
[0.186s] -- Up-to-date symlink: /home/bchan400/ros2_ws/install/velodyne_driver/share/velodyne_driver/launch/velodyne_driver_node-VLP32C-composed-launch.py
[0.187s] -- Up-to-date symlink: /home/bchan400/ros2_ws/install/velodyne_driver/share/velodyne_driver/launch/velodyne_driver_node-VLP32C-launch.py
[0.187s] -- Up-to-date symlink: /home/bchan400/ros2_ws/install/velodyne_driver/share/velodyne_driver/launch/velodyne_driver_node-VLS128-composed-launch.py
[0.187s] -- Up-to-date symlink: /home/bchan400/ros2_ws/install/velodyne_driver/share/velodyne_driver/launch/velodyne_driver_node-VLS128-launch.py
[0.187s] -- Up-to-date symlink: /home/bchan400/ros2_ws/install/velodyne_driver/lib/velodyne_driver/vdump
[0.187s] -- Up-to-date symlink: /home/bchan400/ros2_ws/install/velodyne_driver/share/ament_index/resource_index/package_run_dependencies/velodyne_driver
[0.187s] -- Up-to-date symlink: /home/bchan400/ros2_ws/install/velodyne_driver/share/ament_index/resource_index/parent_prefix_path/velodyne_driver
[0.188s] -- Up-to-date symlink: /home/bchan400/ros2_ws/install/velodyne_driver/share/velodyne_driver/environment/ament_prefix_path.sh
[0.188s] -- Up-to-date symlink: /home/bchan400/ros2_ws/install/velodyne_driver/share/velodyne_driver/environment/ament_prefix_path.dsv
[0.188s] -- Up-to-date symlink: /home/bchan400/ros2_ws/install/velodyne_driver/share/velodyne_driver/environment/path.sh
[0.188s] -- Up-to-date symlink: /home/bchan400/ros2_ws/install/velodyne_driver/share/velodyne_driver/environment/path.dsv
[0.188s] -- Up-to-date symlink: /home/bchan400/ros2_ws/install/velodyne_driver/share/velodyne_driver/local_setup.bash
[0.189s] -- Up-to-date symlink: /home/bchan400/ros2_ws/install/velodyne_driver/share/velodyne_driver/local_setup.sh
[0.189s] -- Up-to-date symlink: /home/bchan400/ros2_ws/install/velodyne_driver/share/velodyne_driver/local_setup.zsh
[0.189s] -- Up-to-date symlink: /home/bchan400/ros2_ws/install/velodyne_driver/share/velodyne_driver/local_setup.dsv
[0.189s] -- Symlinking: /home/bchan400/ros2_ws/install/velodyne_driver/share/velodyne_driver/package.dsv
[0.198s] -- Up-to-date symlink: /home/bchan400/ros2_ws/install/velodyne_driver/share/ament_index/resource_index/packages/velodyne_driver
[0.198s] -- Up-to-date symlink: /home/bchan400/ros2_ws/install/velodyne_driver/share/ament_index/resource_index/rclcpp_components/velodyne_driver
[0.198s] -- Up-to-date symlink: /home/bchan400/ros2_ws/install/velodyne_driver/share/velodyne_driver/cmake/ament_cmake_export_include_directories-extras.cmake
[0.198s] -- Up-to-date symlink: /home/bchan400/ros2_ws/install/velodyne_driver/share/velodyne_driver/cmake/ament_cmake_export_targets-extras.cmake
[0.199s] -- Up-to-date symlink: /home/bchan400/ros2_ws/install/velodyne_driver/share/velodyne_driver/cmake/ament_cmake_export_dependencies-extras.cmake
[0.199s] -- Up-to-date symlink: /home/bchan400/ros2_ws/install/velodyne_driver/share/velodyne_driver/cmake/velodyne_driverConfig.cmake
[0.199s] -- Up-to-date symlink: /home/bchan400/ros2_ws/install/velodyne_driver/share/velodyne_driver/cmake/velodyne_driverConfig-version.cmake
[0.199s] -- Up-to-date symlink: /home/bchan400/ros2_ws/install/velodyne_driver/share/velodyne_driver/package.xml
[0.200s] -- Up-to-date: /home/bchan400/ros2_ws/install/velodyne_driver/lib/libvelodyne_input.so
[0.201s] -- Up-to-date: /home/bchan400/ros2_ws/install/velodyne_driver/lib/libvelodyne_driver.so
[0.201s] -- Up-to-date: /home/bchan400/ros2_ws/install/velodyne_driver/share/velodyne_driver/cmake/velodyne_driverExport.cmake
[0.202s] -- Up-to-date: /home/bchan400/ros2_ws/install/velodyne_driver/share/velodyne_driver/cmake/velodyne_driverExport-noconfig.cmake
[0.205s] Invoked command in '/home/bchan400/ros2_ws/build/velodyne_driver' returned '0': CMAKE_PREFIX_PATH=/home/bchan400/ros2_ws/install/velodyne_msgs:/home/bchan400/ros2_ws/install/velodyne:/home/bchan400/ros2_ws/install/velodyne_pointcloud:/home/bchan400/ros2_ws/install/velodyne_driver:/home/bchan400/ros2_ws/install/velodyne_laserscan:/home/bchan400/ros2_ws/install/mhsboat:/home/bchan400/ros2_ws/install/kiss_icp:/home/bchan400/ros2_ws/install/boat_ctrl:/opt/ros/humble LD_LIBRARY_PATH=/home/bchan400/ros2_ws/install/velodyne_msgs/lib:/home/bchan400/ros2_ws/install/velodyne_pointcloud/lib:/home/bchan400/ros2_ws/install/velodyne_driver/lib:/home/bchan400/ros2_ws/install/velodyne_laserscan/lib:/home/bchan400/ros2_ws/install/kiss_icp/lib:/usr/lib/x86_64-linux-gnu/gazebo-11/plugins:/opt/ros/humble/opt/rviz_ogre_vendor/lib:/opt/ros/humble/lib/x86_64-linux-gnu:/opt/ros/humble/lib /usr/bin/cmake --install /home/bchan400/ros2_ws/build/velodyne_driver
