[0.008s] Invoking command in '/home/bchan400/ros2_ws/build/velodyne_pointcloud': AMENT_PREFIX_PATH=/home/bchan400/ros2_ws/install/velodyne_msgs:${AMENT_PREFIX_PATH} CMAKE_PREFIX_PATH=/home/bchan400/ros2_ws/install/velodyne_msgs:/home/bchan400/ros2_ws/install/mhsboat:/opt/ros/humble LD_LIBRARY_PATH=/home/bchan400/ros2_ws/install/velodyne_msgs/lib:${LD_LIBRARY_PATH} PYTHONPATH=/home/bchan400/ros2_ws/install/velodyne_msgs/local/lib/python3.10/dist-packages:${PYTHONPATH} /usr/bin/cmake /home/bchan400/ros2_ws/src/velodyne/velodyne_pointcloud -DAMENT_CMAKE_SYMLINK_INSTALL=1 -DCMAKE_INSTALL_PREFIX=/home/bchan400/ros2_ws/install/velodyne_pointcloud
[0.051s] -- The C compiler identification is GNU 11.4.0
[0.096s] -- The CXX compiler identification is GNU 11.4.0
[0.102s] -- Detecting C compiler ABI info
[0.155s] -- Detecting C compiler ABI info - done
[0.160s] -- Check for working C compiler: /usr/bin/cc - skipped
[0.160s] -- Detecting C compile features
[0.161s] -- Detecting C compile features - done
[0.163s] -- Detecting CXX compiler ABI info
[0.227s] -- Detecting CXX compiler ABI info - done
[0.232s] -- Check for working CXX compiler: /usr/bin/c++ - skipped
[0.232s] -- Detecting CXX compile features
[0.233s] -- Detecting CXX compile features - done
[0.234s] -- Found ament_cmake: 1.3.10 (/opt/ros/humble/share/ament_cmake/cmake)
[0.367s] -- Found Python3: /usr/bin/python3 (found version "3.10.12") found components: Interpreter 
[0.418s] -- Override CMake install command with custom implementation using symlinks instead of copying resources
[0.448s] -- Found angles: 1.15.0 (/opt/ros/humble/share/angles/cmake)
[0.450s] -- Found diagnostic_updater: 4.0.0 (/opt/ros/humble/share/diagnostic_updater/cmake)
[0.478s] -- Found rosidl_generator_c: 3.1.5 (/opt/ros/humble/share/rosidl_generator_c/cmake)
[0.482s] -- Found rosidl_adapter: 3.1.5 (/opt/ros/humble/share/rosidl_adapter/cmake)
[0.488s] -- Found rosidl_generator_cpp: 3.1.5 (/opt/ros/humble/share/rosidl_generator_cpp/cmake)
[0.497s] -- Using all available rosidl_typesupport_c: rosidl_typesupport_fastrtps_c;rosidl_typesupport_introspection_c
[0.509s] -- Using all available rosidl_typesupport_cpp: rosidl_typesupport_fastrtps_cpp;rosidl_typesupport_introspection_cpp
[0.566s] -- Found rmw_implementation_cmake: 6.1.2 (/opt/ros/humble/share/rmw_implementation_cmake/cmake)
[0.568s] -- Found rmw_fastrtps_cpp: 6.2.7 (/opt/ros/humble/share/rmw_fastrtps_cpp/cmake)
[0.639s] -- Found OpenSSL: /usr/lib/x86_64-linux-gnu/libcrypto.so (found version "3.0.2")  
[0.659s] -- Found FastRTPS: /opt/ros/humble/include  
[0.694s] -- Using RMW implementation 'rmw_fastrtps_cpp' as default
[0.701s] -- Looking for pthread.h
[0.757s] -- Looking for pthread.h - found
[0.757s] -- Performing Test CMAKE_HAVE_LIBC_PTHREAD
[0.821s] -- Performing Test CMAKE_HAVE_LIBC_PTHREAD - Success
[0.822s] -- Found Threads: TRUE  
[0.861s] -- Found geometry_msgs: 4.2.4 (/opt/ros/humble/share/geometry_msgs/cmake)
[0.871s] -- Found message_filters: 4.3.5 (/opt/ros/humble/share/message_filters/cmake)
[0.884s] -- Checking for module 'eigen3'
[0.894s] --   Found eigen3, version 3.4.0
[0.916s] -- Found Eigen: /usr/include/eigen3 (Required is at least version "3.1") 
[0.916s] -- Eigen found (include: /usr/include/eigen3, version: 3.4.0)
[0.932s] -- Found Boost: /usr/lib/x86_64-linux-gnu/cmake/Boost-1.74.0/BoostConfig.cmake (found suitable version "1.74.0", minimum required is "1.65.0") found components: system filesystem date_time iostreams serialization 
[0.933s] -- looking for PCL_COMMON
[0.934s] -- Found PCL_COMMON: /usr/lib/x86_64-linux-gnu/libpcl_common.so  
[0.934s] -- Found PCL: pcl_common;Boost::system;Boost::filesystem;Boost::date_time;Boost::iostreams;Boost::serialization  
[0.936s] -- Found rclcpp_components: 16.0.10 (/opt/ros/humble/share/rclcpp_components/cmake)
[0.956s] -- Found sensor_msgs: 4.2.4 (/opt/ros/humble/share/sensor_msgs/cmake)
[0.970s] -- Found tf2: 0.25.8 (/opt/ros/humble/share/tf2/cmake)
[0.973s] -- Found tf2_ros: 0.25.8 (/opt/ros/humble/share/tf2_ros/cmake)
[1.018s] -- Found velodyne_msgs: 2.5.1 (/home/bchan400/ros2_ws/install/velodyne_msgs/share/velodyne_msgs/cmake)
[1.032s] -- Found ament_lint_auto: 0.12.11 (/opt/ros/humble/share/ament_lint_auto/cmake)
[1.102s] -- Found gtest sources under '/opt/ros/humble/src/gtest_vendor': C++ tests using 'Google Test' will be built
[1.111s] -- Added test 'copyright' to check source files copyright and LICENSE
[1.114s] -- Added test 'cppcheck' to perform static code analysis on C / C++ code
[1.115s] -- Configured cppcheck include dirs: $<BUILD_INTERFACE:/home/bchan400/ros2_ws/src/velodyne/velodyne_pointcloud/include>
[1.115s] -- Configured cppcheck exclude dirs and/or files: 
[1.116s] -- Added test 'cpplint' to check C / C++ code against the Google style
[1.116s] -- Configured cpplint exclude dirs and/or files: 
[1.116s] -- Added test 'flake8' to check Python code syntax and style conventions
[1.117s] -- Added test 'lint_cmake' to check CMake code style
[1.117s] -- Added test 'pep257' to check Python code against some of the docstring style conventions in PEP 257
[1.119s] -- Added test 'uncrustify' to check C / C++ code style
[1.119s] -- Configured uncrustify additional arguments: 
[1.122s] -- Configuring done
[1.155s] -- Generating done
[1.157s] -- Build files have been written to: /home/bchan400/ros2_ws/build/velodyne_pointcloud
[1.186s] Invoked command in '/home/bchan400/ros2_ws/build/velodyne_pointcloud' returned '0': AMENT_PREFIX_PATH=/home/bchan400/ros2_ws/install/velodyne_msgs:${AMENT_PREFIX_PATH} CMAKE_PREFIX_PATH=/home/bchan400/ros2_ws/install/velodyne_msgs:/home/bchan400/ros2_ws/install/mhsboat:/opt/ros/humble LD_LIBRARY_PATH=/home/bchan400/ros2_ws/install/velodyne_msgs/lib:${LD_LIBRARY_PATH} PYTHONPATH=/home/bchan400/ros2_ws/install/velodyne_msgs/local/lib/python3.10/dist-packages:${PYTHONPATH} /usr/bin/cmake /home/bchan400/ros2_ws/src/velodyne/velodyne_pointcloud -DAMENT_CMAKE_SYMLINK_INSTALL=1 -DCMAKE_INSTALL_PREFIX=/home/bchan400/ros2_ws/install/velodyne_pointcloud
[1.188s] Invoking command in '/home/bchan400/ros2_ws/build/velodyne_pointcloud': AMENT_PREFIX_PATH=/home/bchan400/ros2_ws/install/velodyne_msgs:${AMENT_PREFIX_PATH} CMAKE_PREFIX_PATH=/home/bchan400/ros2_ws/install/velodyne_msgs:/home/bchan400/ros2_ws/install/mhsboat:/opt/ros/humble LD_LIBRARY_PATH=/home/bchan400/ros2_ws/install/velodyne_msgs/lib:${LD_LIBRARY_PATH} PYTHONPATH=/home/bchan400/ros2_ws/install/velodyne_msgs/local/lib/python3.10/dist-packages:${PYTHONPATH} /usr/bin/cmake --build /home/bchan400/ros2_ws/build/velodyne_pointcloud -- -j8 -l8
[1.244s] [ 11%] [32mBuilding CXX object gtest/CMakeFiles/gtest_main.dir/src/gtest_main.cc.o[0m
[1.244s] [ 22%] [32mBuilding CXX object CMakeFiles/velodyne_cloud_types.dir/src/lib/organized_cloudXYZIRT.cpp.o[0m
[1.244s] [ 22%] [32mBuilding CXX object CMakeFiles/velodyne_rawdata.dir/src/lib/rawdata.cpp.o[0m
[1.244s] [ 11%] [32mBuilding CXX object CMakeFiles/velodyne_rawdata.dir/src/lib/calibration.cpp.o[0m
[1.247s] [ 27%] [32mBuilding CXX object CMakeFiles/velodyne_cloud_types.dir/src/lib/pointcloudXYZIRT.cpp.o[0m
[1.248s] [ 33%] [32mBuilding CXX object gtest/CMakeFiles/gtest.dir/src/gtest-all.cc.o[0m
[2.520s] [ 38%] [32m[1mLinking CXX static library libgtest_main.a[0m
[2.622s] [ 38%] Built target gtest_main
[5.209s] [ 44%] [32m[1mLinking CXX static library libgtest.a[0m
[5.288s] [ 44%] Built target gtest
[5.319s] [ 50%] [32mBuilding CXX object tests/CMakeFiles/test_row_step.dir/test_row_step.cpp.o[0m
[8.969s] [ 55%] [32m[1mLinking CXX shared library libvelodyne_rawdata.so[0m
[9.246s] [ 55%] Built target velodyne_rawdata
[9.275s] [ 61%] [32mBuilding CXX object tests/CMakeFiles/test_calibration.dir/test_calibration.cpp.o[0m
[9.340s] [ 66%] [32m[1mLinking CXX shared library libvelodyne_cloud_types.so[0m
[9.568s] [ 66%] Built target velodyne_cloud_types
[9.596s] [ 72%] [32mBuilding CXX object CMakeFiles/transform.dir/src/conversions/transform.cpp.o[0m
[10.576s] [ 77%] [32m[1mLinking CXX executable test_calibration[0m
[10.804s] [ 77%] Built target test_calibration
[13.162s] [ 83%] [32m[1mLinking CXX executable test_row_step[0m
[13.373s] [ 83%] Built target test_row_step
[19.872s] [ 88%] [32m[1mLinking CXX shared library libtransform.so[0m
[20.487s] [ 88%] Built target transform
[20.502s] [ 94%] [32mBuilding CXX object CMakeFiles/velodyne_transform_node.dir/src/conversions/transform_node.cpp.o[0m
[24.452s] [100%] [32m[1mLinking CXX executable velodyne_transform_node[0m
[24.699s] [100%] Built target velodyne_transform_node
[24.711s] Invoked command in '/home/bchan400/ros2_ws/build/velodyne_pointcloud' returned '0': AMENT_PREFIX_PATH=/home/bchan400/ros2_ws/install/velodyne_msgs:${AMENT_PREFIX_PATH} CMAKE_PREFIX_PATH=/home/bchan400/ros2_ws/install/velodyne_msgs:/home/bchan400/ros2_ws/install/mhsboat:/opt/ros/humble LD_LIBRARY_PATH=/home/bchan400/ros2_ws/install/velodyne_msgs/lib:${LD_LIBRARY_PATH} PYTHONPATH=/home/bchan400/ros2_ws/install/velodyne_msgs/local/lib/python3.10/dist-packages:${PYTHONPATH} /usr/bin/cmake --build /home/bchan400/ros2_ws/build/velodyne_pointcloud -- -j8 -l8
[24.743s] Invoking command in '/home/bchan400/ros2_ws/build/velodyne_pointcloud': AMENT_PREFIX_PATH=/home/bchan400/ros2_ws/install/velodyne_msgs:${AMENT_PREFIX_PATH} CMAKE_PREFIX_PATH=/home/bchan400/ros2_ws/install/velodyne_msgs:/home/bchan400/ros2_ws/install/mhsboat:/opt/ros/humble LD_LIBRARY_PATH=/home/bchan400/ros2_ws/install/velodyne_msgs/lib:${LD_LIBRARY_PATH} PYTHONPATH=/home/bchan400/ros2_ws/install/velodyne_msgs/local/lib/python3.10/dist-packages:${PYTHONPATH} /usr/bin/cmake --install /home/bchan400/ros2_ws/build/velodyne_pointcloud
[24.748s] -- Install configuration: ""
[24.748s] -- Execute custom install script
[24.748s] -- Symlinking: /home/bchan400/ros2_ws/install/velodyne_pointcloud/lib/velodyne_pointcloud/velodyne_transform_node
[24.755s] -- Symlinking: /home/bchan400/ros2_ws/install/velodyne_pointcloud/include/velodyne_pointcloud/calibration.hpp
[24.764s] -- Symlinking: /home/bchan400/ros2_ws/install/velodyne_pointcloud/include/velodyne_pointcloud/datacontainerbase.hpp
[24.773s] -- Symlinking: /home/bchan400/ros2_ws/install/velodyne_pointcloud/include/velodyne_pointcloud/organized_cloudXYZIRT.hpp
[24.779s] -- Symlinking: /home/bchan400/ros2_ws/install/velodyne_pointcloud/include/velodyne_pointcloud/pointcloudXYZIRT.hpp
[24.786s] -- Symlinking: /home/bchan400/ros2_ws/install/velodyne_pointcloud/include/velodyne_pointcloud/rawdata.hpp
[24.792s] -- Symlinking: /home/bchan400/ros2_ws/install/velodyne_pointcloud/include/velodyne_pointcloud/transform.hpp
[24.799s] -- Symlinking: /home/bchan400/ros2_ws/install/velodyne_pointcloud/share/velodyne_pointcloud/config/VLP16-velodyne_transform_node-params.yaml
[24.805s] -- Symlinking: /home/bchan400/ros2_ws/install/velodyne_pointcloud/share/velodyne_pointcloud/config/VLP32C-velodyne_transform_node-params.yaml
[24.812s] -- Symlinking: /home/bchan400/ros2_ws/install/velodyne_pointcloud/share/velodyne_pointcloud/config/VLS128-velodyne_transform_node-params.yaml
[24.818s] -- Symlinking: /home/bchan400/ros2_ws/install/velodyne_pointcloud/share/velodyne_pointcloud/launch/velodyne_transform_node-VLP16-composed-launch.py
[24.824s] -- Symlinking: /home/bchan400/ros2_ws/install/velodyne_pointcloud/share/velodyne_pointcloud/launch/velodyne_transform_node-VLP16-launch.py
[24.831s] -- Symlinking: /home/bchan400/ros2_ws/install/velodyne_pointcloud/share/velodyne_pointcloud/launch/velodyne_transform_node-VLP32C-composed-launch.py
[24.837s] -- Symlinking: /home/bchan400/ros2_ws/install/velodyne_pointcloud/share/velodyne_pointcloud/launch/velodyne_transform_node-VLP32C-launch.py
[24.843s] -- Symlinking: /home/bchan400/ros2_ws/install/velodyne_pointcloud/share/velodyne_pointcloud/launch/velodyne_transform_node-VLS128-composed-launch.py
[24.849s] -- Symlinking: /home/bchan400/ros2_ws/install/velodyne_pointcloud/share/velodyne_pointcloud/launch/velodyne_transform_node-VLS128-launch.py
[24.855s] -- Symlinking: /home/bchan400/ros2_ws/install/velodyne_pointcloud/share/velodyne_pointcloud/params/32db.yaml
[24.862s] -- Symlinking: /home/bchan400/ros2_ws/install/velodyne_pointcloud/share/velodyne_pointcloud/params/64e_s2.1-sztaki.yaml
[24.868s] -- Symlinking: /home/bchan400/ros2_ws/install/velodyne_pointcloud/share/velodyne_pointcloud/params/64e_s3-xiesc.yaml
[24.874s] -- Symlinking: /home/bchan400/ros2_ws/install/velodyne_pointcloud/share/velodyne_pointcloud/params/64e_utexas.yaml
[24.881s] -- Symlinking: /home/bchan400/ros2_ws/install/velodyne_pointcloud/share/velodyne_pointcloud/params/VLP16_hires_db.yaml
[24.888s] -- Symlinking: /home/bchan400/ros2_ws/install/velodyne_pointcloud/share/velodyne_pointcloud/params/VLP16db.yaml
[24.894s] -- Symlinking: /home/bchan400/ros2_ws/install/velodyne_pointcloud/share/velodyne_pointcloud/params/VLS128.yaml
[24.900s] -- Symlinking: /home/bchan400/ros2_ws/install/velodyne_pointcloud/share/velodyne_pointcloud/params/VeloView-VLP-32C.yaml
[24.907s] -- Symlinking: /home/bchan400/ros2_ws/install/velodyne_pointcloud/share/velodyne_pointcloud/params/issue_84_float_intensities.yaml
[24.913s] -- Symlinking: /home/bchan400/ros2_ws/install/velodyne_pointcloud/share/velodyne_pointcloud/params/rviz_points.vcg
[24.920s] -- Symlinking: /home/bchan400/ros2_ws/install/velodyne_pointcloud/share/velodyne_pointcloud/environment/library_path.sh
[24.926s] -- Symlinking: /home/bchan400/ros2_ws/install/velodyne_pointcloud/share/velodyne_pointcloud/environment/library_path.dsv
[24.933s] -- Symlinking: /home/bchan400/ros2_ws/install/velodyne_pointcloud/share/ament_index/resource_index/package_run_dependencies/velodyne_pointcloud
[24.939s] -- Symlinking: /home/bchan400/ros2_ws/install/velodyne_pointcloud/share/ament_index/resource_index/parent_prefix_path/velodyne_pointcloud
[24.946s] -- Symlinking: /home/bchan400/ros2_ws/install/velodyne_pointcloud/share/velodyne_pointcloud/environment/ament_prefix_path.sh
[24.952s] -- Symlinking: /home/bchan400/ros2_ws/install/velodyne_pointcloud/share/velodyne_pointcloud/environment/ament_prefix_path.dsv
[24.958s] -- Symlinking: /home/bchan400/ros2_ws/install/velodyne_pointcloud/share/velodyne_pointcloud/environment/path.sh
[24.964s] -- Symlinking: /home/bchan400/ros2_ws/install/velodyne_pointcloud/share/velodyne_pointcloud/environment/path.dsv
[24.970s] -- Symlinking: /home/bchan400/ros2_ws/install/velodyne_pointcloud/share/velodyne_pointcloud/local_setup.bash
[24.976s] -- Symlinking: /home/bchan400/ros2_ws/install/velodyne_pointcloud/share/velodyne_pointcloud/local_setup.sh
[24.982s] -- Symlinking: /home/bchan400/ros2_ws/install/velodyne_pointcloud/share/velodyne_pointcloud/local_setup.zsh
[24.989s] -- Symlinking: /home/bchan400/ros2_ws/install/velodyne_pointcloud/share/velodyne_pointcloud/local_setup.dsv
[24.995s] -- Symlinking: /home/bchan400/ros2_ws/install/velodyne_pointcloud/share/velodyne_pointcloud/package.dsv
[25.001s] -- Symlinking: /home/bchan400/ros2_ws/install/velodyne_pointcloud/share/ament_index/resource_index/packages/velodyne_pointcloud
[25.007s] -- Symlinking: /home/bchan400/ros2_ws/install/velodyne_pointcloud/share/ament_index/resource_index/rclcpp_components/velodyne_pointcloud
[25.013s] -- Symlinking: /home/bchan400/ros2_ws/install/velodyne_pointcloud/share/velodyne_pointcloud/cmake/ament_cmake_export_include_directories-extras.cmake
[25.019s] -- Symlinking: /home/bchan400/ros2_ws/install/velodyne_pointcloud/share/velodyne_pointcloud/cmake/ament_cmake_export_dependencies-extras.cmake
[25.025s] -- Symlinking: /home/bchan400/ros2_ws/install/velodyne_pointcloud/share/velodyne_pointcloud/cmake/ament_cmake_export_libraries-extras.cmake
[25.031s] -- Symlinking: /home/bchan400/ros2_ws/install/velodyne_pointcloud/share/velodyne_pointcloud/cmake/ament_cmake_export_targets-extras.cmake
[25.037s] -- Symlinking: /home/bchan400/ros2_ws/install/velodyne_pointcloud/share/velodyne_pointcloud/cmake/velodyne_pointcloudConfig.cmake
[25.043s] -- Symlinking: /home/bchan400/ros2_ws/install/velodyne_pointcloud/share/velodyne_pointcloud/cmake/velodyne_pointcloudConfig-version.cmake
[25.050s] -- Symlinking: /home/bchan400/ros2_ws/install/velodyne_pointcloud/share/velodyne_pointcloud/package.xml
[25.056s] -- Installing: /home/bchan400/ros2_ws/install/velodyne_pointcloud/lib/libvelodyne_cloud_types.so
[25.057s] -- Set runtime path of "/home/bchan400/ros2_ws/install/velodyne_pointcloud/lib/libvelodyne_cloud_types.so" to ""
[25.057s] -- Installing: /home/bchan400/ros2_ws/install/velodyne_pointcloud/lib/libvelodyne_rawdata.so
[25.057s] -- Set runtime path of "/home/bchan400/ros2_ws/install/velodyne_pointcloud/lib/libvelodyne_rawdata.so" to ""
[25.057s] -- Installing: /home/bchan400/ros2_ws/install/velodyne_pointcloud/lib/libtransform.so
[25.062s] -- Set runtime path of "/home/bchan400/ros2_ws/install/velodyne_pointcloud/lib/libtransform.so" to ""
[25.062s] -- Installing: /home/bchan400/ros2_ws/install/velodyne_pointcloud/share/velodyne_pointcloud/cmake/velodyne_pointcloudExport.cmake
[25.062s] -- Installing: /home/bchan400/ros2_ws/install/velodyne_pointcloud/share/velodyne_pointcloud/cmake/velodyne_pointcloudExport-noconfig.cmake
[25.064s] Invoked command in '/home/bchan400/ros2_ws/build/velodyne_pointcloud' returned '0': AMENT_PREFIX_PATH=/home/bchan400/ros2_ws/install/velodyne_msgs:${AMENT_PREFIX_PATH} CMAKE_PREFIX_PATH=/home/bchan400/ros2_ws/install/velodyne_msgs:/home/bchan400/ros2_ws/install/mhsboat:/opt/ros/humble LD_LIBRARY_PATH=/home/bchan400/ros2_ws/install/velodyne_msgs/lib:${LD_LIBRARY_PATH} PYTHONPATH=/home/bchan400/ros2_ws/install/velodyne_msgs/local/lib/python3.10/dist-packages:${PYTHONPATH} /usr/bin/cmake --install /home/bchan400/ros2_ws/build/velodyne_pointcloud
