[0.013s] Invoking command in '/home/bchan400/ros2_ws/build/velodyne_driver': CMAKE_PREFIX_PATH=/home/bchan400/ros2_ws/install/velodyne_msgs:/home/bchan400/ros2_ws/install/velodyne:/home/bchan400/ros2_ws/install/velodyne_pointcloud:/home/bchan400/ros2_ws/install/velodyne_driver:/home/bchan400/ros2_ws/install/velodyne_laserscan:/home/bchan400/ros2_ws/install/mhsboat:/home/bchan400/ros2_ws/install/kiss_icp:/home/bchan400/ros2_ws/install/boat_ctrl:/opt/ros/humble LD_LIBRARY_PATH=/home/bchan400/ros2_ws/install/velodyne_msgs/lib:/home/bchan400/ros2_ws/install/velodyne_pointcloud/lib:/home/bchan400/ros2_ws/install/velodyne_driver/lib:/home/bchan400/ros2_ws/install/velodyne_laserscan/lib:/home/bchan400/ros2_ws/install/kiss_icp/lib:/usr/lib/x86_64-linux-gnu/gazebo-11/plugins:/opt/ros/humble/opt/rviz_ogre_vendor/lib:/opt/ros/humble/lib/x86_64-linux-gnu:/opt/ros/humble/lib /usr/bin/cmake --build /home/bchan400/ros2_ws/build/velodyne_driver -- -j8 -l8
[0.075s] [ 16%] Built target gtest
[0.077s] [ 33%] Built target gtest_main
[0.078s] [ 50%] Built target velodyne_input
[0.123s] [ 66%] Built target velodyne_driver
[0.131s] [ 83%] Built target time_test
[0.152s] [100%] Built target velodyne_driver_node
[0.168s] Invoked command in '/home/bchan400/ros2_ws/build/velodyne_driver' returned '0': CMAKE_PREFIX_PATH=/home/bchan400/ros2_ws/install/velodyne_msgs:/home/bchan400/ros2_ws/install/velodyne:/home/bchan400/ros2_ws/install/velodyne_pointcloud:/home/bchan400/ros2_ws/install/velodyne_driver:/home/bchan400/ros2_ws/install/velodyne_laserscan:/home/bchan400/ros2_ws/install/mhsboat:/home/bchan400/ros2_ws/install/kiss_icp:/home/bchan400/ros2_ws/install/boat_ctrl:/opt/ros/humble LD_LIBRARY_PATH=/home/bchan400/ros2_ws/install/velodyne_msgs/lib:/home/bchan400/ros2_ws/install/velodyne_pointcloud/lib:/home/bchan400/ros2_ws/install/velodyne_driver/lib:/home/bchan400/ros2_ws/install/velodyne_laserscan/lib:/home/bchan400/ros2_ws/install/kiss_icp/lib:/usr/lib/x86_64-linux-gnu/gazebo-11/plugins:/opt/ros/humble/opt/rviz_ogre_vendor/lib:/opt/ros/humble/lib/x86_64-linux-gnu:/opt/ros/humble/lib /usr/bin/cmake --build /home/bchan400/ros2_ws/build/velodyne_driver -- -j8 -l8
[0.206s] Invoking command in '/home/bchan400/ros2_ws/build/velodyne_driver': CMAKE_PREFIX_PATH=/home/bchan400/ros2_ws/install/velodyne_msgs:/home/bchan400/ros2_ws/install/velodyne:/home/bchan400/ros2_ws/install/velodyne_pointcloud:/home/bchan400/ros2_ws/install/velodyne_driver:/home/bchan400/ros2_ws/install/velodyne_laserscan:/home/bchan400/ros2_ws/install/mhsboat:/home/bchan400/ros2_ws/install/kiss_icp:/home/bchan400/ros2_ws/install/boat_ctrl:/opt/ros/humble LD_LIBRARY_PATH=/home/bchan400/ros2_ws/install/velodyne_msgs/lib:/home/bchan400/ros2_ws/install/velodyne_pointcloud/lib:/home/bchan400/ros2_ws/install/velodyne_driver/lib:/home/bchan400/ros2_ws/install/velodyne_laserscan/lib:/home/bchan400/ros2_ws/install/kiss_icp/lib:/usr/lib/x86_64-linux-gnu/gazebo-11/plugins:/opt/ros/humble/opt/rviz_ogre_vendor/lib:/opt/ros/humble/lib/x86_64-linux-gnu:/opt/ros/humble/lib /usr/bin/cmake --install /home/bchan400/ros2_ws/build/velodyne_driver
[0.216s] -- Install configuration: ""
[0.217s] -- Execute custom install script
[0.217s] -- Up-to-date symlink: /home/bchan400/ros2_ws/install/velodyne_driver/lib/velodyne_driver/velodyne_driver_node
[0.218s] -- Up-to-date symlink: /home/bchan400/ros2_ws/install/velodyne_driver/include/velodyne_driver/driver.hpp
[0.218s] -- Up-to-date symlink: /home/bchan400/ros2_ws/install/velodyne_driver/include/velodyne_driver/input.hpp
[0.218s] -- Up-to-date symlink: /home/bchan400/ros2_ws/install/velodyne_driver/include/velodyne_driver/time_conversion.hpp
[0.218s] -- Up-to-date symlink: /home/bchan400/ros2_ws/install/velodyne_driver/share/velodyne_driver/config/VLP16-velodyne_driver_node-params.yaml
[0.218s] -- Up-to-date symlink: /home/bchan400/ros2_ws/install/velodyne_driver/share/velodyne_driver/config/VLP32C-velodyne_driver_node-params.yaml
[0.218s] -- Up-to-date symlink: /home/bchan400/ros2_ws/install/velodyne_driver/share/velodyne_driver/config/VLS128-velodyne_driver_node-params.yaml
[0.220s] -- Up-to-date symlink: /home/bchan400/ros2_ws/install/velodyne_driver/share/velodyne_driver/launch/velodyne_driver_node-VLP16-composed-launch.py
[0.220s] -- Up-to-date symlink: /home/bchan400/ros2_ws/install/velodyne_driver/share/velodyne_driver/launch/velodyne_driver_node-VLP16-launch.py
[0.220s] -- Up-to-date symlink: /home/bchan400/ros2_ws/install/velodyne_driver/share/velodyne_driver/launch/velodyne_driver_node-VLP32C-composed-launch.py
[0.220s] -- Up-to-date symlink: /home/bchan400/ros2_ws/install/velodyne_driver/share/velodyne_driver/launch/velodyne_driver_node-VLP32C-launch.py
[0.220s] -- Up-to-date symlink: /home/bchan400/ros2_ws/install/velodyne_driver/share/velodyne_driver/launch/velodyne_driver_node-VLS128-composed-launch.py
[0.220s] -- Up-to-date symlink: /home/bchan400/ros2_ws/install/velodyne_driver/share/velodyne_driver/launch/velodyne_driver_node-VLS128-launch.py
[0.220s] -- Up-to-date symlink: /home/bchan400/ros2_ws/install/velodyne_driver/lib/velodyne_driver/vdump
[0.220s] -- Up-to-date symlink: /home/bchan400/ros2_ws/install/velodyne_driver/share/ament_index/resource_index/package_run_dependencies/velodyne_driver
[0.220s] -- Up-to-date symlink: /home/bchan400/ros2_ws/install/velodyne_driver/share/ament_index/resource_index/parent_prefix_path/velodyne_driver
[0.220s] -- Up-to-date symlink: /home/bchan400/ros2_ws/install/velodyne_driver/share/velodyne_driver/environment/ament_prefix_path.sh
[0.221s] -- Up-to-date symlink: /home/bchan400/ros2_ws/install/velodyne_driver/share/velodyne_driver/environment/ament_prefix_path.dsv
[0.221s] -- Up-to-date symlink: /home/bchan400/ros2_ws/install/velodyne_driver/share/velodyne_driver/environment/path.sh
[0.221s] -- Up-to-date symlink: /home/bchan400/ros2_ws/install/velodyne_driver/share/velodyne_driver/environment/path.dsv
[0.221s] -- Up-to-date symlink: /home/bchan400/ros2_ws/install/velodyne_driver/share/velodyne_driver/local_setup.bash
[0.221s] -- Up-to-date symlink: /home/bchan400/ros2_ws/install/velodyne_driver/share/velodyne_driver/local_setup.sh
[0.221s] -- Up-to-date symlink: /home/bchan400/ros2_ws/install/velodyne_driver/share/velodyne_driver/local_setup.zsh
[0.222s] -- Up-to-date symlink: /home/bchan400/ros2_ws/install/velodyne_driver/share/velodyne_driver/local_setup.dsv
[0.223s] -- Symlinking: /home/bchan400/ros2_ws/install/velodyne_driver/share/velodyne_driver/package.dsv
[0.236s] -- Up-to-date symlink: /home/bchan400/ros2_ws/install/velodyne_driver/share/ament_index/resource_index/packages/velodyne_driver
[0.236s] -- Up-to-date symlink: /home/bchan400/ros2_ws/install/velodyne_driver/share/ament_index/resource_index/rclcpp_components/velodyne_driver
[0.236s] -- Up-to-date symlink: /home/bchan400/ros2_ws/install/velodyne_driver/share/velodyne_driver/cmake/ament_cmake_export_include_directories-extras.cmake
[0.236s] -- Up-to-date symlink: /home/bchan400/ros2_ws/install/velodyne_driver/share/velodyne_driver/cmake/ament_cmake_export_targets-extras.cmake
[0.236s] -- Up-to-date symlink: /home/bchan400/ros2_ws/install/velodyne_driver/share/velodyne_driver/cmake/ament_cmake_export_dependencies-extras.cmake
[0.236s] -- Up-to-date symlink: /home/bchan400/ros2_ws/install/velodyne_driver/share/velodyne_driver/cmake/velodyne_driverConfig.cmake
[0.236s] -- Up-to-date symlink: /home/bchan400/ros2_ws/install/velodyne_driver/share/velodyne_driver/cmake/velodyne_driverConfig-version.cmake
[0.236s] -- Up-to-date symlink: /home/bchan400/ros2_ws/install/velodyne_driver/share/velodyne_driver/package.xml
[0.236s] -- Up-to-date: /home/bchan400/ros2_ws/install/velodyne_driver/lib/libvelodyne_input.so
[0.236s] -- Up-to-date: /home/bchan400/ros2_ws/install/velodyne_driver/lib/libvelodyne_driver.so
[0.237s] -- Up-to-date: /home/bchan400/ros2_ws/install/velodyne_driver/share/velodyne_driver/cmake/velodyne_driverExport.cmake
[0.237s] -- Up-to-date: /home/bchan400/ros2_ws/install/velodyne_driver/share/velodyne_driver/cmake/velodyne_driverExport-noconfig.cmake
[0.240s] Invoked command in '/home/bchan400/ros2_ws/build/velodyne_driver' returned '0': CMAKE_PREFIX_PATH=/home/bchan400/ros2_ws/install/velodyne_msgs:/home/bchan400/ros2_ws/install/velodyne:/home/bchan400/ros2_ws/install/velodyne_pointcloud:/home/bchan400/ros2_ws/install/velodyne_driver:/home/bchan400/ros2_ws/install/velodyne_laserscan:/home/bchan400/ros2_ws/install/mhsboat:/home/bchan400/ros2_ws/install/kiss_icp:/home/bchan400/ros2_ws/install/boat_ctrl:/opt/ros/humble LD_LIBRARY_PATH=/home/bchan400/ros2_ws/install/velodyne_msgs/lib:/home/bchan400/ros2_ws/install/velodyne_pointcloud/lib:/home/bchan400/ros2_ws/install/velodyne_driver/lib:/home/bchan400/ros2_ws/install/velodyne_laserscan/lib:/home/bchan400/ros2_ws/install/kiss_icp/lib:/usr/lib/x86_64-linux-gnu/gazebo-11/plugins:/opt/ros/humble/opt/rviz_ogre_vendor/lib:/opt/ros/humble/lib/x86_64-linux-gnu:/opt/ros/humble/lib /usr/bin/cmake --install /home/bchan400/ros2_ws/build/velodyne_driver
