[0.014s] Invoking command in '/home/bchan400/ros2_ws/build/velodyne': AMENT_PREFIX_PATH=/home/bchan400/ros2_ws/install/velodyne_pointcloud:/home/bchan400/ros2_ws/install/velodyne_driver:/home/bchan400/ros2_ws/install/velodyne_msgs:/home/bchan400/ros2_ws/install/velodyne_laserscan:${AMENT_PREFIX_PATH} CMAKE_PREFIX_PATH=/home/bchan400/ros2_ws/install/velodyne_pointcloud:/home/bchan400/ros2_ws/install/velodyne_driver:/home/bchan400/ros2_ws/install/velodyne_msgs:/home/bchan400/ros2_ws/install/velodyne_laserscan:/opt/ros/humble LD_LIBRARY_PATH=/home/bchan400/ros2_ws/install/velodyne_pointcloud/lib:/home/bchan400/ros2_ws/install/velodyne_driver/lib:/home/bchan400/ros2_ws/install/velodyne_msgs/lib:/home/bchan400/ros2_ws/install/velodyne_laserscan/lib:${LD_LIBRARY_PATH} PYTHONPATH=/home/bchan400/ros2_ws/install/velodyne_msgs/local/lib/python3.10/dist-packages:${PYTHONPATH} /usr/bin/cmake --build /home/bchan400/ros2_ws/build/velodyne -- -j8 -l8
[0.067s] Invoked command in '/home/bchan400/ros2_ws/build/velodyne' returned '0': AMENT_PREFIX_PATH=/home/bchan400/ros2_ws/install/velodyne_pointcloud:/home/bchan400/ros2_ws/install/velodyne_driver:/home/bchan400/ros2_ws/install/velodyne_msgs:/home/bchan400/ros2_ws/install/velodyne_laserscan:${AMENT_PREFIX_PATH} CMAKE_PREFIX_PATH=/home/bchan400/ros2_ws/install/velodyne_pointcloud:/home/bchan400/ros2_ws/install/velodyne_driver:/home/bchan400/ros2_ws/install/velodyne_msgs:/home/bchan400/ros2_ws/install/velodyne_laserscan:/opt/ros/humble LD_LIBRARY_PATH=/home/bchan400/ros2_ws/install/velodyne_pointcloud/lib:/home/bchan400/ros2_ws/install/velodyne_driver/lib:/home/bchan400/ros2_ws/install/velodyne_msgs/lib:/home/bchan400/ros2_ws/install/velodyne_laserscan/lib:${LD_LIBRARY_PATH} PYTHONPATH=/home/bchan400/ros2_ws/install/velodyne_msgs/local/lib/python3.10/dist-packages:${PYTHONPATH} /usr/bin/cmake --build /home/bchan400/ros2_ws/build/velodyne -- -j8 -l8
[0.093s] Invoking command in '/home/bchan400/ros2_ws/build/velodyne': AMENT_PREFIX_PATH=/home/bchan400/ros2_ws/install/velodyne_pointcloud:/home/bchan400/ros2_ws/install/velodyne_driver:/home/bchan400/ros2_ws/install/velodyne_msgs:/home/bchan400/ros2_ws/install/velodyne_laserscan:${AMENT_PREFIX_PATH} CMAKE_PREFIX_PATH=/home/bchan400/ros2_ws/install/velodyne_pointcloud:/home/bchan400/ros2_ws/install/velodyne_driver:/home/bchan400/ros2_ws/install/velodyne_msgs:/home/bchan400/ros2_ws/install/velodyne_laserscan:/opt/ros/humble LD_LIBRARY_PATH=/home/bchan400/ros2_ws/install/velodyne_pointcloud/lib:/home/bchan400/ros2_ws/install/velodyne_driver/lib:/home/bchan400/ros2_ws/install/velodyne_msgs/lib:/home/bchan400/ros2_ws/install/velodyne_laserscan/lib:${LD_LIBRARY_PATH} PYTHONPATH=/home/bchan400/ros2_ws/install/velodyne_msgs/local/lib/python3.10/dist-packages:${PYTHONPATH} /usr/bin/cmake --install /home/bchan400/ros2_ws/build/velodyne
[0.103s] -- Install configuration: ""
[0.103s] -- Execute custom install script
[0.103s] -- Up-to-date symlink: /home/bchan400/ros2_ws/install/velodyne/share/velodyne/launch/velodyne-all-nodes-VLP16-composed-launch.py
[0.103s] -- Up-to-date symlink: /home/bchan400/ros2_ws/install/velodyne/share/velodyne/launch/velodyne-all-nodes-VLP16-launch.py
[0.104s] -- Up-to-date symlink: /home/bchan400/ros2_ws/install/velodyne/share/velodyne/launch/velodyne-all-nodes-VLP32C-composed-launch.py
[0.104s] -- Up-to-date symlink: /home/bchan400/ros2_ws/install/velodyne/share/velodyne/launch/velodyne-all-nodes-VLP32C-launch.py
[0.104s] -- Up-to-date symlink: /home/bchan400/ros2_ws/install/velodyne/share/velodyne/launch/velodyne-all-nodes-VLS128-composed-launch.py
[0.104s] -- Up-to-date symlink: /home/bchan400/ros2_ws/install/velodyne/share/velodyne/launch/velodyne-all-nodes-VLS128-launch.py
[0.104s] -- Up-to-date symlink: /home/bchan400/ros2_ws/install/velodyne/share/ament_index/resource_index/package_run_dependencies/velodyne
[0.104s] -- Up-to-date symlink: /home/bchan400/ros2_ws/install/velodyne/share/ament_index/resource_index/parent_prefix_path/velodyne
[0.104s] -- Up-to-date symlink: /home/bchan400/ros2_ws/install/velodyne/share/velodyne/environment/ament_prefix_path.sh
[0.104s] -- Up-to-date symlink: /home/bchan400/ros2_ws/install/velodyne/share/velodyne/environment/ament_prefix_path.dsv
[0.104s] -- Up-to-date symlink: /home/bchan400/ros2_ws/install/velodyne/share/velodyne/environment/path.sh
[0.104s] -- Up-to-date symlink: /home/bchan400/ros2_ws/install/velodyne/share/velodyne/environment/path.dsv
[0.104s] -- Up-to-date symlink: /home/bchan400/ros2_ws/install/velodyne/share/velodyne/local_setup.bash
[0.104s] -- Up-to-date symlink: /home/bchan400/ros2_ws/install/velodyne/share/velodyne/local_setup.sh
[0.104s] -- Up-to-date symlink: /home/bchan400/ros2_ws/install/velodyne/share/velodyne/local_setup.zsh
[0.105s] -- Up-to-date symlink: /home/bchan400/ros2_ws/install/velodyne/share/velodyne/local_setup.dsv
[0.105s] -- Symlinking: /home/bchan400/ros2_ws/install/velodyne/share/velodyne/package.dsv
[0.116s] -- Up-to-date symlink: /home/bchan400/ros2_ws/install/velodyne/share/ament_index/resource_index/packages/velodyne
[0.116s] -- Up-to-date symlink: /home/bchan400/ros2_ws/install/velodyne/share/velodyne/cmake/velodyneConfig.cmake
[0.116s] -- Up-to-date symlink: /home/bchan400/ros2_ws/install/velodyne/share/velodyne/cmake/velodyneConfig-version.cmake
[0.116s] -- Up-to-date symlink: /home/bchan400/ros2_ws/install/velodyne/share/velodyne/package.xml
[0.122s] Invoked command in '/home/bchan400/ros2_ws/build/velodyne' returned '0': AMENT_PREFIX_PATH=/home/bchan400/ros2_ws/install/velodyne_pointcloud:/home/bchan400/ros2_ws/install/velodyne_driver:/home/bchan400/ros2_ws/install/velodyne_msgs:/home/bchan400/ros2_ws/install/velodyne_laserscan:${AMENT_PREFIX_PATH} CMAKE_PREFIX_PATH=/home/bchan400/ros2_ws/install/velodyne_pointcloud:/home/bchan400/ros2_ws/install/velodyne_driver:/home/bchan400/ros2_ws/install/velodyne_msgs:/home/bchan400/ros2_ws/install/velodyne_laserscan:/opt/ros/humble LD_LIBRARY_PATH=/home/bchan400/ros2_ws/install/velodyne_pointcloud/lib:/home/bchan400/ros2_ws/install/velodyne_driver/lib:/home/bchan400/ros2_ws/install/velodyne_msgs/lib:/home/bchan400/ros2_ws/install/velodyne_laserscan/lib:${LD_LIBRARY_PATH} PYTHONPATH=/home/bchan400/ros2_ws/install/velodyne_msgs/local/lib/python3.10/dist-packages:${PYTHONPATH} /usr/bin/cmake --install /home/bchan400/ros2_ws/build/velodyne
