[0.013s] Invoking command in '/home/bchan400/ros2_ws/build/velodyne': CMAKE_PREFIX_PATH=/home/bchan400/ros2_ws/install/velodyne_pointcloud:/home/bchan400/ros2_ws/install/velodyne_driver:/home/bchan400/ros2_ws/install/velodyne_msgs:/home/bchan400/ros2_ws/install/velodyne_laserscan:/home/bchan400/ros2_ws/install/velodyne:/home/bchan400/ros2_ws/install/mhsboat:/home/bchan400/ros2_ws/install/kiss_icp:/home/bchan400/ros2_ws/install/boat_ctrl:/opt/ros/humble /usr/bin/cmake --build /home/bchan400/ros2_ws/build/velodyne -- -j8 -l8
[0.052s] Invoked command in '/home/bchan400/ros2_ws/build/velodyne' returned '0': CMAKE_PREFIX_PATH=/home/bchan400/ros2_ws/install/velodyne_pointcloud:/home/bchan400/ros2_ws/install/velodyne_driver:/home/bchan400/ros2_ws/install/velodyne_msgs:/home/bchan400/ros2_ws/install/velodyne_laserscan:/home/bchan400/ros2_ws/install/velodyne:/home/bchan400/ros2_ws/install/mhsboat:/home/bchan400/ros2_ws/install/kiss_icp:/home/bchan400/ros2_ws/install/boat_ctrl:/opt/ros/humble /usr/bin/cmake --build /home/bchan400/ros2_ws/build/velodyne -- -j8 -l8
[0.073s] Invoking command in '/home/bchan400/ros2_ws/build/velodyne': CMAKE_PREFIX_PATH=/home/bchan400/ros2_ws/install/velodyne_pointcloud:/home/bchan400/ros2_ws/install/velodyne_driver:/home/bchan400/ros2_ws/install/velodyne_msgs:/home/bchan400/ros2_ws/install/velodyne_laserscan:/home/bchan400/ros2_ws/install/velodyne:/home/bchan400/ros2_ws/install/mhsboat:/home/bchan400/ros2_ws/install/kiss_icp:/home/bchan400/ros2_ws/install/boat_ctrl:/opt/ros/humble /usr/bin/cmake --install /home/bchan400/ros2_ws/build/velodyne
[0.080s] -- Install configuration: ""
[0.081s] -- Execute custom install script
[0.081s] -- Up-to-date symlink: /home/bchan400/ros2_ws/install/velodyne/share/velodyne/launch/velodyne-all-nodes-VLP16-composed-launch.py
[0.081s] -- Up-to-date symlink: /home/bchan400/ros2_ws/install/velodyne/share/velodyne/launch/velodyne-all-nodes-VLP16-launch.py
[0.081s] -- Up-to-date symlink: /home/bchan400/ros2_ws/install/velodyne/share/velodyne/launch/velodyne-all-nodes-VLP32C-composed-launch.py
[0.081s] -- Up-to-date symlink: /home/bchan400/ros2_ws/install/velodyne/share/velodyne/launch/velodyne-all-nodes-VLP32C-launch.py
[0.081s] -- Up-to-date symlink: /home/bchan400/ros2_ws/install/velodyne/share/velodyne/launch/velodyne-all-nodes-VLS128-composed-launch.py
[0.081s] -- Up-to-date symlink: /home/bchan400/ros2_ws/install/velodyne/share/velodyne/launch/velodyne-all-nodes-VLS128-launch.py
[0.081s] -- Up-to-date symlink: /home/bchan400/ros2_ws/install/velodyne/share/ament_index/resource_index/package_run_dependencies/velodyne
[0.081s] -- Up-to-date symlink: /home/bchan400/ros2_ws/install/velodyne/share/ament_index/resource_index/parent_prefix_path/velodyne
[0.082s] -- Up-to-date symlink: /home/bchan400/ros2_ws/install/velodyne/share/velodyne/environment/ament_prefix_path.sh
[0.082s] -- Up-to-date symlink: /home/bchan400/ros2_ws/install/velodyne/share/velodyne/environment/ament_prefix_path.dsv
[0.082s] -- Up-to-date symlink: /home/bchan400/ros2_ws/install/velodyne/share/velodyne/environment/path.sh
[0.082s] -- Up-to-date symlink: /home/bchan400/ros2_ws/install/velodyne/share/velodyne/environment/path.dsv
[0.082s] -- Up-to-date symlink: /home/bchan400/ros2_ws/install/velodyne/share/velodyne/local_setup.bash
[0.082s] -- Up-to-date symlink: /home/bchan400/ros2_ws/install/velodyne/share/velodyne/local_setup.sh
[0.082s] -- Up-to-date symlink: /home/bchan400/ros2_ws/install/velodyne/share/velodyne/local_setup.zsh
[0.082s] -- Up-to-date symlink: /home/bchan400/ros2_ws/install/velodyne/share/velodyne/local_setup.dsv
[0.082s] -- Symlinking: /home/bchan400/ros2_ws/install/velodyne/share/velodyne/package.dsv
[0.091s] -- Up-to-date symlink: /home/bchan400/ros2_ws/install/velodyne/share/ament_index/resource_index/packages/velodyne
[0.091s] -- Up-to-date symlink: /home/bchan400/ros2_ws/install/velodyne/share/velodyne/cmake/velodyneConfig.cmake
[0.091s] -- Up-to-date symlink: /home/bchan400/ros2_ws/install/velodyne/share/velodyne/cmake/velodyneConfig-version.cmake
[0.091s] -- Up-to-date symlink: /home/bchan400/ros2_ws/install/velodyne/share/velodyne/package.xml
[0.094s] Invoked command in '/home/bchan400/ros2_ws/build/velodyne' returned '0': CMAKE_PREFIX_PATH=/home/bchan400/ros2_ws/install/velodyne_pointcloud:/home/bchan400/ros2_ws/install/velodyne_driver:/home/bchan400/ros2_ws/install/velodyne_msgs:/home/bchan400/ros2_ws/install/velodyne_laserscan:/home/bchan400/ros2_ws/install/velodyne:/home/bchan400/ros2_ws/install/mhsboat:/home/bchan400/ros2_ws/install/kiss_icp:/home/bchan400/ros2_ws/install/boat_ctrl:/opt/ros/humble /usr/bin/cmake --install /home/bchan400/ros2_ws/build/velodyne
