[0.008s] Invoking command in '/home/bchan400/ros2_ws/build/velodyne_driver': AMENT_PREFIX_PATH=/home/bchan400/ros2_ws/install/velodyne_msgs:${AMENT_PREFIX_PATH} CMAKE_PREFIX_PATH=/home/bchan400/ros2_ws/install/velodyne_msgs:/home/bchan400/ros2_ws/install/mhsboat:/opt/ros/humble LD_LIBRARY_PATH=/home/bchan400/ros2_ws/install/velodyne_msgs/lib:${LD_LIBRARY_PATH} PYTHONPATH=/home/bchan400/ros2_ws/install/velodyne_msgs/local/lib/python3.10/dist-packages:${PYTHONPATH} /usr/bin/cmake /home/bchan400/ros2_ws/src/velodyne/velodyne_driver -DAMENT_CMAKE_SYMLINK_INSTALL=1 -DCMAKE_INSTALL_PREFIX=/home/bchan400/ros2_ws/install/velodyne_driver
[0.053s] -- The C compiler identification is GNU 11.4.0
[0.098s] -- The CXX compiler identification is GNU 11.4.0
[0.103s] -- Detecting C compiler ABI info
[0.155s] -- Detecting C compiler ABI info - done
[0.160s] -- Check for working C compiler: /usr/bin/cc - skipped
[0.161s] -- Detecting C compile features
[0.161s] -- Detecting C compile features - done
[0.163s] -- Detecting CXX compiler ABI info
[0.229s] -- Detecting CXX compiler ABI info - done
[0.238s] -- Check for working CXX compiler: /usr/bin/c++ - skipped
[0.239s] -- Detecting CXX compile features
[0.239s] -- Detecting CXX compile features - done
[0.242s] -- Found ament_cmake_ros: 0.10.0 (/opt/ros/humble/share/ament_cmake_ros/cmake)
[0.381s] -- Found Python3: /usr/bin/python3 (found version "3.10.12") found components: Interpreter 
[0.430s] -- Override CMake install command with custom implementation using symlinks instead of copying resources
[0.450s] -- Found diagnostic_updater: 4.0.0 (/opt/ros/humble/share/diagnostic_updater/cmake)
[0.479s] -- Found rosidl_generator_c: 3.1.5 (/opt/ros/humble/share/rosidl_generator_c/cmake)
[0.483s] -- Found rosidl_adapter: 3.1.5 (/opt/ros/humble/share/rosidl_adapter/cmake)
[0.489s] -- Found rosidl_generator_cpp: 3.1.5 (/opt/ros/humble/share/rosidl_generator_cpp/cmake)
[0.497s] -- Using all available rosidl_typesupport_c: rosidl_typesupport_fastrtps_c;rosidl_typesupport_introspection_c
[0.509s] -- Using all available rosidl_typesupport_cpp: rosidl_typesupport_fastrtps_cpp;rosidl_typesupport_introspection_cpp
[0.568s] -- Found rmw_implementation_cmake: 6.1.2 (/opt/ros/humble/share/rmw_implementation_cmake/cmake)
[0.570s] -- Found rmw_fastrtps_cpp: 6.2.7 (/opt/ros/humble/share/rmw_fastrtps_cpp/cmake)
[0.645s] -- Found OpenSSL: /usr/lib/x86_64-linux-gnu/libcrypto.so (found version "3.0.2")  
[0.679s] -- Found FastRTPS: /opt/ros/humble/include  
[0.724s] -- Using RMW implementation 'rmw_fastrtps_cpp' as default
[0.733s] -- Looking for pthread.h
[0.795s] -- Looking for pthread.h - found
[0.795s] -- Performing Test CMAKE_HAVE_LIBC_PTHREAD
[0.853s] -- Performing Test CMAKE_HAVE_LIBC_PTHREAD - Success
[0.854s] -- Found Threads: TRUE  
[0.896s] -- Found rclcpp_components: 16.0.10 (/opt/ros/humble/share/rclcpp_components/cmake)
[0.916s] -- Found tf2_ros: 0.25.8 (/opt/ros/humble/share/tf2_ros/cmake)
[0.987s] -- Found velodyne_msgs: 2.5.1 (/home/bchan400/ros2_ws/install/velodyne_msgs/share/velodyne_msgs/cmake)
[0.998s] -- Found ament_lint_auto: 0.12.11 (/opt/ros/humble/share/ament_lint_auto/cmake)
[1.059s] -- Found gtest sources under '/opt/ros/humble/src/gtest_vendor': C++ tests using 'Google Test' will be built
[1.068s] -- Added test 'copyright' to check source files copyright and LICENSE
[1.070s] -- Added test 'cppcheck' to perform static code analysis on C / C++ code
[1.070s] -- Configured cppcheck include dirs: $<BUILD_INTERFACE:/home/bchan400/ros2_ws/src/velodyne/velodyne_driver/include>
[1.070s] -- Configured cppcheck exclude dirs and/or files: 
[1.072s] -- Added test 'cpplint' to check C / C++ code against the Google style
[1.072s] -- Configured cpplint exclude dirs and/or files: 
[1.072s] -- Added test 'flake8' to check Python code syntax and style conventions
[1.073s] -- Added test 'lint_cmake' to check CMake code style
[1.074s] -- Added test 'pep257' to check Python code against some of the docstring style conventions in PEP 257
[1.075s] -- Added test 'uncrustify' to check C / C++ code style
[1.075s] -- Configured uncrustify additional arguments: 
[1.076s] -- Added test 'xmllint' to check XML markup files
[1.079s] -- Configuring done
[1.101s] -- Generating done
[1.103s] -- Build files have been written to: /home/bchan400/ros2_ws/build/velodyne_driver
[1.115s] Invoked command in '/home/bchan400/ros2_ws/build/velodyne_driver' returned '0': AMENT_PREFIX_PATH=/home/bchan400/ros2_ws/install/velodyne_msgs:${AMENT_PREFIX_PATH} CMAKE_PREFIX_PATH=/home/bchan400/ros2_ws/install/velodyne_msgs:/home/bchan400/ros2_ws/install/mhsboat:/opt/ros/humble LD_LIBRARY_PATH=/home/bchan400/ros2_ws/install/velodyne_msgs/lib:${LD_LIBRARY_PATH} PYTHONPATH=/home/bchan400/ros2_ws/install/velodyne_msgs/local/lib/python3.10/dist-packages:${PYTHONPATH} /usr/bin/cmake /home/bchan400/ros2_ws/src/velodyne/velodyne_driver -DAMENT_CMAKE_SYMLINK_INSTALL=1 -DCMAKE_INSTALL_PREFIX=/home/bchan400/ros2_ws/install/velodyne_driver
[1.118s] Invoking command in '/home/bchan400/ros2_ws/build/velodyne_driver': AMENT_PREFIX_PATH=/home/bchan400/ros2_ws/install/velodyne_msgs:${AMENT_PREFIX_PATH} CMAKE_PREFIX_PATH=/home/bchan400/ros2_ws/install/velodyne_msgs:/home/bchan400/ros2_ws/install/mhsboat:/opt/ros/humble LD_LIBRARY_PATH=/home/bchan400/ros2_ws/install/velodyne_msgs/lib:${LD_LIBRARY_PATH} PYTHONPATH=/home/bchan400/ros2_ws/install/velodyne_msgs/local/lib/python3.10/dist-packages:${PYTHONPATH} /usr/bin/cmake --build /home/bchan400/ros2_ws/build/velodyne_driver -- -j8 -l8
[1.159s] [  8%] [32mBuilding CXX object gtest/CMakeFiles/gtest_main.dir/src/gtest_main.cc.o[0m
[1.161s] [ 16%] [32mBuilding CXX object gtest/CMakeFiles/gtest.dir/src/gtest-all.cc.o[0m
[1.162s] [ 25%] [32mBuilding CXX object CMakeFiles/velodyne_input.dir/src/lib/input.cpp.o[0m
[2.018s] [ 33%] [32m[1mLinking CXX static library libgtest_main.a[0m
[2.119s] [ 33%] Built target gtest_main
[5.472s] [ 41%] [32m[1mLinking CXX static library libgtest.a[0m
[5.587s] [ 41%] Built target gtest
[5.889s] [ 50%] [32m[1mLinking CXX shared library libvelodyne_input.so[0m
[6.154s] [ 50%] Built target velodyne_input
[6.181s] [ 66%] [32mBuilding CXX object CMakeFiles/velodyne_driver.dir/src/driver/driver.cpp.o[0m
[6.182s] [ 66%] [32mBuilding CXX object CMakeFiles/time_test.dir/tests/timeconversiontest.cpp.o[0m
[11.127s] [ 75%] [32m[1mLinking CXX executable time_test[0m
[11.475s] [ 75%] Built target time_test
[17.022s] [ 83%] [32m[1mLinking CXX shared library libvelodyne_driver.so[0m
[17.527s] [ 83%] Built target velodyne_driver
[17.542s] [ 91%] [32mBuilding CXX object CMakeFiles/velodyne_driver_node.dir/src/driver/velodyne_node.cpp.o[0m
[20.124s] [100%] [32m[1mLinking CXX executable velodyne_driver_node[0m
[20.347s] [100%] Built target velodyne_driver_node
[20.360s] Invoked command in '/home/bchan400/ros2_ws/build/velodyne_driver' returned '0': AMENT_PREFIX_PATH=/home/bchan400/ros2_ws/install/velodyne_msgs:${AMENT_PREFIX_PATH} CMAKE_PREFIX_PATH=/home/bchan400/ros2_ws/install/velodyne_msgs:/home/bchan400/ros2_ws/install/mhsboat:/opt/ros/humble LD_LIBRARY_PATH=/home/bchan400/ros2_ws/install/velodyne_msgs/lib:${LD_LIBRARY_PATH} PYTHONPATH=/home/bchan400/ros2_ws/install/velodyne_msgs/local/lib/python3.10/dist-packages:${PYTHONPATH} /usr/bin/cmake --build /home/bchan400/ros2_ws/build/velodyne_driver -- -j8 -l8
[20.387s] Invoking command in '/home/bchan400/ros2_ws/build/velodyne_driver': AMENT_PREFIX_PATH=/home/bchan400/ros2_ws/install/velodyne_msgs:${AMENT_PREFIX_PATH} CMAKE_PREFIX_PATH=/home/bchan400/ros2_ws/install/velodyne_msgs:/home/bchan400/ros2_ws/install/mhsboat:/opt/ros/humble LD_LIBRARY_PATH=/home/bchan400/ros2_ws/install/velodyne_msgs/lib:${LD_LIBRARY_PATH} PYTHONPATH=/home/bchan400/ros2_ws/install/velodyne_msgs/local/lib/python3.10/dist-packages:${PYTHONPATH} /usr/bin/cmake --install /home/bchan400/ros2_ws/build/velodyne_driver
[20.394s] -- Install configuration: ""
[20.395s] -- Execute custom install script
[20.395s] -- Symlinking: /home/bchan400/ros2_ws/install/velodyne_driver/lib/velodyne_driver/velodyne_driver_node
[20.403s] -- Symlinking: /home/bchan400/ros2_ws/install/velodyne_driver/include/velodyne_driver/driver.hpp
[20.411s] -- Symlinking: /home/bchan400/ros2_ws/install/velodyne_driver/include/velodyne_driver/input.hpp
[20.418s] -- Symlinking: /home/bchan400/ros2_ws/install/velodyne_driver/include/velodyne_driver/time_conversion.hpp
[20.427s] -- Symlinking: /home/bchan400/ros2_ws/install/velodyne_driver/share/velodyne_driver/config/VLP16-velodyne_driver_node-params.yaml
[20.434s] -- Symlinking: /home/bchan400/ros2_ws/install/velodyne_driver/share/velodyne_driver/config/VLP32C-velodyne_driver_node-params.yaml
[20.441s] -- Symlinking: /home/bchan400/ros2_ws/install/velodyne_driver/share/velodyne_driver/config/VLS128-velodyne_driver_node-params.yaml
[20.448s] -- Symlinking: /home/bchan400/ros2_ws/install/velodyne_driver/share/velodyne_driver/launch/velodyne_driver_node-VLP16-composed-launch.py
[20.456s] -- Symlinking: /home/bchan400/ros2_ws/install/velodyne_driver/share/velodyne_driver/launch/velodyne_driver_node-VLP16-launch.py
[20.463s] -- Symlinking: /home/bchan400/ros2_ws/install/velodyne_driver/share/velodyne_driver/launch/velodyne_driver_node-VLP32C-composed-launch.py
[20.470s] -- Symlinking: /home/bchan400/ros2_ws/install/velodyne_driver/share/velodyne_driver/launch/velodyne_driver_node-VLP32C-launch.py
[20.477s] -- Symlinking: /home/bchan400/ros2_ws/install/velodyne_driver/share/velodyne_driver/launch/velodyne_driver_node-VLS128-composed-launch.py
[20.483s] -- Symlinking: /home/bchan400/ros2_ws/install/velodyne_driver/share/velodyne_driver/launch/velodyne_driver_node-VLS128-launch.py
[20.490s] -- Symlinking: /home/bchan400/ros2_ws/install/velodyne_driver/lib/velodyne_driver/vdump
[20.497s] -- Symlinking: /home/bchan400/ros2_ws/install/velodyne_driver/share/ament_index/resource_index/package_run_dependencies/velodyne_driver
[20.504s] -- Symlinking: /home/bchan400/ros2_ws/install/velodyne_driver/share/ament_index/resource_index/parent_prefix_path/velodyne_driver
[20.510s] -- Symlinking: /home/bchan400/ros2_ws/install/velodyne_driver/share/velodyne_driver/environment/ament_prefix_path.sh
[20.516s] -- Symlinking: /home/bchan400/ros2_ws/install/velodyne_driver/share/velodyne_driver/environment/ament_prefix_path.dsv
[20.523s] -- Symlinking: /home/bchan400/ros2_ws/install/velodyne_driver/share/velodyne_driver/environment/path.sh
[20.529s] -- Symlinking: /home/bchan400/ros2_ws/install/velodyne_driver/share/velodyne_driver/environment/path.dsv
[20.536s] -- Symlinking: /home/bchan400/ros2_ws/install/velodyne_driver/share/velodyne_driver/local_setup.bash
[20.543s] -- Symlinking: /home/bchan400/ros2_ws/install/velodyne_driver/share/velodyne_driver/local_setup.sh
[20.550s] -- Symlinking: /home/bchan400/ros2_ws/install/velodyne_driver/share/velodyne_driver/local_setup.zsh
[20.556s] -- Symlinking: /home/bchan400/ros2_ws/install/velodyne_driver/share/velodyne_driver/local_setup.dsv
[20.562s] -- Symlinking: /home/bchan400/ros2_ws/install/velodyne_driver/share/velodyne_driver/package.dsv
[20.569s] -- Symlinking: /home/bchan400/ros2_ws/install/velodyne_driver/share/ament_index/resource_index/packages/velodyne_driver
[20.575s] -- Symlinking: /home/bchan400/ros2_ws/install/velodyne_driver/share/ament_index/resource_index/rclcpp_components/velodyne_driver
[20.582s] -- Symlinking: /home/bchan400/ros2_ws/install/velodyne_driver/share/velodyne_driver/cmake/ament_cmake_export_include_directories-extras.cmake
[20.589s] -- Symlinking: /home/bchan400/ros2_ws/install/velodyne_driver/share/velodyne_driver/cmake/ament_cmake_export_targets-extras.cmake
[20.595s] -- Symlinking: /home/bchan400/ros2_ws/install/velodyne_driver/share/velodyne_driver/cmake/ament_cmake_export_dependencies-extras.cmake
[20.602s] -- Symlinking: /home/bchan400/ros2_ws/install/velodyne_driver/share/velodyne_driver/cmake/velodyne_driverConfig.cmake
[20.608s] -- Symlinking: /home/bchan400/ros2_ws/install/velodyne_driver/share/velodyne_driver/cmake/velodyne_driverConfig-version.cmake
[20.615s] -- Symlinking: /home/bchan400/ros2_ws/install/velodyne_driver/share/velodyne_driver/package.xml
[20.621s] -- Installing: /home/bchan400/ros2_ws/install/velodyne_driver/lib/libvelodyne_input.so
[20.621s] -- Set runtime path of "/home/bchan400/ros2_ws/install/velodyne_driver/lib/libvelodyne_input.so" to ""
[20.621s] -- Installing: /home/bchan400/ros2_ws/install/velodyne_driver/lib/libvelodyne_driver.so
[20.626s] -- Set runtime path of "/home/bchan400/ros2_ws/install/velodyne_driver/lib/libvelodyne_driver.so" to ""
[20.626s] -- Installing: /home/bchan400/ros2_ws/install/velodyne_driver/share/velodyne_driver/cmake/velodyne_driverExport.cmake
[20.626s] -- Installing: /home/bchan400/ros2_ws/install/velodyne_driver/share/velodyne_driver/cmake/velodyne_driverExport-noconfig.cmake
[20.628s] Invoked command in '/home/bchan400/ros2_ws/build/velodyne_driver' returned '0': AMENT_PREFIX_PATH=/home/bchan400/ros2_ws/install/velodyne_msgs:${AMENT_PREFIX_PATH} CMAKE_PREFIX_PATH=/home/bchan400/ros2_ws/install/velodyne_msgs:/home/bchan400/ros2_ws/install/mhsboat:/opt/ros/humble LD_LIBRARY_PATH=/home/bchan400/ros2_ws/install/velodyne_msgs/lib:${LD_LIBRARY_PATH} PYTHONPATH=/home/bchan400/ros2_ws/install/velodyne_msgs/local/lib/python3.10/dist-packages:${PYTHONPATH} /usr/bin/cmake --install /home/bchan400/ros2_ws/build/velodyne_driver
