-- Turning basic logging ON
-- Found ament_cmake: 1.3.10 (/opt/ros/humble/share/ament_cmake/cmake)
-- Override CMake install command with custom implementation using symlinks instead of copying resources
-- Found geometry_msgs: 4.2.4 (/opt/ros/humble/share/geometry_msgs/cmake)
-- Found rosidl_generator_c: 3.1.5 (/opt/ros/humble/share/rosidl_generator_c/cmake)
-- Found rosidl_adapter: 3.1.5 (/opt/ros/humble/share/rosidl_adapter/cmake)
-- Found rosidl_generator_cpp: 3.1.5 (/opt/ros/humble/share/rosidl_generator_cpp/cmake)
-- Using all available rosidl_typesupport_c: rosidl_typesupport_fastrtps_c;rosidl_typesupport_introspection_c
-- Using all available rosidl_typesupport_cpp: rosidl_typesupport_fastrtps_cpp;rosidl_typesupport_introspection_cpp
-- Found nav_msgs: 4.2.4 (/opt/ros/humble/share/nav_msgs/cmake)
-- Found rclcpp: 16.0.10 (/opt/ros/humble/share/rclcpp/cmake)
-- Found rmw_implementation_cmake: 6.1.2 (/opt/ros/humble/share/rmw_implementation_cmake/cmake)
-- Found rmw_fastrtps_cpp: 6.2.7 (/opt/ros/humble/share/rmw_fastrtps_cpp/cmake)
-- Using RMW implementation 'rmw_fastrtps_cpp' as default
-- Found rclcpp_components: 16.0.10 (/opt/ros/humble/share/rclcpp_components/cmake)
-- Found sensor_msgs: 4.2.4 (/opt/ros/humble/share/sensor_msgs/cmake)
-- Found tf2_ros: 0.25.8 (/opt/ros/humble/share/tf2_ros/cmake)
-- Configuring done
-- Generating done
-- Build files have been written to: /home/bchan400/ros2_ws/build/kiss_icp
[35m[1mConsolidate compiler generated dependencies of target kiss_icp_metrics[0m
[35m[1mConsolidate compiler generated dependencies of target kiss_icp_node[0m
[35m[1mConsolidate compiler generated dependencies of target kiss_icp_core[0m
[ 13%] Built target kiss_icp_metrics
[ 20%] [32m[1mLinking CXX executable kiss_icp_node[0m
[ 66%] Built target kiss_icp_core
[35m[1mConsolidate compiler generated dependencies of target kiss_icp_pipeline[0m
[ 80%] Built target kiss_icp_pipeline
[35m[1mConsolidate compiler generated dependencies of target odometry_component[0m
[ 86%] [32m[1mLinking CXX shared library libodometry_component.so[0m
[ 93%] Built target kiss_icp_node
[100%] Built target odometry_component
-- Install configuration: "Release"
-- Execute custom install script
-- Symlinking: /home/bchan400/ros2_ws/install/kiss_icp/lib/kiss_icp/kiss_icp_node
-- Symlinking: /home/bchan400/ros2_ws/install/kiss_icp/lib/libodometry_component.so
-- Symlinking: /home/bchan400/ros2_ws/install/kiss_icp/share/kiss_icp//launch/odometry.launch.py
-- Symlinking: /home/bchan400/ros2_ws/install/kiss_icp/share/kiss_icp//rviz/kiss_icp.rviz
-- Symlinking: /home/bchan400/ros2_ws/install/kiss_icp/share/ament_index/resource_index/package_run_dependencies/kiss_icp
-- Symlinking: /home/bchan400/ros2_ws/install/kiss_icp/share/ament_index/resource_index/parent_prefix_path/kiss_icp
-- Symlinking: /home/bchan400/ros2_ws/install/kiss_icp/share/kiss_icp/environment/ament_prefix_path.sh
-- Symlinking: /home/bchan400/ros2_ws/install/kiss_icp/share/kiss_icp/environment/ament_prefix_path.dsv
-- Symlinking: /home/bchan400/ros2_ws/install/kiss_icp/share/kiss_icp/environment/path.sh
-- Symlinking: /home/bchan400/ros2_ws/install/kiss_icp/share/kiss_icp/environment/path.dsv
-- Symlinking: /home/bchan400/ros2_ws/install/kiss_icp/share/kiss_icp/local_setup.bash
-- Symlinking: /home/bchan400/ros2_ws/install/kiss_icp/share/kiss_icp/local_setup.sh
-- Symlinking: /home/bchan400/ros2_ws/install/kiss_icp/share/kiss_icp/local_setup.zsh
-- Symlinking: /home/bchan400/ros2_ws/install/kiss_icp/share/kiss_icp/local_setup.dsv
-- Symlinking: /home/bchan400/ros2_ws/install/kiss_icp/share/kiss_icp/package.dsv
-- Symlinking: /home/bchan400/ros2_ws/install/kiss_icp/share/ament_index/resource_index/packages/kiss_icp
-- Symlinking: /home/bchan400/ros2_ws/install/kiss_icp/share/ament_index/resource_index/rclcpp_components/kiss_icp
-- Symlinking: /home/bchan400/ros2_ws/install/kiss_icp/share/kiss_icp/cmake/kiss_icpConfig.cmake
-- Symlinking: /home/bchan400/ros2_ws/install/kiss_icp/share/kiss_icp/cmake/kiss_icpConfig-version.cmake
-- Symlinking: /home/bchan400/ros2_ws/install/kiss_icp/share/kiss_icp/package.xml
