[0.239s] Invoking command in '/home/bchan400/ros2_ws/build/kiss_icp': CMAKE_PREFIX_PATH=/opt/ros/humble /usr/bin/cmake /home/bchan400/ros2_ws/src/kiss-icp/ros -DAMENT_CMAKE_SYMLINK_INSTALL=1 -DCMAKE_INSTALL_PREFIX=/home/bchan400/ros2_ws/install/kiss_icp
[0.368s] -- Turning basic logging ON
[0.458s] -- Found ament_cmake: 1.3.10 (/opt/ros/humble/share/ament_cmake/cmake)
[0.579s] -- Override CMake install command with custom implementation using symlinks instead of copying resources
[0.611s] -- Found geometry_msgs: 4.2.4 (/opt/ros/humble/share/geometry_msgs/cmake)
[0.652s] -- Found rosidl_generator_c: 3.1.5 (/opt/ros/humble/share/rosidl_generator_c/cmake)
[0.670s] -- Found rosidl_adapter: 3.1.5 (/opt/ros/humble/share/rosidl_adapter/cmake)
[0.684s] -- Found rosidl_generator_cpp: 3.1.5 (/opt/ros/humble/share/rosidl_generator_cpp/cmake)
[0.701s] -- Using all available rosidl_typesupport_c: rosidl_typesupport_fastrtps_c;rosidl_typesupport_introspection_c
[0.721s] -- Using all available rosidl_typesupport_cpp: rosidl_typesupport_fastrtps_cpp;rosidl_typesupport_introspection_cpp
[0.788s] -- Found nav_msgs: 4.2.4 (/opt/ros/humble/share/nav_msgs/cmake)
[0.818s] -- Found rclcpp: 16.0.10 (/opt/ros/humble/share/rclcpp/cmake)
[0.857s] -- Found rmw_implementation_cmake: 6.1.2 (/opt/ros/humble/share/rmw_implementation_cmake/cmake)
[0.859s] -- Found rmw_fastrtps_cpp: 6.2.7 (/opt/ros/humble/share/rmw_fastrtps_cpp/cmake)
[0.981s] -- Using RMW implementation 'rmw_fastrtps_cpp' as default
[1.050s] -- Found rclcpp_components: 16.0.10 (/opt/ros/humble/share/rclcpp_components/cmake)
[1.089s] -- Found sensor_msgs: 4.2.4 (/opt/ros/humble/share/sensor_msgs/cmake)
[1.116s] -- Found tf2_ros: 0.25.8 (/opt/ros/humble/share/tf2_ros/cmake)
[1.266s] -- Configuring done
[1.287s] -- Generating done
[1.290s] -- Build files have been written to: /home/bchan400/ros2_ws/build/kiss_icp
[1.303s] Invoked command in '/home/bchan400/ros2_ws/build/kiss_icp' returned '0': CMAKE_PREFIX_PATH=/opt/ros/humble /usr/bin/cmake /home/bchan400/ros2_ws/src/kiss-icp/ros -DAMENT_CMAKE_SYMLINK_INSTALL=1 -DCMAKE_INSTALL_PREFIX=/home/bchan400/ros2_ws/install/kiss_icp
[1.304s] Invoking command in '/home/bchan400/ros2_ws/build/kiss_icp': CMAKE_PREFIX_PATH=/opt/ros/humble /usr/bin/cmake --build /home/bchan400/ros2_ws/build/kiss_icp -- -j8 -l8
[1.346s] [35m[1mConsolidate compiler generated dependencies of target kiss_icp_metrics[0m
[1.346s] [35m[1mConsolidate compiler generated dependencies of target kiss_icp_node[0m
[1.347s] [35m[1mConsolidate compiler generated dependencies of target kiss_icp_core[0m
[1.358s] [ 13%] Built target kiss_icp_metrics
[1.362s] [ 20%] [32m[1mLinking CXX executable kiss_icp_node[0m
[1.369s] [ 66%] Built target kiss_icp_core
[1.382s] [35m[1mConsolidate compiler generated dependencies of target kiss_icp_pipeline[0m
[1.395s] [ 80%] Built target kiss_icp_pipeline
[1.406s] [35m[1mConsolidate compiler generated dependencies of target odometry_component[0m
[1.429s] [ 86%] [32m[1mLinking CXX shared library libodometry_component.so[0m
[1.515s] [ 93%] Built target kiss_icp_node
[1.693s] [100%] Built target odometry_component
[1.704s] Invoked command in '/home/bchan400/ros2_ws/build/kiss_icp' returned '0': CMAKE_PREFIX_PATH=/opt/ros/humble /usr/bin/cmake --build /home/bchan400/ros2_ws/build/kiss_icp -- -j8 -l8
[1.732s] Invoking command in '/home/bchan400/ros2_ws/build/kiss_icp': CMAKE_PREFIX_PATH=/opt/ros/humble /usr/bin/cmake --install /home/bchan400/ros2_ws/build/kiss_icp
[1.738s] -- Install configuration: "Release"
[1.739s] -- Execute custom install script
[1.739s] -- Symlinking: /home/bchan400/ros2_ws/install/kiss_icp/lib/kiss_icp/kiss_icp_node
[1.748s] -- Symlinking: /home/bchan400/ros2_ws/install/kiss_icp/lib/libodometry_component.so
[1.757s] -- Symlinking: /home/bchan400/ros2_ws/install/kiss_icp/share/kiss_icp//launch/odometry.launch.py
[1.765s] -- Symlinking: /home/bchan400/ros2_ws/install/kiss_icp/share/kiss_icp//rviz/kiss_icp.rviz
[1.776s] -- Symlinking: /home/bchan400/ros2_ws/install/kiss_icp/share/ament_index/resource_index/package_run_dependencies/kiss_icp
[1.789s] -- Symlinking: /home/bchan400/ros2_ws/install/kiss_icp/share/ament_index/resource_index/parent_prefix_path/kiss_icp
[1.800s] -- Symlinking: /home/bchan400/ros2_ws/install/kiss_icp/share/kiss_icp/environment/ament_prefix_path.sh
[1.811s] -- Symlinking: /home/bchan400/ros2_ws/install/kiss_icp/share/kiss_icp/environment/ament_prefix_path.dsv
[1.819s] -- Symlinking: /home/bchan400/ros2_ws/install/kiss_icp/share/kiss_icp/environment/path.sh
[1.828s] -- Symlinking: /home/bchan400/ros2_ws/install/kiss_icp/share/kiss_icp/environment/path.dsv
[1.835s] -- Symlinking: /home/bchan400/ros2_ws/install/kiss_icp/share/kiss_icp/local_setup.bash
[1.846s] -- Symlinking: /home/bchan400/ros2_ws/install/kiss_icp/share/kiss_icp/local_setup.sh
[1.855s] -- Symlinking: /home/bchan400/ros2_ws/install/kiss_icp/share/kiss_icp/local_setup.zsh
[1.864s] -- Symlinking: /home/bchan400/ros2_ws/install/kiss_icp/share/kiss_icp/local_setup.dsv
[1.873s] -- Symlinking: /home/bchan400/ros2_ws/install/kiss_icp/share/kiss_icp/package.dsv
[1.882s] -- Symlinking: /home/bchan400/ros2_ws/install/kiss_icp/share/ament_index/resource_index/packages/kiss_icp
[1.890s] -- Symlinking: /home/bchan400/ros2_ws/install/kiss_icp/share/ament_index/resource_index/rclcpp_components/kiss_icp
[1.898s] -- Symlinking: /home/bchan400/ros2_ws/install/kiss_icp/share/kiss_icp/cmake/kiss_icpConfig.cmake
[1.906s] -- Symlinking: /home/bchan400/ros2_ws/install/kiss_icp/share/kiss_icp/cmake/kiss_icpConfig-version.cmake
[1.915s] -- Symlinking: /home/bchan400/ros2_ws/install/kiss_icp/share/kiss_icp/package.xml
[1.926s] Invoked command in '/home/bchan400/ros2_ws/build/kiss_icp' returned '0': CMAKE_PREFIX_PATH=/opt/ros/humble /usr/bin/cmake --install /home/bchan400/ros2_ws/build/kiss_icp
