[0.243s] Invoking command in '/home/bchan400/ros2_ws/build/mhsboat': CMAKE_PREFIX_PATH=${CMAKE_PREFIX_PATH}:/home/bchan400/ros2_ws/install/boat_ctrl:/opt/ros/humble /usr/bin/cmake --build /home/bchan400/ros2_ws/build/mhsboat -- -j8 -l8
[0.311s] Built target ament_cmake_python_symlink_mhsboat
[0.547s] running egg_info
[0.548s] writing mhsboat.egg-info/PKG-INFO
[0.548s] writing dependency_links to mhsboat.egg-info/dependency_links.txt
[0.548s] writing top-level names to mhsboat.egg-info/top_level.txt
[0.550s] reading manifest file 'mhsboat.egg-info/SOURCES.txt'
[0.551s] writing manifest file 'mhsboat.egg-info/SOURCES.txt'
[0.589s] Built target ament_cmake_python_build_mhsboat_egg
[0.611s] Invoked command in '/home/bchan400/ros2_ws/build/mhsboat' returned '0': CMAKE_PREFIX_PATH=${CMAKE_PREFIX_PATH}:/home/bchan400/ros2_ws/install/boat_ctrl:/opt/ros/humble /usr/bin/cmake --build /home/bchan400/ros2_ws/build/mhsboat -- -j8 -l8
[0.634s] Invoking command in '/home/bchan400/ros2_ws/build/mhsboat': CMAKE_PREFIX_PATH=${CMAKE_PREFIX_PATH}:/home/bchan400/ros2_ws/install/boat_ctrl:/opt/ros/humble /usr/bin/cmake --install /home/bchan400/ros2_ws/build/mhsboat
[0.641s] -- Install configuration: ""
[0.642s] -- Execute custom install script
[0.642s] -- Up-to-date symlink: /home/bchan400/ros2_ws/install/mhsboat/lib/mhsboat/placeholder.py
[0.642s] -- Up-to-date symlink: /home/bchan400/ros2_ws/install/mhsboat/share/mhsboat/config/ekf.yaml
[0.642s] -- Up-to-date symlink: /home/bchan400/ros2_ws/install/mhsboat/share/mhsboat/config/view_boat.rviz
[0.643s] -- Up-to-date symlink: /home/bchan400/ros2_ws/install/mhsboat/share/mhsboat/launch/run_boat.py
[0.643s] -- Up-to-date symlink: /home/bchan400/ros2_ws/install/mhsboat/share/mhsboat/launch/view_gazebo.launch.py
[0.643s] -- Up-to-date symlink: /home/bchan400/ros2_ws/install/mhsboat/share/mhsboat/launch/view_urdf.launch.py
[0.643s] -- Up-to-date symlink: /home/bchan400/ros2_ws/install/mhsboat/share/mhsboat/urdf/VLP-16.urdf.xacro
[0.643s] -- Up-to-date symlink: /home/bchan400/ros2_ws/install/mhsboat/share/mhsboat/urdf/tuppy.urdf
[0.643s] -- Up-to-date symlink: /home/bchan400/ros2_ws/install/mhsboat/share/mhsboat/environment/pythonpath.sh
[0.643s] -- Up-to-date symlink: /home/bchan400/ros2_ws/install/mhsboat/share/mhsboat/environment/pythonpath.dsv
[0.644s] -- Up-to-date symlink: /home/bchan400/ros2_ws/install/mhsboat/local/lib/python3.10/dist-packages/mhsboat-0.0.0-py3.10.egg-info/PKG-INFO
[0.644s] -- Up-to-date symlink: /home/bchan400/ros2_ws/install/mhsboat/local/lib/python3.10/dist-packages/mhsboat-0.0.0-py3.10.egg-info/SOURCES.txt
[0.644s] -- Up-to-date symlink: /home/bchan400/ros2_ws/install/mhsboat/local/lib/python3.10/dist-packages/mhsboat-0.0.0-py3.10.egg-info/dependency_links.txt
[0.644s] -- Up-to-date symlink: /home/bchan400/ros2_ws/install/mhsboat/local/lib/python3.10/dist-packages/mhsboat-0.0.0-py3.10.egg-info/top_level.txt
[0.645s] -- Up-to-date symlink: /home/bchan400/ros2_ws/install/mhsboat/local/lib/python3.10/dist-packages/mhsboat/__init__.py
[0.645s] -- Up-to-date symlink: /home/bchan400/ros2_ws/install/mhsboat/share/ament_index/resource_index/package_run_dependencies/mhsboat
[0.645s] -- Up-to-date symlink: /home/bchan400/ros2_ws/install/mhsboat/share/ament_index/resource_index/parent_prefix_path/mhsboat
[0.645s] -- Up-to-date symlink: /home/bchan400/ros2_ws/install/mhsboat/share/mhsboat/environment/ament_prefix_path.sh
[0.645s] -- Up-to-date symlink: /home/bchan400/ros2_ws/install/mhsboat/share/mhsboat/environment/ament_prefix_path.dsv
[0.645s] -- Up-to-date symlink: /home/bchan400/ros2_ws/install/mhsboat/share/mhsboat/environment/path.sh
[0.645s] -- Up-to-date symlink: /home/bchan400/ros2_ws/install/mhsboat/share/mhsboat/environment/path.dsv
[0.645s] -- Up-to-date symlink: /home/bchan400/ros2_ws/install/mhsboat/share/mhsboat/local_setup.bash
[0.645s] -- Up-to-date symlink: /home/bchan400/ros2_ws/install/mhsboat/share/mhsboat/local_setup.sh
[0.645s] -- Up-to-date symlink: /home/bchan400/ros2_ws/install/mhsboat/share/mhsboat/local_setup.zsh
[0.646s] -- Up-to-date symlink: /home/bchan400/ros2_ws/install/mhsboat/share/mhsboat/local_setup.dsv
[0.646s] -- Symlinking: /home/bchan400/ros2_ws/install/mhsboat/share/mhsboat/package.dsv
[0.660s] -- Up-to-date symlink: /home/bchan400/ros2_ws/install/mhsboat/share/ament_index/resource_index/packages/mhsboat
[0.660s] -- Up-to-date symlink: /home/bchan400/ros2_ws/install/mhsboat/share/mhsboat/cmake/mhsboatConfig.cmake
[0.660s] -- Up-to-date symlink: /home/bchan400/ros2_ws/install/mhsboat/share/mhsboat/cmake/mhsboatConfig-version.cmake
[0.660s] -- Up-to-date symlink: /home/bchan400/ros2_ws/install/mhsboat/share/mhsboat/package.xml
[0.709s] Listing '/home/bchan400/ros2_ws/install/mhsboat/local/lib/python3.10/dist-packages/mhsboat'...
[0.722s] Invoked command in '/home/bchan400/ros2_ws/build/mhsboat' returned '0': CMAKE_PREFIX_PATH=${CMAKE_PREFIX_PATH}:/home/bchan400/ros2_ws/install/boat_ctrl:/opt/ros/humble /usr/bin/cmake --install /home/bchan400/ros2_ws/build/mhsboat
